CRITICAL - 2021-05-14 21:24:33 --> Undefined variable: username
#0 /Applications/MAMP/htdocs/web-blog/app/Views/templates/topbar.php(42): CodeIgniter\Debug\Exceptions->errorHandler(8, 'Undefined varia...', '/Applications/M...', 42, Array)
#1 /Applications/MAMP/htdocs/web-blog/system/View/View.php(220): include('/Applications/M...')
#2 /Applications/MAMP/htdocs/web-blog/system/View/View.php(222): CodeIgniter\View\View->CodeIgniter\View\{closure}()
#3 /Applications/MAMP/htdocs/web-blog/system/View/View.php(468): CodeIgniter\View\View->render('templates/topba...', NULL, true)
#4 /Applications/MAMP/htdocs/web-blog/app/Views/templates/index.php(39): CodeIgniter\View\View->include('templates/topba...')
#5 /Applications/MAMP/htdocs/web-blog/system/View/View.php(220): include('/Applications/M...')
#6 /Applications/MAMP/htdocs/web-blog/system/View/View.php(222): CodeIgniter\View\View->CodeIgniter\View\{closure}()
#7 /Applications/MAMP/htdocs/web-blog/system/View/View.php(236): CodeIgniter\View\View->render('templates/index', Array, true)
#8 /Applications/MAMP/htdocs/web-blog/system/Common.php(1217): CodeIgniter\View\View->render('admin/dashboard...', Array, true)
#9 /Applications/MAMP/htdocs/web-blog/app/Controllers/Admin.php(11): view('admin/dashboard...', Array)
#10 /Applications/MAMP/htdocs/web-blog/system/CodeIgniter.php(936): App\Controllers\Admin->index()
#11 /Applications/MAMP/htdocs/web-blog/system/CodeIgniter.php(432): CodeIgniter\CodeIgniter->runController(Object(App\Controllers\Admin))
#12 /Applications/MAMP/htdocs/web-blog/system/CodeIgniter.php(333): CodeIgniter\CodeIgniter->handleRequest(NULL, Object(Config\Cache), false)
#13 /Applications/MAMP/htdocs/web-blog/public/index.php(44): CodeIgniter\CodeIgniter->run()
#14 /Applications/MAMP/htdocs/web-blog/system/Commands/Server/rewrite.php(45): require_once('/Applications/M...')
#15 {main}
CRITICAL - 2021-05-14 21:24:51 --> Call to undefined function admin()
#0 /Applications/MAMP/htdocs/web-blog/system/View/View.php(220): include()
#1 /Applications/MAMP/htdocs/web-blog/system/View/View.php(222): CodeIgniter\View\View->CodeIgniter\View\{closure}()
#2 /Applications/MAMP/htdocs/web-blog/system/View/View.php(468): CodeIgniter\View\View->render('templates/topba...', NULL, true)
#3 /Applications/MAMP/htdocs/web-blog/app/Views/templates/index.php(39): CodeIgniter\View\View->include('templates/topba...')
#4 /Applications/MAMP/htdocs/web-blog/system/View/View.php(220): include('/Applications/M...')
#5 /Applications/MAMP/htdocs/web-blog/system/View/View.php(222): CodeIgniter\View\View->CodeIgniter\View\{closure}()
#6 /Applications/MAMP/htdocs/web-blog/system/View/View.php(236): CodeIgniter\View\View->render('templates/index', Array, true)
#7 /Applications/MAMP/htdocs/web-blog/system/Common.php(1217): CodeIgniter\View\View->render('admin/dashboard...', Array, true)
#8 /Applications/MAMP/htdocs/web-blog/app/Controllers/Admin.php(11): view('admin/dashboard...', Array)
#9 /Applications/MAMP/htdocs/web-blog/system/CodeIgniter.php(936): App\Controllers\Admin->index()
#10 /Applications/MAMP/htdocs/web-blog/system/CodeIgniter.php(432): CodeIgniter\CodeIgniter->runController(Object(App\Controllers\Admin))
#11 /Applications/MAMP/htdocs/web-blog/system/CodeIgniter.php(333): CodeIgniter\CodeIgniter->handleRequest(NULL, Object(Config\Cache), false)
#12 /Applications/MAMP/htdocs/web-blog/public/index.php(44): CodeIgniter\CodeIgniter->run()
#13 /Applications/MAMP/htdocs/web-blog/system/Commands/Server/rewrite.php(45): require_once('/Applications/M...')
#14 {main}
