CRITICAL - 2021-05-24 16:02:00 --> syntax error, unexpected ','
#0 /Applications/MAMP/htdocs/web-blog/system/Autoloader/Autoloader.php(265): CodeIgniter\Autoloader\Autoloader->includeFile('/Applications/M...')
#1 /Applications/MAMP/htdocs/web-blog/system/Autoloader/Autoloader.php(228): CodeIgniter\Autoloader\Autoloader->loadInNamespace('App\\Controllers...')
#2 [internal function]: CodeIgniter\Autoloader\Autoloader->loadClass('App\\Controllers...')
#3 [internal function]: spl_autoload_call('App\\Controllers...')
#4 /Applications/MAMP/htdocs/web-blog/system/CodeIgniter.php(893): class_exists('\\App\\Controller...', true)
#5 /Applications/MAMP/htdocs/web-blog/system/CodeIgniter.php(417): CodeIgniter\CodeIgniter->startController()
#6 /Applications/MAMP/htdocs/web-blog/system/CodeIgniter.php(333): CodeIgniter\CodeIgniter->handleRequest(NULL, Object(Config\Cache), false)
#7 /Applications/MAMP/htdocs/web-blog/public/index.php(44): CodeIgniter\CodeIgniter->run()
#8 /Applications/MAMP/htdocs/web-blog/system/Commands/Server/rewrite.php(45): require_once('/Applications/M...')
#9 {main}
CRITICAL - 2021-05-24 16:02:04 --> syntax error, unexpected ','
#0 /Applications/MAMP/htdocs/web-blog/system/Autoloader/Autoloader.php(265): CodeIgniter\Autoloader\Autoloader->includeFile('/Applications/M...')
#1 /Applications/MAMP/htdocs/web-blog/system/Autoloader/Autoloader.php(228): CodeIgniter\Autoloader\Autoloader->loadInNamespace('App\\Controllers...')
#2 [internal function]: CodeIgniter\Autoloader\Autoloader->loadClass('App\\Controllers...')
#3 [internal function]: spl_autoload_call('App\\Controllers...')
#4 /Applications/MAMP/htdocs/web-blog/system/CodeIgniter.php(893): class_exists('\\App\\Controller...', true)
#5 /Applications/MAMP/htdocs/web-blog/system/CodeIgniter.php(417): CodeIgniter\CodeIgniter->startController()
#6 /Applications/MAMP/htdocs/web-blog/system/CodeIgniter.php(333): CodeIgniter\CodeIgniter->handleRequest(NULL, Object(Config\Cache), false)
#7 /Applications/MAMP/htdocs/web-blog/public/index.php(44): CodeIgniter\CodeIgniter->run()
#8 /Applications/MAMP/htdocs/web-blog/system/Commands/Server/rewrite.php(45): require_once('/Applications/M...')
#9 {main}
ERROR - 2021-05-24 16:04:34 --> mysqli_sql_exception: You have an error in your SQL syntax; check the manual that corresponds to your MySQL server version for the right syntax to use near 'allimin NW Anjani</p>', 
                                                image =' at line 3 in /Applications/MAMP/htdocs/web-blog/system/Database/MySQLi/Connection.php:314
Stack trace:
#0 /Applications/MAMP/htdocs/web-blog/system/Database/MySQLi/Connection.php(314): mysqli->query('UPDATE portofol...')
#1 /Applications/MAMP/htdocs/web-blog/system/Database/BaseConnection.php(713): CodeIgniter\Database\MySQLi\Connection->execute('UPDATE portofol...')
#2 /Applications/MAMP/htdocs/web-blog/system/Database/BaseConnection.php(641): CodeIgniter\Database\BaseConnection->simpleQuery('UPDATE portofol...')
#3 /Applications/MAMP/htdocs/web-blog/app/Controllers/Portofolio.php(242): CodeIgniter\Database\BaseConnection->query('UPDATE portofol...')
#4 /Applications/MAMP/htdocs/web-blog/system/CodeIgniter.php(936): App\Controllers\Portofolio->update('5')
#5 /Applications/MAMP/htdocs/web-blog/system/CodeIgniter.php(432): CodeIgniter\CodeIgniter->runController(Object(App\Controllers\Portofolio))
#6 /Applications/MAMP/htdocs/web-blog/system/CodeIgniter.php(333): CodeIgniter\CodeIgniter->handleRequest(NULL, Object(Config\Cache), false)
#7 /Applications/MAMP/htdocs/web-blog/public/index.php(44): CodeIgniter\CodeIgniter->run()
#8 /Applications/MAMP/htdocs/web-blog/system/Commands/Server/rewrite.php(45): require_once('/Applications/M...')
#9 {main}
CRITICAL - 2021-05-24 16:04:34 --> You have an error in your SQL syntax; check the manual that corresponds to your MySQL server version for the right syntax to use near 'allimin NW Anjani</p>', 
                                                image =' at line 3
#0 /Applications/MAMP/htdocs/web-blog/system/Database/MySQLi/Connection.php(314): mysqli->query('UPDATE portofol...')
#1 /Applications/MAMP/htdocs/web-blog/system/Database/BaseConnection.php(713): CodeIgniter\Database\MySQLi\Connection->execute('UPDATE portofol...')
#2 /Applications/MAMP/htdocs/web-blog/system/Database/BaseConnection.php(641): CodeIgniter\Database\BaseConnection->simpleQuery('UPDATE portofol...')
#3 /Applications/MAMP/htdocs/web-blog/app/Controllers/Portofolio.php(242): CodeIgniter\Database\BaseConnection->query('UPDATE portofol...')
#4 /Applications/MAMP/htdocs/web-blog/system/CodeIgniter.php(936): App\Controllers\Portofolio->update('5')
#5 /Applications/MAMP/htdocs/web-blog/system/CodeIgniter.php(432): CodeIgniter\CodeIgniter->runController(Object(App\Controllers\Portofolio))
#6 /Applications/MAMP/htdocs/web-blog/system/CodeIgniter.php(333): CodeIgniter\CodeIgniter->handleRequest(NULL, Object(Config\Cache), false)
#7 /Applications/MAMP/htdocs/web-blog/public/index.php(44): CodeIgniter\CodeIgniter->run()
#8 /Applications/MAMP/htdocs/web-blog/system/Commands/Server/rewrite.php(45): require_once('/Applications/M...')
#9 {main}
