CRITICAL - 2021-05-21 06:24:04 --> Trying to access array offset on value of type null
#0 /Applications/MAMP/htdocs/web-blog/app/Views/admin/editprofil.php(9): CodeIgniter\Debug\Exceptions->errorHandler(8, 'Trying to acces...', '/Applications/M...', 9, Array)
#1 /Applications/MAMP/htdocs/web-blog/system/View/View.php(220): include('/Applications/M...')
#2 /Applications/MAMP/htdocs/web-blog/system/View/View.php(222): CodeIgniter\View\View->CodeIgniter\View\{closure}()
#3 /Applications/MAMP/htdocs/web-blog/system/Common.php(1217): CodeIgniter\View\View->render('admin/editprofi...', Array, true)
#4 /Applications/MAMP/htdocs/web-blog/app/Controllers/Admin.php(36): view('admin/editprofi...', Array)
#5 /Applications/MAMP/htdocs/web-blog/system/CodeIgniter.php(936): App\Controllers\Admin->editprofil()
#6 /Applications/MAMP/htdocs/web-blog/system/CodeIgniter.php(432): CodeIgniter\CodeIgniter->runController(Object(App\Controllers\Admin))
#7 /Applications/MAMP/htdocs/web-blog/system/CodeIgniter.php(333): CodeIgniter\CodeIgniter->handleRequest(NULL, Object(Config\Cache), false)
#8 /Applications/MAMP/htdocs/web-blog/public/index.php(44): CodeIgniter\CodeIgniter->run()
#9 /Applications/MAMP/htdocs/web-blog/system/Commands/Server/rewrite.php(45): require_once('/Applications/M...')
#10 {main}
CRITICAL - 2021-05-21 06:24:55 --> Undefined variable: pengaturan
#0 /Applications/MAMP/htdocs/web-blog/app/Views/admin/editprofil.php(28): CodeIgniter\Debug\Exceptions->errorHandler(8, 'Undefined varia...', '/Applications/M...', 28, Array)
#1 /Applications/MAMP/htdocs/web-blog/system/View/View.php(220): include('/Applications/M...')
#2 /Applications/MAMP/htdocs/web-blog/system/View/View.php(222): CodeIgniter\View\View->CodeIgniter\View\{closure}()
#3 /Applications/MAMP/htdocs/web-blog/system/Common.php(1217): CodeIgniter\View\View->render('admin/editprofi...', Array, true)
#4 /Applications/MAMP/htdocs/web-blog/app/Controllers/Admin.php(36): view('admin/editprofi...', Array)
#5 /Applications/MAMP/htdocs/web-blog/system/CodeIgniter.php(936): App\Controllers\Admin->editprofil()
#6 /Applications/MAMP/htdocs/web-blog/system/CodeIgniter.php(432): CodeIgniter\CodeIgniter->runController(Object(App\Controllers\Admin))
#7 /Applications/MAMP/htdocs/web-blog/system/CodeIgniter.php(333): CodeIgniter\CodeIgniter->handleRequest(NULL, Object(Config\Cache), false)
#8 /Applications/MAMP/htdocs/web-blog/public/index.php(44): CodeIgniter\CodeIgniter->run()
#9 /Applications/MAMP/htdocs/web-blog/system/Commands/Server/rewrite.php(45): require_once('/Applications/M...')
#10 {main}
CRITICAL - 2021-05-21 06:25:49 --> Undefined variable: user
#0 /Applications/MAMP/htdocs/web-blog/app/Views/admin/editprofil.php(60): CodeIgniter\Debug\Exceptions->errorHandler(8, 'Undefined varia...', '/Applications/M...', 60, Array)
#1 /Applications/MAMP/htdocs/web-blog/system/View/View.php(220): include('/Applications/M...')
#2 /Applications/MAMP/htdocs/web-blog/system/View/View.php(222): CodeIgniter\View\View->CodeIgniter\View\{closure}()
#3 /Applications/MAMP/htdocs/web-blog/system/Common.php(1217): CodeIgniter\View\View->render('admin/editprofi...', Array, true)
#4 /Applications/MAMP/htdocs/web-blog/app/Controllers/Admin.php(36): view('admin/editprofi...', Array)
#5 /Applications/MAMP/htdocs/web-blog/system/CodeIgniter.php(936): App\Controllers\Admin->editprofil()
#6 /Applications/MAMP/htdocs/web-blog/system/CodeIgniter.php(432): CodeIgniter\CodeIgniter->runController(Object(App\Controllers\Admin))
#7 /Applications/MAMP/htdocs/web-blog/system/CodeIgniter.php(333): CodeIgniter\CodeIgniter->handleRequest(NULL, Object(Config\Cache), false)
#8 /Applications/MAMP/htdocs/web-blog/public/index.php(44): CodeIgniter\CodeIgniter->run()
#9 /Applications/MAMP/htdocs/web-blog/system/Commands/Server/rewrite.php(45): require_once('/Applications/M...')
#10 {main}
CRITICAL - 2021-05-21 06:26:20 --> Undefined variable: user
#0 /Applications/MAMP/htdocs/web-blog/app/Views/admin/editprofil.php(62): CodeIgniter\Debug\Exceptions->errorHandler(8, 'Undefined varia...', '/Applications/M...', 62, Array)
#1 /Applications/MAMP/htdocs/web-blog/system/View/View.php(220): include('/Applications/M...')
#2 /Applications/MAMP/htdocs/web-blog/system/View/View.php(222): CodeIgniter\View\View->CodeIgniter\View\{closure}()
#3 /Applications/MAMP/htdocs/web-blog/system/Common.php(1217): CodeIgniter\View\View->render('admin/editprofi...', Array, true)
#4 /Applications/MAMP/htdocs/web-blog/app/Controllers/Admin.php(36): view('admin/editprofi...', Array)
#5 /Applications/MAMP/htdocs/web-blog/system/CodeIgniter.php(936): App\Controllers\Admin->editprofil()
#6 /Applications/MAMP/htdocs/web-blog/system/CodeIgniter.php(432): CodeIgniter\CodeIgniter->runController(Object(App\Controllers\Admin))
#7 /Applications/MAMP/htdocs/web-blog/system/CodeIgniter.php(333): CodeIgniter\CodeIgniter->handleRequest(NULL, Object(Config\Cache), false)
#8 /Applications/MAMP/htdocs/web-blog/public/index.php(44): CodeIgniter\CodeIgniter->run()
#9 /Applications/MAMP/htdocs/web-blog/system/Commands/Server/rewrite.php(45): require_once('/Applications/M...')
#10 {main}
CRITICAL - 2021-05-21 06:28:49 --> Undefined variable: user
#0 /Applications/MAMP/htdocs/web-blog/app/Views/admin/editprofil.php(73): CodeIgniter\Debug\Exceptions->errorHandler(8, 'Undefined varia...', '/Applications/M...', 73, Array)
#1 /Applications/MAMP/htdocs/web-blog/system/View/View.php(220): include('/Applications/M...')
#2 /Applications/MAMP/htdocs/web-blog/system/View/View.php(222): CodeIgniter\View\View->CodeIgniter\View\{closure}()
#3 /Applications/MAMP/htdocs/web-blog/system/Common.php(1217): CodeIgniter\View\View->render('admin/editprofi...', Array, true)
#4 /Applications/MAMP/htdocs/web-blog/app/Controllers/Admin.php(36): view('admin/editprofi...', Array)
#5 /Applications/MAMP/htdocs/web-blog/system/CodeIgniter.php(936): App\Controllers\Admin->editprofil()
#6 /Applications/MAMP/htdocs/web-blog/system/CodeIgniter.php(432): CodeIgniter\CodeIgniter->runController(Object(App\Controllers\Admin))
#7 /Applications/MAMP/htdocs/web-blog/system/CodeIgniter.php(333): CodeIgniter\CodeIgniter->handleRequest(NULL, Object(Config\Cache), false)
#8 /Applications/MAMP/htdocs/web-blog/public/index.php(44): CodeIgniter\CodeIgniter->run()
#9 /Applications/MAMP/htdocs/web-blog/system/Commands/Server/rewrite.php(45): require_once('/Applications/M...')
#10 {main}
CRITICAL - 2021-05-21 06:41:33 --> Undefined index: site_logo
#0 /Applications/MAMP/htdocs/web-blog/app/Views/templates/index.php(15): CodeIgniter\Debug\Exceptions->errorHandler(8, 'Undefined index...', '/Applications/M...', 15, Array)
#1 /Applications/MAMP/htdocs/web-blog/system/View/View.php(220): include('/Applications/M...')
#2 /Applications/MAMP/htdocs/web-blog/system/View/View.php(222): CodeIgniter\View\View->CodeIgniter\View\{closure}()
#3 /Applications/MAMP/htdocs/web-blog/system/View/View.php(236): CodeIgniter\View\View->render('templates/index', Array, true)
#4 /Applications/MAMP/htdocs/web-blog/system/Common.php(1217): CodeIgniter\View\View->render('admin/profil/in...', Array, true)
#5 /Applications/MAMP/htdocs/web-blog/app/Controllers/Profil.php(27): view('admin/profil/in...', Array)
#6 /Applications/MAMP/htdocs/web-blog/system/CodeIgniter.php(936): App\Controllers\Profil->index()
#7 /Applications/MAMP/htdocs/web-blog/system/CodeIgniter.php(432): CodeIgniter\CodeIgniter->runController(Object(App\Controllers\Profil))
#8 /Applications/MAMP/htdocs/web-blog/system/CodeIgniter.php(333): CodeIgniter\CodeIgniter->handleRequest(NULL, Object(Config\Cache), false)
#9 /Applications/MAMP/htdocs/web-blog/public/index.php(44): CodeIgniter\CodeIgniter->run()
#10 /Applications/MAMP/htdocs/web-blog/system/Commands/Server/rewrite.php(45): require_once('/Applications/M...')
#11 {main}
CRITICAL - 2021-05-21 06:44:29 --> Undefined index: site_logo
#0 /Applications/MAMP/htdocs/web-blog/app/Views/templates/index.php(22): CodeIgniter\Debug\Exceptions->errorHandler(8, 'Undefined index...', '/Applications/M...', 22, Array)
#1 /Applications/MAMP/htdocs/web-blog/system/View/View.php(220): include('/Applications/M...')
#2 /Applications/MAMP/htdocs/web-blog/system/View/View.php(222): CodeIgniter\View\View->CodeIgniter\View\{closure}()
#3 /Applications/MAMP/htdocs/web-blog/system/View/View.php(236): CodeIgniter\View\View->render('templates/index', Array, true)
#4 /Applications/MAMP/htdocs/web-blog/system/Common.php(1217): CodeIgniter\View\View->render('admin/profil/in...', Array, true)
#5 /Applications/MAMP/htdocs/web-blog/app/Controllers/Profil.php(27): view('admin/profil/in...', Array)
#6 /Applications/MAMP/htdocs/web-blog/system/CodeIgniter.php(936): App\Controllers\Profil->index()
#7 /Applications/MAMP/htdocs/web-blog/system/CodeIgniter.php(432): CodeIgniter\CodeIgniter->runController(Object(App\Controllers\Profil))
#8 /Applications/MAMP/htdocs/web-blog/system/CodeIgniter.php(333): CodeIgniter\CodeIgniter->handleRequest(NULL, Object(Config\Cache), false)
#9 /Applications/MAMP/htdocs/web-blog/public/index.php(44): CodeIgniter\CodeIgniter->run()
#10 /Applications/MAMP/htdocs/web-blog/system/Commands/Server/rewrite.php(45): require_once('/Applications/M...')
#11 {main}
CRITICAL - 2021-05-21 06:46:24 --> Undefined index: site_logo
#0 /Applications/MAMP/htdocs/web-blog/app/Views/templates/index.php(23): CodeIgniter\Debug\Exceptions->errorHandler(8, 'Undefined index...', '/Applications/M...', 23, Array)
#1 /Applications/MAMP/htdocs/web-blog/system/View/View.php(220): include('/Applications/M...')
#2 /Applications/MAMP/htdocs/web-blog/system/View/View.php(222): CodeIgniter\View\View->CodeIgniter\View\{closure}()
#3 /Applications/MAMP/htdocs/web-blog/system/View/View.php(236): CodeIgniter\View\View->render('templates/index', Array, true)
#4 /Applications/MAMP/htdocs/web-blog/system/Common.php(1217): CodeIgniter\View\View->render('admin/profil/in...', Array, true)
#5 /Applications/MAMP/htdocs/web-blog/app/Controllers/Profil.php(27): view('admin/profil/in...', Array)
#6 /Applications/MAMP/htdocs/web-blog/system/CodeIgniter.php(936): App\Controllers\Profil->index()
#7 /Applications/MAMP/htdocs/web-blog/system/CodeIgniter.php(432): CodeIgniter\CodeIgniter->runController(Object(App\Controllers\Profil))
#8 /Applications/MAMP/htdocs/web-blog/system/CodeIgniter.php(333): CodeIgniter\CodeIgniter->handleRequest(NULL, Object(Config\Cache), false)
#9 /Applications/MAMP/htdocs/web-blog/public/index.php(44): CodeIgniter\CodeIgniter->run()
#10 /Applications/MAMP/htdocs/web-blog/system/Commands/Server/rewrite.php(45): require_once('/Applications/M...')
#11 {main}
CRITICAL - 2021-05-21 06:47:20 --> Undefined index: blog_name
#0 /Applications/MAMP/htdocs/web-blog/app/Views/templates/index.php(23): CodeIgniter\Debug\Exceptions->errorHandler(8, 'Undefined index...', '/Applications/M...', 23, Array)
#1 /Applications/MAMP/htdocs/web-blog/system/View/View.php(220): include('/Applications/M...')
#2 /Applications/MAMP/htdocs/web-blog/system/View/View.php(222): CodeIgniter\View\View->CodeIgniter\View\{closure}()
#3 /Applications/MAMP/htdocs/web-blog/system/View/View.php(236): CodeIgniter\View\View->render('templates/index', Array, true)
#4 /Applications/MAMP/htdocs/web-blog/system/Common.php(1217): CodeIgniter\View\View->render('admin/profil/in...', Array, true)
#5 /Applications/MAMP/htdocs/web-blog/app/Controllers/Profil.php(27): view('admin/profil/in...', Array)
#6 /Applications/MAMP/htdocs/web-blog/system/CodeIgniter.php(936): App\Controllers\Profil->index()
#7 /Applications/MAMP/htdocs/web-blog/system/CodeIgniter.php(432): CodeIgniter\CodeIgniter->runController(Object(App\Controllers\Profil))
#8 /Applications/MAMP/htdocs/web-blog/system/CodeIgniter.php(333): CodeIgniter\CodeIgniter->handleRequest(NULL, Object(Config\Cache), false)
#9 /Applications/MAMP/htdocs/web-blog/public/index.php(44): CodeIgniter\CodeIgniter->run()
#10 /Applications/MAMP/htdocs/web-blog/system/Commands/Server/rewrite.php(45): require_once('/Applications/M...')
#11 {main}
ERROR - 2021-05-21 17:00:12 --> mysqli_sql_exception: You have an error in your SQL syntax; check the manual that corresponds to your MySQL server version for the right syntax to use near 't allow us to execute every single plan perfectly. This especially seems to be t' at line 1 in /Applications/MAMP/htdocs/web-blog/system/Database/MySQLi/Connection.php:314
Stack trace:
#0 /Applications/MAMP/htdocs/web-blog/system/Database/MySQLi/Connection.php(314): mysqli->query('UPDATE blog set...')
#1 /Applications/MAMP/htdocs/web-blog/system/Database/BaseConnection.php(713): CodeIgniter\Database\MySQLi\Connection->execute('UPDATE blog set...')
#2 /Applications/MAMP/htdocs/web-blog/system/Database/BaseConnection.php(641): CodeIgniter\Database\BaseConnection->simpleQuery('UPDATE blog set...')
#3 /Applications/MAMP/htdocs/web-blog/app/Controllers/Blog.php(228): CodeIgniter\Database\BaseConnection->query('UPDATE blog set...')
#4 /Applications/MAMP/htdocs/web-blog/system/CodeIgniter.php(936): App\Controllers\Blog->update('4')
#5 /Applications/MAMP/htdocs/web-blog/system/CodeIgniter.php(432): CodeIgniter\CodeIgniter->runController(Object(App\Controllers\Blog))
#6 /Applications/MAMP/htdocs/web-blog/system/CodeIgniter.php(333): CodeIgniter\CodeIgniter->handleRequest(NULL, Object(Config\Cache), false)
#7 /Applications/MAMP/htdocs/web-blog/public/index.php(44): CodeIgniter\CodeIgniter->run()
#8 /Applications/MAMP/htdocs/web-blog/system/Commands/Server/rewrite.php(45): require_once('/Applications/M...')
#9 {main}
CRITICAL - 2021-05-21 17:00:12 --> You have an error in your SQL syntax; check the manual that corresponds to your MySQL server version for the right syntax to use near 't allow us to execute every single plan perfectly. This especially seems to be t' at line 1
#0 /Applications/MAMP/htdocs/web-blog/system/Database/MySQLi/Connection.php(314): mysqli->query('UPDATE blog set...')
#1 /Applications/MAMP/htdocs/web-blog/system/Database/BaseConnection.php(713): CodeIgniter\Database\MySQLi\Connection->execute('UPDATE blog set...')
#2 /Applications/MAMP/htdocs/web-blog/system/Database/BaseConnection.php(641): CodeIgniter\Database\BaseConnection->simpleQuery('UPDATE blog set...')
#3 /Applications/MAMP/htdocs/web-blog/app/Controllers/Blog.php(228): CodeIgniter\Database\BaseConnection->query('UPDATE blog set...')
#4 /Applications/MAMP/htdocs/web-blog/system/CodeIgniter.php(936): App\Controllers\Blog->update('4')
#5 /Applications/MAMP/htdocs/web-blog/system/CodeIgniter.php(432): CodeIgniter\CodeIgniter->runController(Object(App\Controllers\Blog))
#6 /Applications/MAMP/htdocs/web-blog/system/CodeIgniter.php(333): CodeIgniter\CodeIgniter->handleRequest(NULL, Object(Config\Cache), false)
#7 /Applications/MAMP/htdocs/web-blog/public/index.php(44): CodeIgniter\CodeIgniter->run()
#8 /Applications/MAMP/htdocs/web-blog/system/Commands/Server/rewrite.php(45): require_once('/Applications/M...')
#9 {main}
ERROR - 2021-05-21 17:01:43 --> mysqli_sql_exception: You have an error in your SQL syntax; check the manual that corresponds to your MySQL server version for the right syntax to use near 't allow us to execute every single plan perfectly. This especially seems to be t' at line 1 in /Applications/MAMP/htdocs/web-blog/system/Database/MySQLi/Connection.php:314
Stack trace:
#0 /Applications/MAMP/htdocs/web-blog/system/Database/MySQLi/Connection.php(314): mysqli->query('UPDATE blog set...')
#1 /Applications/MAMP/htdocs/web-blog/system/Database/BaseConnection.php(713): CodeIgniter\Database\MySQLi\Connection->execute('UPDATE blog set...')
#2 /Applications/MAMP/htdocs/web-blog/system/Database/BaseConnection.php(641): CodeIgniter\Database\BaseConnection->simpleQuery('UPDATE blog set...')
#3 /Applications/MAMP/htdocs/web-blog/app/Controllers/Blog.php(228): CodeIgniter\Database\BaseConnection->query('UPDATE blog set...')
#4 /Applications/MAMP/htdocs/web-blog/system/CodeIgniter.php(936): App\Controllers\Blog->update('4')
#5 /Applications/MAMP/htdocs/web-blog/system/CodeIgniter.php(432): CodeIgniter\CodeIgniter->runController(Object(App\Controllers\Blog))
#6 /Applications/MAMP/htdocs/web-blog/system/CodeIgniter.php(333): CodeIgniter\CodeIgniter->handleRequest(NULL, Object(Config\Cache), false)
#7 /Applications/MAMP/htdocs/web-blog/public/index.php(44): CodeIgniter\CodeIgniter->run()
#8 /Applications/MAMP/htdocs/web-blog/system/Commands/Server/rewrite.php(45): require_once('/Applications/M...')
#9 {main}
CRITICAL - 2021-05-21 17:01:43 --> You have an error in your SQL syntax; check the manual that corresponds to your MySQL server version for the right syntax to use near 't allow us to execute every single plan perfectly. This especially seems to be t' at line 1
#0 /Applications/MAMP/htdocs/web-blog/system/Database/MySQLi/Connection.php(314): mysqli->query('UPDATE blog set...')
#1 /Applications/MAMP/htdocs/web-blog/system/Database/BaseConnection.php(713): CodeIgniter\Database\MySQLi\Connection->execute('UPDATE blog set...')
#2 /Applications/MAMP/htdocs/web-blog/system/Database/BaseConnection.php(641): CodeIgniter\Database\BaseConnection->simpleQuery('UPDATE blog set...')
#3 /Applications/MAMP/htdocs/web-blog/app/Controllers/Blog.php(228): CodeIgniter\Database\BaseConnection->query('UPDATE blog set...')
#4 /Applications/MAMP/htdocs/web-blog/system/CodeIgniter.php(936): App\Controllers\Blog->update('4')
#5 /Applications/MAMP/htdocs/web-blog/system/CodeIgniter.php(432): CodeIgniter\CodeIgniter->runController(Object(App\Controllers\Blog))
#6 /Applications/MAMP/htdocs/web-blog/system/CodeIgniter.php(333): CodeIgniter\CodeIgniter->handleRequest(NULL, Object(Config\Cache), false)
#7 /Applications/MAMP/htdocs/web-blog/public/index.php(44): CodeIgniter\CodeIgniter->run()
#8 /Applications/MAMP/htdocs/web-blog/system/Commands/Server/rewrite.php(45): require_once('/Applications/M...')
#9 {main}
ERROR - 2021-05-21 17:02:19 --> mysqli_sql_exception: You have an error in your SQL syntax; check the manual that corresponds to your MySQL server version for the right syntax to use near 't allow us to execute every single plan perfectly. This especially seems to be t' at line 1 in /Applications/MAMP/htdocs/web-blog/system/Database/MySQLi/Connection.php:314
Stack trace:
#0 /Applications/MAMP/htdocs/web-blog/system/Database/MySQLi/Connection.php(314): mysqli->query('UPDATE blog set...')
#1 /Applications/MAMP/htdocs/web-blog/system/Database/BaseConnection.php(713): CodeIgniter\Database\MySQLi\Connection->execute('UPDATE blog set...')
#2 /Applications/MAMP/htdocs/web-blog/system/Database/BaseConnection.php(641): CodeIgniter\Database\BaseConnection->simpleQuery('UPDATE blog set...')
#3 /Applications/MAMP/htdocs/web-blog/app/Controllers/Blog.php(228): CodeIgniter\Database\BaseConnection->query('UPDATE blog set...')
#4 /Applications/MAMP/htdocs/web-blog/system/CodeIgniter.php(936): App\Controllers\Blog->update('4')
#5 /Applications/MAMP/htdocs/web-blog/system/CodeIgniter.php(432): CodeIgniter\CodeIgniter->runController(Object(App\Controllers\Blog))
#6 /Applications/MAMP/htdocs/web-blog/system/CodeIgniter.php(333): CodeIgniter\CodeIgniter->handleRequest(NULL, Object(Config\Cache), false)
#7 /Applications/MAMP/htdocs/web-blog/public/index.php(44): CodeIgniter\CodeIgniter->run()
#8 /Applications/MAMP/htdocs/web-blog/system/Commands/Server/rewrite.php(45): require_once('/Applications/M...')
#9 {main}
CRITICAL - 2021-05-21 17:02:19 --> You have an error in your SQL syntax; check the manual that corresponds to your MySQL server version for the right syntax to use near 't allow us to execute every single plan perfectly. This especially seems to be t' at line 1
#0 /Applications/MAMP/htdocs/web-blog/system/Database/MySQLi/Connection.php(314): mysqli->query('UPDATE blog set...')
#1 /Applications/MAMP/htdocs/web-blog/system/Database/BaseConnection.php(713): CodeIgniter\Database\MySQLi\Connection->execute('UPDATE blog set...')
#2 /Applications/MAMP/htdocs/web-blog/system/Database/BaseConnection.php(641): CodeIgniter\Database\BaseConnection->simpleQuery('UPDATE blog set...')
#3 /Applications/MAMP/htdocs/web-blog/app/Controllers/Blog.php(228): CodeIgniter\Database\BaseConnection->query('UPDATE blog set...')
#4 /Applications/MAMP/htdocs/web-blog/system/CodeIgniter.php(936): App\Controllers\Blog->update('4')
#5 /Applications/MAMP/htdocs/web-blog/system/CodeIgniter.php(432): CodeIgniter\CodeIgniter->runController(Object(App\Controllers\Blog))
#6 /Applications/MAMP/htdocs/web-blog/system/CodeIgniter.php(333): CodeIgniter\CodeIgniter->handleRequest(NULL, Object(Config\Cache), false)
#7 /Applications/MAMP/htdocs/web-blog/public/index.php(44): CodeIgniter\CodeIgniter->run()
#8 /Applications/MAMP/htdocs/web-blog/system/Commands/Server/rewrite.php(45): require_once('/Applications/M...')
#9 {main}
CRITICAL - 2021-05-21 17:05:31 --> Trying to access array offset on value of type null
#0 /Applications/MAMP/htdocs/web-blog/app/Views/admin/blog/edit.php(13): CodeIgniter\Debug\Exceptions->errorHandler(8, 'Trying to acces...', '/Applications/M...', 13, Array)
#1 /Applications/MAMP/htdocs/web-blog/system/View/View.php(220): include('/Applications/M...')
#2 /Applications/MAMP/htdocs/web-blog/system/View/View.php(222): CodeIgniter\View\View->CodeIgniter\View\{closure}()
#3 /Applications/MAMP/htdocs/web-blog/system/Common.php(1217): CodeIgniter\View\View->render('admin/blog/edit', Array, true)
#4 /Applications/MAMP/htdocs/web-blog/app/Controllers/Blog.php(152): view('admin/blog/edit', Array)
#5 /Applications/MAMP/htdocs/web-blog/system/CodeIgniter.php(936): App\Controllers\Blog->edit('tes-saja')
#6 /Applications/MAMP/htdocs/web-blog/system/CodeIgniter.php(432): CodeIgniter\CodeIgniter->runController(Object(App\Controllers\Blog))
#7 /Applications/MAMP/htdocs/web-blog/system/CodeIgniter.php(333): CodeIgniter\CodeIgniter->handleRequest(NULL, Object(Config\Cache), false)
#8 /Applications/MAMP/htdocs/web-blog/public/index.php(44): CodeIgniter\CodeIgniter->run()
#9 /Applications/MAMP/htdocs/web-blog/system/Commands/Server/rewrite.php(45): require_once('/Applications/M...')
#10 {main}
