ERROR - 2021-05-18 03:52:26 --> mysqli_sql_exception: Column 'image' cannot be null in /Applications/MAMP/htdocs/web-blog/system/Database/MySQLi/Connection.php:314
Stack trace:
#0 /Applications/MAMP/htdocs/web-blog/system/Database/MySQLi/Connection.php(314): mysqli->query('INSERT INTO `bl...')
#1 /Applications/MAMP/htdocs/web-blog/system/Database/BaseConnection.php(713): CodeIgniter\Database\MySQLi\Connection->execute('INSERT INTO `bl...')
#2 /Applications/MAMP/htdocs/web-blog/system/Database/BaseConnection.php(641): CodeIgniter\Database\BaseConnection->simpleQuery('INSERT INTO `bl...')
#3 /Applications/MAMP/htdocs/web-blog/system/Database/BaseBuilder.php(2263): CodeIgniter\Database\BaseConnection->query('INSERT INTO `bl...', Array, false)
#4 /Applications/MAMP/htdocs/web-blog/system/Model.php(278): CodeIgniter\Database\BaseBuilder->insert()
#5 /Applications/MAMP/htdocs/web-blog/system/BaseModel.php(758): CodeIgniter\Model->doInsert(Array)
#6 /Applications/MAMP/htdocs/web-blog/system/Model.php(705): CodeIgniter\BaseModel->insert(Array, false)
#7 /Applications/MAMP/htdocs/web-blog/system/BaseModel.php(667): CodeIgniter\Model->insert(Array, false)
#8 /Applications/MAMP/htdocs/web-blog/app/Controllers/Blog.php(111): CodeIgniter\BaseModel->save(Array)
#9 /Applications/MAMP/htdocs/web-blog/system/CodeIgniter.php(936): App\Controllers\Blog->save()
#10 /Applications/MAMP/htdocs/web-blog/system/CodeIgniter.php(432): CodeIgniter\CodeIgniter->runController(Object(App\Controllers\Blog))
#11 /Applications/MAMP/htdocs/web-blog/system/CodeIgniter.php(333): CodeIgniter\CodeIgniter->handleRequest(NULL, Object(Config\Cache), false)
#12 /Applications/MAMP/htdocs/web-blog/public/index.php(44): CodeIgniter\CodeIgniter->run()
#13 /Applications/MAMP/htdocs/web-blog/system/Commands/Server/rewrite.php(45): require_once('/Applications/M...')
#14 {main}
CRITICAL - 2021-05-18 03:52:26 --> Column 'image' cannot be null
#0 /Applications/MAMP/htdocs/web-blog/system/Database/MySQLi/Connection.php(314): mysqli->query('INSERT INTO `bl...')
#1 /Applications/MAMP/htdocs/web-blog/system/Database/BaseConnection.php(713): CodeIgniter\Database\MySQLi\Connection->execute('INSERT INTO `bl...')
#2 /Applications/MAMP/htdocs/web-blog/system/Database/BaseConnection.php(641): CodeIgniter\Database\BaseConnection->simpleQuery('INSERT INTO `bl...')
#3 /Applications/MAMP/htdocs/web-blog/system/Database/BaseBuilder.php(2263): CodeIgniter\Database\BaseConnection->query('INSERT INTO `bl...', Array, false)
#4 /Applications/MAMP/htdocs/web-blog/system/Model.php(278): CodeIgniter\Database\BaseBuilder->insert()
#5 /Applications/MAMP/htdocs/web-blog/system/BaseModel.php(758): CodeIgniter\Model->doInsert(Array)
#6 /Applications/MAMP/htdocs/web-blog/system/Model.php(705): CodeIgniter\BaseModel->insert(Array, false)
#7 /Applications/MAMP/htdocs/web-blog/system/BaseModel.php(667): CodeIgniter\Model->insert(Array, false)
#8 /Applications/MAMP/htdocs/web-blog/app/Controllers/Blog.php(111): CodeIgniter\BaseModel->save(Array)
#9 /Applications/MAMP/htdocs/web-blog/system/CodeIgniter.php(936): App\Controllers\Blog->save()
#10 /Applications/MAMP/htdocs/web-blog/system/CodeIgniter.php(432): CodeIgniter\CodeIgniter->runController(Object(App\Controllers\Blog))
#11 /Applications/MAMP/htdocs/web-blog/system/CodeIgniter.php(333): CodeIgniter\CodeIgniter->handleRequest(NULL, Object(Config\Cache), false)
#12 /Applications/MAMP/htdocs/web-blog/public/index.php(44): CodeIgniter\CodeIgniter->run()
#13 /Applications/MAMP/htdocs/web-blog/system/Commands/Server/rewrite.php(45): require_once('/Applications/M...')
#14 {main}
CRITICAL - 2021-05-18 04:08:23 --> Undefined index: category
#0 /Applications/MAMP/htdocs/web-blog/app/Views/admin/blog/index.php(77): CodeIgniter\Debug\Exceptions->errorHandler(8, 'Undefined index...', '/Applications/M...', 77, Array)
#1 /Applications/MAMP/htdocs/web-blog/system/View/View.php(220): include('/Applications/M...')
#2 /Applications/MAMP/htdocs/web-blog/system/View/View.php(222): CodeIgniter\View\View->CodeIgniter\View\{closure}()
#3 /Applications/MAMP/htdocs/web-blog/system/Common.php(1217): CodeIgniter\View\View->render('admin/blog/inde...', Array, true)
#4 /Applications/MAMP/htdocs/web-blog/app/Controllers/Blog.php(35): view('admin/blog/inde...', Array)
#5 /Applications/MAMP/htdocs/web-blog/system/CodeIgniter.php(936): App\Controllers\Blog->index()
#6 /Applications/MAMP/htdocs/web-blog/system/CodeIgniter.php(432): CodeIgniter\CodeIgniter->runController(Object(App\Controllers\Blog))
#7 /Applications/MAMP/htdocs/web-blog/system/CodeIgniter.php(333): CodeIgniter\CodeIgniter->handleRequest(NULL, Object(Config\Cache), false)
#8 /Applications/MAMP/htdocs/web-blog/public/index.php(44): CodeIgniter\CodeIgniter->run()
#9 /Applications/MAMP/htdocs/web-blog/system/Commands/Server/rewrite.php(45): require_once('/Applications/M...')
#10 {main}
CRITICAL - 2021-05-18 04:09:49 --> Undefined index: fullname
#0 /Applications/MAMP/htdocs/web-blog/app/Views/admin/blog/index.php(78): CodeIgniter\Debug\Exceptions->errorHandler(8, 'Undefined index...', '/Applications/M...', 78, Array)
#1 /Applications/MAMP/htdocs/web-blog/system/View/View.php(220): include('/Applications/M...')
#2 /Applications/MAMP/htdocs/web-blog/system/View/View.php(222): CodeIgniter\View\View->CodeIgniter\View\{closure}()
#3 /Applications/MAMP/htdocs/web-blog/system/Common.php(1217): CodeIgniter\View\View->render('admin/blog/inde...', Array, true)
#4 /Applications/MAMP/htdocs/web-blog/app/Controllers/Blog.php(35): view('admin/blog/inde...', Array)
#5 /Applications/MAMP/htdocs/web-blog/system/CodeIgniter.php(936): App\Controllers\Blog->index()
#6 /Applications/MAMP/htdocs/web-blog/system/CodeIgniter.php(432): CodeIgniter\CodeIgniter->runController(Object(App\Controllers\Blog))
#7 /Applications/MAMP/htdocs/web-blog/system/CodeIgniter.php(333): CodeIgniter\CodeIgniter->handleRequest(NULL, Object(Config\Cache), false)
#8 /Applications/MAMP/htdocs/web-blog/public/index.php(44): CodeIgniter\CodeIgniter->run()
#9 /Applications/MAMP/htdocs/web-blog/system/Commands/Server/rewrite.php(45): require_once('/Applications/M...')
#10 {main}
CRITICAL - 2021-05-18 04:09:50 --> Undefined index: fullname
#0 /Applications/MAMP/htdocs/web-blog/app/Views/admin/blog/index.php(78): CodeIgniter\Debug\Exceptions->errorHandler(8, 'Undefined index...', '/Applications/M...', 78, Array)
#1 /Applications/MAMP/htdocs/web-blog/system/View/View.php(220): include('/Applications/M...')
#2 /Applications/MAMP/htdocs/web-blog/system/View/View.php(222): CodeIgniter\View\View->CodeIgniter\View\{closure}()
#3 /Applications/MAMP/htdocs/web-blog/system/Common.php(1217): CodeIgniter\View\View->render('admin/blog/inde...', Array, true)
#4 /Applications/MAMP/htdocs/web-blog/app/Controllers/Blog.php(35): view('admin/blog/inde...', Array)
#5 /Applications/MAMP/htdocs/web-blog/system/CodeIgniter.php(936): App\Controllers\Blog->index()
#6 /Applications/MAMP/htdocs/web-blog/system/CodeIgniter.php(432): CodeIgniter\CodeIgniter->runController(Object(App\Controllers\Blog))
#7 /Applications/MAMP/htdocs/web-blog/system/CodeIgniter.php(333): CodeIgniter\CodeIgniter->handleRequest(NULL, Object(Config\Cache), false)
#8 /Applications/MAMP/htdocs/web-blog/public/index.php(44): CodeIgniter\CodeIgniter->run()
#9 /Applications/MAMP/htdocs/web-blog/system/Commands/Server/rewrite.php(45): require_once('/Applications/M...')
#10 {main}
CRITICAL - 2021-05-18 04:12:31 --> Undefined index: category
#0 /Applications/MAMP/htdocs/web-blog/app/Views/admin/blog/index.php(77): CodeIgniter\Debug\Exceptions->errorHandler(8, 'Undefined index...', '/Applications/M...', 77, Array)
#1 /Applications/MAMP/htdocs/web-blog/system/View/View.php(220): include('/Applications/M...')
#2 /Applications/MAMP/htdocs/web-blog/system/View/View.php(222): CodeIgniter\View\View->CodeIgniter\View\{closure}()
#3 /Applications/MAMP/htdocs/web-blog/system/Common.php(1217): CodeIgniter\View\View->render('admin/blog/inde...', Array, true)
#4 /Applications/MAMP/htdocs/web-blog/app/Controllers/Blog.php(35): view('admin/blog/inde...', Array)
#5 /Applications/MAMP/htdocs/web-blog/system/CodeIgniter.php(936): App\Controllers\Blog->index()
#6 /Applications/MAMP/htdocs/web-blog/system/CodeIgniter.php(432): CodeIgniter\CodeIgniter->runController(Object(App\Controllers\Blog))
#7 /Applications/MAMP/htdocs/web-blog/system/CodeIgniter.php(333): CodeIgniter\CodeIgniter->handleRequest(NULL, Object(Config\Cache), false)
#8 /Applications/MAMP/htdocs/web-blog/public/index.php(44): CodeIgniter\CodeIgniter->run()
#9 /Applications/MAMP/htdocs/web-blog/system/Commands/Server/rewrite.php(45): require_once('/Applications/M...')
#10 {main}
CRITICAL - 2021-05-18 04:13:03 --> Undefined index: category
#0 /Applications/MAMP/htdocs/web-blog/app/Views/admin/blog/index.php(77): CodeIgniter\Debug\Exceptions->errorHandler(8, 'Undefined index...', '/Applications/M...', 77, Array)
#1 /Applications/MAMP/htdocs/web-blog/system/View/View.php(220): include('/Applications/M...')
#2 /Applications/MAMP/htdocs/web-blog/system/View/View.php(222): CodeIgniter\View\View->CodeIgniter\View\{closure}()
#3 /Applications/MAMP/htdocs/web-blog/system/Common.php(1217): CodeIgniter\View\View->render('admin/blog/inde...', Array, true)
#4 /Applications/MAMP/htdocs/web-blog/app/Controllers/Blog.php(35): view('admin/blog/inde...', Array)
#5 /Applications/MAMP/htdocs/web-blog/system/CodeIgniter.php(936): App\Controllers\Blog->index()
#6 /Applications/MAMP/htdocs/web-blog/system/CodeIgniter.php(432): CodeIgniter\CodeIgniter->runController(Object(App\Controllers\Blog))
#7 /Applications/MAMP/htdocs/web-blog/system/CodeIgniter.php(333): CodeIgniter\CodeIgniter->handleRequest(NULL, Object(Config\Cache), false)
#8 /Applications/MAMP/htdocs/web-blog/public/index.php(44): CodeIgniter\CodeIgniter->run()
#9 /Applications/MAMP/htdocs/web-blog/system/Commands/Server/rewrite.php(45): require_once('/Applications/M...')
#10 {main}
CRITICAL - 2021-05-18 04:13:04 --> Undefined index: category
#0 /Applications/MAMP/htdocs/web-blog/app/Views/admin/blog/index.php(77): CodeIgniter\Debug\Exceptions->errorHandler(8, 'Undefined index...', '/Applications/M...', 77, Array)
#1 /Applications/MAMP/htdocs/web-blog/system/View/View.php(220): include('/Applications/M...')
#2 /Applications/MAMP/htdocs/web-blog/system/View/View.php(222): CodeIgniter\View\View->CodeIgniter\View\{closure}()
#3 /Applications/MAMP/htdocs/web-blog/system/Common.php(1217): CodeIgniter\View\View->render('admin/blog/inde...', Array, true)
#4 /Applications/MAMP/htdocs/web-blog/app/Controllers/Blog.php(35): view('admin/blog/inde...', Array)
#5 /Applications/MAMP/htdocs/web-blog/system/CodeIgniter.php(936): App\Controllers\Blog->index()
#6 /Applications/MAMP/htdocs/web-blog/system/CodeIgniter.php(432): CodeIgniter\CodeIgniter->runController(Object(App\Controllers\Blog))
#7 /Applications/MAMP/htdocs/web-blog/system/CodeIgniter.php(333): CodeIgniter\CodeIgniter->handleRequest(NULL, Object(Config\Cache), false)
#8 /Applications/MAMP/htdocs/web-blog/public/index.php(44): CodeIgniter\CodeIgniter->run()
#9 /Applications/MAMP/htdocs/web-blog/system/Commands/Server/rewrite.php(45): require_once('/Applications/M...')
#10 {main}
CRITICAL - 2021-05-18 04:15:21 --> Undefined index: slug
#0 /Applications/MAMP/htdocs/web-blog/app/Views/admin/blog/index.php(82): CodeIgniter\Debug\Exceptions->errorHandler(8, 'Undefined index...', '/Applications/M...', 82, Array)
#1 /Applications/MAMP/htdocs/web-blog/system/View/View.php(220): include('/Applications/M...')
#2 /Applications/MAMP/htdocs/web-blog/system/View/View.php(222): CodeIgniter\View\View->CodeIgniter\View\{closure}()
#3 /Applications/MAMP/htdocs/web-blog/system/Common.php(1217): CodeIgniter\View\View->render('admin/blog/inde...', Array, true)
#4 /Applications/MAMP/htdocs/web-blog/app/Controllers/Blog.php(35): view('admin/blog/inde...', Array)
#5 /Applications/MAMP/htdocs/web-blog/system/CodeIgniter.php(936): App\Controllers\Blog->index()
#6 /Applications/MAMP/htdocs/web-blog/system/CodeIgniter.php(432): CodeIgniter\CodeIgniter->runController(Object(App\Controllers\Blog))
#7 /Applications/MAMP/htdocs/web-blog/system/CodeIgniter.php(333): CodeIgniter\CodeIgniter->handleRequest(NULL, Object(Config\Cache), false)
#8 /Applications/MAMP/htdocs/web-blog/public/index.php(44): CodeIgniter\CodeIgniter->run()
#9 /Applications/MAMP/htdocs/web-blog/system/Commands/Server/rewrite.php(45): require_once('/Applications/M...')
#10 {main}
ERROR - 2021-05-18 04:19:45 --> mysqli_sql_exception: Unknown column 'id' in 'where clause' in /Applications/MAMP/htdocs/web-blog/system/Database/MySQLi/Connection.php:314
Stack trace:
#0 /Applications/MAMP/htdocs/web-blog/system/Database/MySQLi/Connection.php(314): mysqli->query('DELETE FROM `bl...')
#1 /Applications/MAMP/htdocs/web-blog/system/Database/BaseConnection.php(713): CodeIgniter\Database\MySQLi\Connection->execute('DELETE FROM `bl...')
#2 /Applications/MAMP/htdocs/web-blog/system/Database/BaseConnection.php(641): CodeIgniter\Database\BaseConnection->simpleQuery('DELETE FROM `bl...')
#3 /Applications/MAMP/htdocs/web-blog/system/Database/BaseBuilder.php(2864): CodeIgniter\Database\BaseConnection->query('DELETE FROM `bl...', Array, false)
#4 /Applications/MAMP/htdocs/web-blog/system/Model.php(422): CodeIgniter\Database\BaseBuilder->delete()
#5 /Applications/MAMP/htdocs/web-blog/system/BaseModel.php(1009): CodeIgniter\Model->doDelete(Array, false)
#6 /Applications/MAMP/htdocs/web-blog/app/Controllers/Blog.php(126): CodeIgniter\BaseModel->delete(Array)
#7 /Applications/MAMP/htdocs/web-blog/system/CodeIgniter.php(936): App\Controllers\Blog->delete('1')
#8 /Applications/MAMP/htdocs/web-blog/system/CodeIgniter.php(432): CodeIgniter\CodeIgniter->runController(Object(App\Controllers\Blog))
#9 /Applications/MAMP/htdocs/web-blog/system/CodeIgniter.php(333): CodeIgniter\CodeIgniter->handleRequest(NULL, Object(Config\Cache), false)
#10 /Applications/MAMP/htdocs/web-blog/public/index.php(44): CodeIgniter\CodeIgniter->run()
#11 /Applications/MAMP/htdocs/web-blog/system/Commands/Server/rewrite.php(45): require_once('/Applications/M...')
#12 {main}
CRITICAL - 2021-05-18 04:19:45 --> Unknown column 'id' in 'where clause'
#0 /Applications/MAMP/htdocs/web-blog/system/Database/MySQLi/Connection.php(314): mysqli->query('DELETE FROM `bl...')
#1 /Applications/MAMP/htdocs/web-blog/system/Database/BaseConnection.php(713): CodeIgniter\Database\MySQLi\Connection->execute('DELETE FROM `bl...')
#2 /Applications/MAMP/htdocs/web-blog/system/Database/BaseConnection.php(641): CodeIgniter\Database\BaseConnection->simpleQuery('DELETE FROM `bl...')
#3 /Applications/MAMP/htdocs/web-blog/system/Database/BaseBuilder.php(2864): CodeIgniter\Database\BaseConnection->query('DELETE FROM `bl...', Array, false)
#4 /Applications/MAMP/htdocs/web-blog/system/Model.php(422): CodeIgniter\Database\BaseBuilder->delete()
#5 /Applications/MAMP/htdocs/web-blog/system/BaseModel.php(1009): CodeIgniter\Model->doDelete(Array, false)
#6 /Applications/MAMP/htdocs/web-blog/app/Controllers/Blog.php(126): CodeIgniter\BaseModel->delete(Array)
#7 /Applications/MAMP/htdocs/web-blog/system/CodeIgniter.php(936): App\Controllers\Blog->delete('1')
#8 /Applications/MAMP/htdocs/web-blog/system/CodeIgniter.php(432): CodeIgniter\CodeIgniter->runController(Object(App\Controllers\Blog))
#9 /Applications/MAMP/htdocs/web-blog/system/CodeIgniter.php(333): CodeIgniter\CodeIgniter->handleRequest(NULL, Object(Config\Cache), false)
#10 /Applications/MAMP/htdocs/web-blog/public/index.php(44): CodeIgniter\CodeIgniter->run()
#11 /Applications/MAMP/htdocs/web-blog/system/Commands/Server/rewrite.php(45): require_once('/Applications/M...')
#12 {main}
ERROR - 2021-05-18 04:22:08 --> mysqli_sql_exception: Unknown column 'id' in 'where clause' in /Applications/MAMP/htdocs/web-blog/system/Database/MySQLi/Connection.php:314
Stack trace:
#0 /Applications/MAMP/htdocs/web-blog/system/Database/MySQLi/Connection.php(314): mysqli->query('DELETE FROM `bl...')
#1 /Applications/MAMP/htdocs/web-blog/system/Database/BaseConnection.php(713): CodeIgniter\Database\MySQLi\Connection->execute('DELETE FROM `bl...')
#2 /Applications/MAMP/htdocs/web-blog/system/Database/BaseConnection.php(641): CodeIgniter\Database\BaseConnection->simpleQuery('DELETE FROM `bl...')
#3 /Applications/MAMP/htdocs/web-blog/system/Database/BaseBuilder.php(2864): CodeIgniter\Database\BaseConnection->query('DELETE FROM `bl...', Array, false)
#4 /Applications/MAMP/htdocs/web-blog/system/Model.php(422): CodeIgniter\Database\BaseBuilder->delete()
#5 /Applications/MAMP/htdocs/web-blog/system/BaseModel.php(1009): CodeIgniter\Model->doDelete(Array, false)
#6 /Applications/MAMP/htdocs/web-blog/app/Controllers/Blog.php(126): CodeIgniter\BaseModel->delete(Array)
#7 /Applications/MAMP/htdocs/web-blog/system/CodeIgniter.php(936): App\Controllers\Blog->delete('1')
#8 /Applications/MAMP/htdocs/web-blog/system/CodeIgniter.php(432): CodeIgniter\CodeIgniter->runController(Object(App\Controllers\Blog))
#9 /Applications/MAMP/htdocs/web-blog/system/CodeIgniter.php(333): CodeIgniter\CodeIgniter->handleRequest(NULL, Object(Config\Cache), false)
#10 /Applications/MAMP/htdocs/web-blog/public/index.php(44): CodeIgniter\CodeIgniter->run()
#11 /Applications/MAMP/htdocs/web-blog/system/Commands/Server/rewrite.php(45): require_once('/Applications/M...')
#12 {main}
CRITICAL - 2021-05-18 04:22:08 --> Unknown column 'id' in 'where clause'
#0 /Applications/MAMP/htdocs/web-blog/system/Database/MySQLi/Connection.php(314): mysqli->query('DELETE FROM `bl...')
#1 /Applications/MAMP/htdocs/web-blog/system/Database/BaseConnection.php(713): CodeIgniter\Database\MySQLi\Connection->execute('DELETE FROM `bl...')
#2 /Applications/MAMP/htdocs/web-blog/system/Database/BaseConnection.php(641): CodeIgniter\Database\BaseConnection->simpleQuery('DELETE FROM `bl...')
#3 /Applications/MAMP/htdocs/web-blog/system/Database/BaseBuilder.php(2864): CodeIgniter\Database\BaseConnection->query('DELETE FROM `bl...', Array, false)
#4 /Applications/MAMP/htdocs/web-blog/system/Model.php(422): CodeIgniter\Database\BaseBuilder->delete()
#5 /Applications/MAMP/htdocs/web-blog/system/BaseModel.php(1009): CodeIgniter\Model->doDelete(Array, false)
#6 /Applications/MAMP/htdocs/web-blog/app/Controllers/Blog.php(126): CodeIgniter\BaseModel->delete(Array)
#7 /Applications/MAMP/htdocs/web-blog/system/CodeIgniter.php(936): App\Controllers\Blog->delete('1')
#8 /Applications/MAMP/htdocs/web-blog/system/CodeIgniter.php(432): CodeIgniter\CodeIgniter->runController(Object(App\Controllers\Blog))
#9 /Applications/MAMP/htdocs/web-blog/system/CodeIgniter.php(333): CodeIgniter\CodeIgniter->handleRequest(NULL, Object(Config\Cache), false)
#10 /Applications/MAMP/htdocs/web-blog/public/index.php(44): CodeIgniter\CodeIgniter->run()
#11 /Applications/MAMP/htdocs/web-blog/system/Commands/Server/rewrite.php(45): require_once('/Applications/M...')
#12 {main}
ERROR - 2021-05-18 04:22:37 --> mysqli_sql_exception: Unknown column 'id' in 'where clause' in /Applications/MAMP/htdocs/web-blog/system/Database/MySQLi/Connection.php:314
Stack trace:
#0 /Applications/MAMP/htdocs/web-blog/system/Database/MySQLi/Connection.php(314): mysqli->query('DELETE FROM `bl...')
#1 /Applications/MAMP/htdocs/web-blog/system/Database/BaseConnection.php(713): CodeIgniter\Database\MySQLi\Connection->execute('DELETE FROM `bl...')
#2 /Applications/MAMP/htdocs/web-blog/system/Database/BaseConnection.php(641): CodeIgniter\Database\BaseConnection->simpleQuery('DELETE FROM `bl...')
#3 /Applications/MAMP/htdocs/web-blog/system/Database/BaseBuilder.php(2864): CodeIgniter\Database\BaseConnection->query('DELETE FROM `bl...', Array, false)
#4 /Applications/MAMP/htdocs/web-blog/system/Model.php(422): CodeIgniter\Database\BaseBuilder->delete()
#5 /Applications/MAMP/htdocs/web-blog/system/BaseModel.php(1009): CodeIgniter\Model->doDelete(Array, false)
#6 /Applications/MAMP/htdocs/web-blog/app/Controllers/Blog.php(126): CodeIgniter\BaseModel->delete(Array)
#7 /Applications/MAMP/htdocs/web-blog/system/CodeIgniter.php(936): App\Controllers\Blog->delete('1')
#8 /Applications/MAMP/htdocs/web-blog/system/CodeIgniter.php(432): CodeIgniter\CodeIgniter->runController(Object(App\Controllers\Blog))
#9 /Applications/MAMP/htdocs/web-blog/system/CodeIgniter.php(333): CodeIgniter\CodeIgniter->handleRequest(NULL, Object(Config\Cache), false)
#10 /Applications/MAMP/htdocs/web-blog/public/index.php(44): CodeIgniter\CodeIgniter->run()
#11 /Applications/MAMP/htdocs/web-blog/system/Commands/Server/rewrite.php(45): require_once('/Applications/M...')
#12 {main}
CRITICAL - 2021-05-18 04:22:37 --> Unknown column 'id' in 'where clause'
#0 /Applications/MAMP/htdocs/web-blog/system/Database/MySQLi/Connection.php(314): mysqli->query('DELETE FROM `bl...')
#1 /Applications/MAMP/htdocs/web-blog/system/Database/BaseConnection.php(713): CodeIgniter\Database\MySQLi\Connection->execute('DELETE FROM `bl...')
#2 /Applications/MAMP/htdocs/web-blog/system/Database/BaseConnection.php(641): CodeIgniter\Database\BaseConnection->simpleQuery('DELETE FROM `bl...')
#3 /Applications/MAMP/htdocs/web-blog/system/Database/BaseBuilder.php(2864): CodeIgniter\Database\BaseConnection->query('DELETE FROM `bl...', Array, false)
#4 /Applications/MAMP/htdocs/web-blog/system/Model.php(422): CodeIgniter\Database\BaseBuilder->delete()
#5 /Applications/MAMP/htdocs/web-blog/system/BaseModel.php(1009): CodeIgniter\Model->doDelete(Array, false)
#6 /Applications/MAMP/htdocs/web-blog/app/Controllers/Blog.php(126): CodeIgniter\BaseModel->delete(Array)
#7 /Applications/MAMP/htdocs/web-blog/system/CodeIgniter.php(936): App\Controllers\Blog->delete('1')
#8 /Applications/MAMP/htdocs/web-blog/system/CodeIgniter.php(432): CodeIgniter\CodeIgniter->runController(Object(App\Controllers\Blog))
#9 /Applications/MAMP/htdocs/web-blog/system/CodeIgniter.php(333): CodeIgniter\CodeIgniter->handleRequest(NULL, Object(Config\Cache), false)
#10 /Applications/MAMP/htdocs/web-blog/public/index.php(44): CodeIgniter\CodeIgniter->run()
#11 /Applications/MAMP/htdocs/web-blog/system/Commands/Server/rewrite.php(45): require_once('/Applications/M...')
#12 {main}
CRITICAL - 2021-05-18 04:27:57 --> Undefined index: id_blog
#0 /Applications/MAMP/htdocs/web-blog/app/Views/admin/blog/index.php(84): CodeIgniter\Debug\Exceptions->errorHandler(8, 'Undefined index...', '/Applications/M...', 84, Array)
#1 /Applications/MAMP/htdocs/web-blog/system/View/View.php(220): include('/Applications/M...')
#2 /Applications/MAMP/htdocs/web-blog/system/View/View.php(222): CodeIgniter\View\View->CodeIgniter\View\{closure}()
#3 /Applications/MAMP/htdocs/web-blog/system/Common.php(1217): CodeIgniter\View\View->render('admin/blog/inde...', Array, true)
#4 /Applications/MAMP/htdocs/web-blog/app/Controllers/Blog.php(35): view('admin/blog/inde...', Array)
#5 /Applications/MAMP/htdocs/web-blog/system/CodeIgniter.php(936): App\Controllers\Blog->index()
#6 /Applications/MAMP/htdocs/web-blog/system/CodeIgniter.php(432): CodeIgniter\CodeIgniter->runController(Object(App\Controllers\Blog))
#7 /Applications/MAMP/htdocs/web-blog/system/CodeIgniter.php(333): CodeIgniter\CodeIgniter->handleRequest(NULL, Object(Config\Cache), false)
#8 /Applications/MAMP/htdocs/web-blog/public/index.php(44): CodeIgniter\CodeIgniter->run()
#9 /Applications/MAMP/htdocs/web-blog/system/Commands/Server/rewrite.php(45): require_once('/Applications/M...')
#10 {main}
CRITICAL - 2021-05-18 04:27:59 --> Undefined index: id_blog
#0 /Applications/MAMP/htdocs/web-blog/app/Views/admin/blog/index.php(84): CodeIgniter\Debug\Exceptions->errorHandler(8, 'Undefined index...', '/Applications/M...', 84, Array)
#1 /Applications/MAMP/htdocs/web-blog/system/View/View.php(220): include('/Applications/M...')
#2 /Applications/MAMP/htdocs/web-blog/system/View/View.php(222): CodeIgniter\View\View->CodeIgniter\View\{closure}()
#3 /Applications/MAMP/htdocs/web-blog/system/Common.php(1217): CodeIgniter\View\View->render('admin/blog/inde...', Array, true)
#4 /Applications/MAMP/htdocs/web-blog/app/Controllers/Blog.php(35): view('admin/blog/inde...', Array)
#5 /Applications/MAMP/htdocs/web-blog/system/CodeIgniter.php(936): App\Controllers\Blog->index()
#6 /Applications/MAMP/htdocs/web-blog/system/CodeIgniter.php(432): CodeIgniter\CodeIgniter->runController(Object(App\Controllers\Blog))
#7 /Applications/MAMP/htdocs/web-blog/system/CodeIgniter.php(333): CodeIgniter\CodeIgniter->handleRequest(NULL, Object(Config\Cache), false)
#8 /Applications/MAMP/htdocs/web-blog/public/index.php(44): CodeIgniter\CodeIgniter->run()
#9 /Applications/MAMP/htdocs/web-blog/system/Commands/Server/rewrite.php(45): require_once('/Applications/M...')
#10 {main}
CRITICAL - 2021-05-18 04:40:56 --> Call to undefined method App\Controllers\Blog::getById()
#0 /Applications/MAMP/htdocs/web-blog/app/Controllers/Blog.php(135): App\Controllers\Blog->_deleteImage('tes')
#1 /Applications/MAMP/htdocs/web-blog/system/CodeIgniter.php(936): App\Controllers\Blog->delete('tes')
#2 /Applications/MAMP/htdocs/web-blog/system/CodeIgniter.php(432): CodeIgniter\CodeIgniter->runController(Object(App\Controllers\Blog))
#3 /Applications/MAMP/htdocs/web-blog/system/CodeIgniter.php(333): CodeIgniter\CodeIgniter->handleRequest(NULL, Object(Config\Cache), false)
#4 /Applications/MAMP/htdocs/web-blog/public/index.php(44): CodeIgniter\CodeIgniter->run()
#5 /Applications/MAMP/htdocs/web-blog/system/Commands/Server/rewrite.php(45): require_once('/Applications/M...')
#6 {main}
CRITICAL - 2021-05-18 04:52:28 --> Trying to access array offset on value of type null
#0 /Applications/MAMP/htdocs/web-blog/app/Controllers/Blog.php(129): CodeIgniter\Debug\Exceptions->errorHandler(8, 'Trying to acces...', '/Applications/M...', 129, Array)
#1 /Applications/MAMP/htdocs/web-blog/system/CodeIgniter.php(936): App\Controllers\Blog->delete('4')
#2 /Applications/MAMP/htdocs/web-blog/system/CodeIgniter.php(432): CodeIgniter\CodeIgniter->runController(Object(App\Controllers\Blog))
#3 /Applications/MAMP/htdocs/web-blog/system/CodeIgniter.php(333): CodeIgniter\CodeIgniter->handleRequest(NULL, Object(Config\Cache), false)
#4 /Applications/MAMP/htdocs/web-blog/public/index.php(44): CodeIgniter\CodeIgniter->run()
#5 /Applications/MAMP/htdocs/web-blog/system/Commands/Server/rewrite.php(45): require_once('/Applications/M...')
#6 {main}
ERROR - 2021-05-18 04:54:06 --> mysqli_sql_exception: Unknown column 'tes' in 'where clause' in /Applications/MAMP/htdocs/web-blog/system/Database/MySQLi/Connection.php:314
Stack trace:
#0 /Applications/MAMP/htdocs/web-blog/system/Database/MySQLi/Connection.php(314): mysqli->query('SELECT * FROM b...')
#1 /Applications/MAMP/htdocs/web-blog/system/Database/BaseConnection.php(713): CodeIgniter\Database\MySQLi\Connection->execute('SELECT * FROM b...')
#2 /Applications/MAMP/htdocs/web-blog/system/Database/BaseConnection.php(641): CodeIgniter\Database\BaseConnection->simpleQuery('SELECT * FROM b...')
#3 /Applications/MAMP/htdocs/web-blog/app/Controllers/Blog.php(128): CodeIgniter\Database\BaseConnection->query('SELECT * FROM b...')
#4 /Applications/MAMP/htdocs/web-blog/system/CodeIgniter.php(936): App\Controllers\Blog->delete('tes')
#5 /Applications/MAMP/htdocs/web-blog/system/CodeIgniter.php(432): CodeIgniter\CodeIgniter->runController(Object(App\Controllers\Blog))
#6 /Applications/MAMP/htdocs/web-blog/system/CodeIgniter.php(333): CodeIgniter\CodeIgniter->handleRequest(NULL, Object(Config\Cache), false)
#7 /Applications/MAMP/htdocs/web-blog/public/index.php(44): CodeIgniter\CodeIgniter->run()
#8 /Applications/MAMP/htdocs/web-blog/system/Commands/Server/rewrite.php(45): require_once('/Applications/M...')
#9 {main}
CRITICAL - 2021-05-18 04:54:06 --> Unknown column 'tes' in 'where clause'
#0 /Applications/MAMP/htdocs/web-blog/system/Database/MySQLi/Connection.php(314): mysqli->query('SELECT * FROM b...')
#1 /Applications/MAMP/htdocs/web-blog/system/Database/BaseConnection.php(713): CodeIgniter\Database\MySQLi\Connection->execute('SELECT * FROM b...')
#2 /Applications/MAMP/htdocs/web-blog/system/Database/BaseConnection.php(641): CodeIgniter\Database\BaseConnection->simpleQuery('SELECT * FROM b...')
#3 /Applications/MAMP/htdocs/web-blog/app/Controllers/Blog.php(128): CodeIgniter\Database\BaseConnection->query('SELECT * FROM b...')
#4 /Applications/MAMP/htdocs/web-blog/system/CodeIgniter.php(936): App\Controllers\Blog->delete('tes')
#5 /Applications/MAMP/htdocs/web-blog/system/CodeIgniter.php(432): CodeIgniter\CodeIgniter->runController(Object(App\Controllers\Blog))
#6 /Applications/MAMP/htdocs/web-blog/system/CodeIgniter.php(333): CodeIgniter\CodeIgniter->handleRequest(NULL, Object(Config\Cache), false)
#7 /Applications/MAMP/htdocs/web-blog/public/index.php(44): CodeIgniter\CodeIgniter->run()
#8 /Applications/MAMP/htdocs/web-blog/system/Commands/Server/rewrite.php(45): require_once('/Applications/M...')
#9 {main}
CRITICAL - 2021-05-18 04:56:00 --> unlink(admin/img/blog1621330802_8e121c5c2eba4a992dc0.jpg): No such file or directory
#0 [internal function]: CodeIgniter\Debug\Exceptions->errorHandler(2, 'unlink(admin/im...', '/Applications/M...', 133, Array)
#1 /Applications/MAMP/htdocs/web-blog/app/Controllers/Blog.php(133): unlink('admin/img/blog1...')
#2 /Applications/MAMP/htdocs/web-blog/system/CodeIgniter.php(936): App\Controllers\Blog->delete('3')
#3 /Applications/MAMP/htdocs/web-blog/system/CodeIgniter.php(432): CodeIgniter\CodeIgniter->runController(Object(App\Controllers\Blog))
#4 /Applications/MAMP/htdocs/web-blog/system/CodeIgniter.php(333): CodeIgniter\CodeIgniter->handleRequest(NULL, Object(Config\Cache), false)
#5 /Applications/MAMP/htdocs/web-blog/public/index.php(44): CodeIgniter\CodeIgniter->run()
#6 /Applications/MAMP/htdocs/web-blog/system/Commands/Server/rewrite.php(45): require_once('/Applications/M...')
#7 {main}
ERROR - 2021-05-18 04:59:08 --> mysqli_sql_exception: Column 'image' cannot be null in /Applications/MAMP/htdocs/web-blog/system/Database/MySQLi/Connection.php:314
Stack trace:
#0 /Applications/MAMP/htdocs/web-blog/system/Database/MySQLi/Connection.php(314): mysqli->query('INSERT INTO `bl...')
#1 /Applications/MAMP/htdocs/web-blog/system/Database/BaseConnection.php(713): CodeIgniter\Database\MySQLi\Connection->execute('INSERT INTO `bl...')
#2 /Applications/MAMP/htdocs/web-blog/system/Database/BaseConnection.php(641): CodeIgniter\Database\BaseConnection->simpleQuery('INSERT INTO `bl...')
#3 /Applications/MAMP/htdocs/web-blog/system/Database/BaseBuilder.php(2263): CodeIgniter\Database\BaseConnection->query('INSERT INTO `bl...', Array, false)
#4 /Applications/MAMP/htdocs/web-blog/system/Model.php(278): CodeIgniter\Database\BaseBuilder->insert()
#5 /Applications/MAMP/htdocs/web-blog/system/BaseModel.php(758): CodeIgniter\Model->doInsert(Array)
#6 /Applications/MAMP/htdocs/web-blog/system/Model.php(705): CodeIgniter\BaseModel->insert(Array, false)
#7 /Applications/MAMP/htdocs/web-blog/system/BaseModel.php(667): CodeIgniter\Model->insert(Array, false)
#8 /Applications/MAMP/htdocs/web-blog/app/Controllers/Blog.php(111): CodeIgniter\BaseModel->save(Array)
#9 /Applications/MAMP/htdocs/web-blog/system/CodeIgniter.php(936): App\Controllers\Blog->save()
#10 /Applications/MAMP/htdocs/web-blog/system/CodeIgniter.php(432): CodeIgniter\CodeIgniter->runController(Object(App\Controllers\Blog))
#11 /Applications/MAMP/htdocs/web-blog/system/CodeIgniter.php(333): CodeIgniter\CodeIgniter->handleRequest(NULL, Object(Config\Cache), false)
#12 /Applications/MAMP/htdocs/web-blog/public/index.php(44): CodeIgniter\CodeIgniter->run()
#13 /Applications/MAMP/htdocs/web-blog/system/Commands/Server/rewrite.php(45): require_once('/Applications/M...')
#14 {main}
CRITICAL - 2021-05-18 04:59:08 --> Column 'image' cannot be null
#0 /Applications/MAMP/htdocs/web-blog/system/Database/MySQLi/Connection.php(314): mysqli->query('INSERT INTO `bl...')
#1 /Applications/MAMP/htdocs/web-blog/system/Database/BaseConnection.php(713): CodeIgniter\Database\MySQLi\Connection->execute('INSERT INTO `bl...')
#2 /Applications/MAMP/htdocs/web-blog/system/Database/BaseConnection.php(641): CodeIgniter\Database\BaseConnection->simpleQuery('INSERT INTO `bl...')
#3 /Applications/MAMP/htdocs/web-blog/system/Database/BaseBuilder.php(2263): CodeIgniter\Database\BaseConnection->query('INSERT INTO `bl...', Array, false)
#4 /Applications/MAMP/htdocs/web-blog/system/Model.php(278): CodeIgniter\Database\BaseBuilder->insert()
#5 /Applications/MAMP/htdocs/web-blog/system/BaseModel.php(758): CodeIgniter\Model->doInsert(Array)
#6 /Applications/MAMP/htdocs/web-blog/system/Model.php(705): CodeIgniter\BaseModel->insert(Array, false)
#7 /Applications/MAMP/htdocs/web-blog/system/BaseModel.php(667): CodeIgniter\Model->insert(Array, false)
#8 /Applications/MAMP/htdocs/web-blog/app/Controllers/Blog.php(111): CodeIgniter\BaseModel->save(Array)
#9 /Applications/MAMP/htdocs/web-blog/system/CodeIgniter.php(936): App\Controllers\Blog->save()
#10 /Applications/MAMP/htdocs/web-blog/system/CodeIgniter.php(432): CodeIgniter\CodeIgniter->runController(Object(App\Controllers\Blog))
#11 /Applications/MAMP/htdocs/web-blog/system/CodeIgniter.php(333): CodeIgniter\CodeIgniter->handleRequest(NULL, Object(Config\Cache), false)
#12 /Applications/MAMP/htdocs/web-blog/public/index.php(44): CodeIgniter\CodeIgniter->run()
#13 /Applications/MAMP/htdocs/web-blog/system/Commands/Server/rewrite.php(45): require_once('/Applications/M...')
#14 {main}
