CRITICAL - 2021-05-20 04:27:03 --> Undefined index: blog
#0 /Applications/MAMP/htdocs/web-blog/app/Views/admin/blog/edit.php(30): CodeIgniter\Debug\Exceptions->errorHandler(8, 'Undefined index...', '/Applications/M...', 30, Array)
#1 /Applications/MAMP/htdocs/web-blog/system/View/View.php(220): include('/Applications/M...')
#2 /Applications/MAMP/htdocs/web-blog/system/View/View.php(222): CodeIgniter\View\View->CodeIgniter\View\{closure}()
#3 /Applications/MAMP/htdocs/web-blog/system/Common.php(1217): CodeIgniter\View\View->render('admin/blog/edit', Array, true)
#4 /Applications/MAMP/htdocs/web-blog/app/Controllers/Blog.php(152): view('admin/blog/edit', Array)
#5 /Applications/MAMP/htdocs/web-blog/system/CodeIgniter.php(936): App\Controllers\Blog->edit('ashdajskhd-asdh...')
#6 /Applications/MAMP/htdocs/web-blog/system/CodeIgniter.php(432): CodeIgniter\CodeIgniter->runController(Object(App\Controllers\Blog))
#7 /Applications/MAMP/htdocs/web-blog/system/CodeIgniter.php(333): CodeIgniter\CodeIgniter->handleRequest(NULL, Object(Config\Cache), false)
#8 /Applications/MAMP/htdocs/web-blog/public/index.php(44): CodeIgniter\CodeIgniter->run()
#9 /Applications/MAMP/htdocs/web-blog/system/Commands/Server/rewrite.php(45): require_once('/Applications/M...')
#10 {main}
CRITICAL - 2021-05-20 06:37:24 --> Undefined index: prodi
#0 /Applications/MAMP/htdocs/web-blog/app/Views/admin/blog/edit.php(54): CodeIgniter\Debug\Exceptions->errorHandler(8, 'Undefined index...', '/Applications/M...', 54, Array)
#1 /Applications/MAMP/htdocs/web-blog/system/View/View.php(220): include('/Applications/M...')
#2 /Applications/MAMP/htdocs/web-blog/system/View/View.php(222): CodeIgniter\View\View->CodeIgniter\View\{closure}()
#3 /Applications/MAMP/htdocs/web-blog/system/Common.php(1217): CodeIgniter\View\View->render('admin/blog/edit', Array, true)
#4 /Applications/MAMP/htdocs/web-blog/app/Controllers/Blog.php(152): view('admin/blog/edit', Array)
#5 /Applications/MAMP/htdocs/web-blog/system/CodeIgniter.php(936): App\Controllers\Blog->edit('ashdajskhd-asdh...')
#6 /Applications/MAMP/htdocs/web-blog/system/CodeIgniter.php(432): CodeIgniter\CodeIgniter->runController(Object(App\Controllers\Blog))
#7 /Applications/MAMP/htdocs/web-blog/system/CodeIgniter.php(333): CodeIgniter\CodeIgniter->handleRequest(NULL, Object(Config\Cache), false)
#8 /Applications/MAMP/htdocs/web-blog/public/index.php(44): CodeIgniter\CodeIgniter->run()
#9 /Applications/MAMP/htdocs/web-blog/system/Commands/Server/rewrite.php(45): require_once('/Applications/M...')
#10 {main}
CRITICAL - 2021-05-20 06:50:59 --> Undefined index: title
#0 /Applications/MAMP/htdocs/web-blog/app/Controllers/Blog.php(159): CodeIgniter\Debug\Exceptions->errorHandler(8, 'Undefined index...', '/Applications/M...', 159, Array)
#1 /Applications/MAMP/htdocs/web-blog/system/CodeIgniter.php(936): App\Controllers\Blog->update('1')
#2 /Applications/MAMP/htdocs/web-blog/system/CodeIgniter.php(432): CodeIgniter\CodeIgniter->runController(Object(App\Controllers\Blog))
#3 /Applications/MAMP/htdocs/web-blog/system/CodeIgniter.php(333): CodeIgniter\CodeIgniter->handleRequest(NULL, Object(Config\Cache), false)
#4 /Applications/MAMP/htdocs/web-blog/public/index.php(44): CodeIgniter\CodeIgniter->run()
#5 /Applications/MAMP/htdocs/web-blog/system/Commands/Server/rewrite.php(45): require_once('/Applications/M...')
#6 {main}
ERROR - 2021-05-20 06:56:41 --> mysqli_sql_exception: Column 'image' cannot be null in /Applications/MAMP/htdocs/web-blog/system/Database/MySQLi/Connection.php:314
Stack trace:
#0 /Applications/MAMP/htdocs/web-blog/system/Database/MySQLi/Connection.php(314): mysqli->query('INSERT INTO `bl...')
#1 /Applications/MAMP/htdocs/web-blog/system/Database/BaseConnection.php(713): CodeIgniter\Database\MySQLi\Connection->execute('INSERT INTO `bl...')
#2 /Applications/MAMP/htdocs/web-blog/system/Database/BaseConnection.php(641): CodeIgniter\Database\BaseConnection->simpleQuery('INSERT INTO `bl...')
#3 /Applications/MAMP/htdocs/web-blog/system/Database/BaseBuilder.php(2263): CodeIgniter\Database\BaseConnection->query('INSERT INTO `bl...', Array, false)
#4 /Applications/MAMP/htdocs/web-blog/system/Model.php(278): CodeIgniter\Database\BaseBuilder->insert()
#5 /Applications/MAMP/htdocs/web-blog/system/BaseModel.php(758): CodeIgniter\Model->doInsert(Array)
#6 /Applications/MAMP/htdocs/web-blog/system/Model.php(705): CodeIgniter\BaseModel->insert(Array, false)
#7 /Applications/MAMP/htdocs/web-blog/system/BaseModel.php(667): CodeIgniter\Model->insert(Array, false)
#8 /Applications/MAMP/htdocs/web-blog/app/Controllers/Blog.php(225): CodeIgniter\BaseModel->save(Array)
#9 /Applications/MAMP/htdocs/web-blog/system/CodeIgniter.php(936): App\Controllers\Blog->update('1')
#10 /Applications/MAMP/htdocs/web-blog/system/CodeIgniter.php(432): CodeIgniter\CodeIgniter->runController(Object(App\Controllers\Blog))
#11 /Applications/MAMP/htdocs/web-blog/system/CodeIgniter.php(333): CodeIgniter\CodeIgniter->handleRequest(NULL, Object(Config\Cache), false)
#12 /Applications/MAMP/htdocs/web-blog/public/index.php(44): CodeIgniter\CodeIgniter->run()
#13 /Applications/MAMP/htdocs/web-blog/system/Commands/Server/rewrite.php(45): require_once('/Applications/M...')
#14 {main}
CRITICAL - 2021-05-20 06:56:41 --> Column 'image' cannot be null
#0 /Applications/MAMP/htdocs/web-blog/system/Database/MySQLi/Connection.php(314): mysqli->query('INSERT INTO `bl...')
#1 /Applications/MAMP/htdocs/web-blog/system/Database/BaseConnection.php(713): CodeIgniter\Database\MySQLi\Connection->execute('INSERT INTO `bl...')
#2 /Applications/MAMP/htdocs/web-blog/system/Database/BaseConnection.php(641): CodeIgniter\Database\BaseConnection->simpleQuery('INSERT INTO `bl...')
#3 /Applications/MAMP/htdocs/web-blog/system/Database/BaseBuilder.php(2263): CodeIgniter\Database\BaseConnection->query('INSERT INTO `bl...', Array, false)
#4 /Applications/MAMP/htdocs/web-blog/system/Model.php(278): CodeIgniter\Database\BaseBuilder->insert()
#5 /Applications/MAMP/htdocs/web-blog/system/BaseModel.php(758): CodeIgniter\Model->doInsert(Array)
#6 /Applications/MAMP/htdocs/web-blog/system/Model.php(705): CodeIgniter\BaseModel->insert(Array, false)
#7 /Applications/MAMP/htdocs/web-blog/system/BaseModel.php(667): CodeIgniter\Model->insert(Array, false)
#8 /Applications/MAMP/htdocs/web-blog/app/Controllers/Blog.php(225): CodeIgniter\BaseModel->save(Array)
#9 /Applications/MAMP/htdocs/web-blog/system/CodeIgniter.php(936): App\Controllers\Blog->update('1')
#10 /Applications/MAMP/htdocs/web-blog/system/CodeIgniter.php(432): CodeIgniter\CodeIgniter->runController(Object(App\Controllers\Blog))
#11 /Applications/MAMP/htdocs/web-blog/system/CodeIgniter.php(333): CodeIgniter\CodeIgniter->handleRequest(NULL, Object(Config\Cache), false)
#12 /Applications/MAMP/htdocs/web-blog/public/index.php(44): CodeIgniter\CodeIgniter->run()
#13 /Applications/MAMP/htdocs/web-blog/system/Commands/Server/rewrite.php(45): require_once('/Applications/M...')
#14 {main}
ERROR - 2021-05-20 06:57:31 --> mysqli_sql_exception: Column 'image' cannot be null in /Applications/MAMP/htdocs/web-blog/system/Database/MySQLi/Connection.php:314
Stack trace:
#0 /Applications/MAMP/htdocs/web-blog/system/Database/MySQLi/Connection.php(314): mysqli->query('INSERT INTO `bl...')
#1 /Applications/MAMP/htdocs/web-blog/system/Database/BaseConnection.php(713): CodeIgniter\Database\MySQLi\Connection->execute('INSERT INTO `bl...')
#2 /Applications/MAMP/htdocs/web-blog/system/Database/BaseConnection.php(641): CodeIgniter\Database\BaseConnection->simpleQuery('INSERT INTO `bl...')
#3 /Applications/MAMP/htdocs/web-blog/system/Database/BaseBuilder.php(2263): CodeIgniter\Database\BaseConnection->query('INSERT INTO `bl...', Array, false)
#4 /Applications/MAMP/htdocs/web-blog/system/Model.php(278): CodeIgniter\Database\BaseBuilder->insert()
#5 /Applications/MAMP/htdocs/web-blog/system/BaseModel.php(758): CodeIgniter\Model->doInsert(Array)
#6 /Applications/MAMP/htdocs/web-blog/system/Model.php(705): CodeIgniter\BaseModel->insert(Array, false)
#7 /Applications/MAMP/htdocs/web-blog/system/BaseModel.php(667): CodeIgniter\Model->insert(Array, false)
#8 /Applications/MAMP/htdocs/web-blog/app/Controllers/Blog.php(234): CodeIgniter\BaseModel->save(Array)
#9 /Applications/MAMP/htdocs/web-blog/system/CodeIgniter.php(936): App\Controllers\Blog->update('1')
#10 /Applications/MAMP/htdocs/web-blog/system/CodeIgniter.php(432): CodeIgniter\CodeIgniter->runController(Object(App\Controllers\Blog))
#11 /Applications/MAMP/htdocs/web-blog/system/CodeIgniter.php(333): CodeIgniter\CodeIgniter->handleRequest(NULL, Object(Config\Cache), false)
#12 /Applications/MAMP/htdocs/web-blog/public/index.php(44): CodeIgniter\CodeIgniter->run()
#13 /Applications/MAMP/htdocs/web-blog/system/Commands/Server/rewrite.php(45): require_once('/Applications/M...')
#14 {main}
CRITICAL - 2021-05-20 06:57:31 --> Column 'image' cannot be null
#0 /Applications/MAMP/htdocs/web-blog/system/Database/MySQLi/Connection.php(314): mysqli->query('INSERT INTO `bl...')
#1 /Applications/MAMP/htdocs/web-blog/system/Database/BaseConnection.php(713): CodeIgniter\Database\MySQLi\Connection->execute('INSERT INTO `bl...')
#2 /Applications/MAMP/htdocs/web-blog/system/Database/BaseConnection.php(641): CodeIgniter\Database\BaseConnection->simpleQuery('INSERT INTO `bl...')
#3 /Applications/MAMP/htdocs/web-blog/system/Database/BaseBuilder.php(2263): CodeIgniter\Database\BaseConnection->query('INSERT INTO `bl...', Array, false)
#4 /Applications/MAMP/htdocs/web-blog/system/Model.php(278): CodeIgniter\Database\BaseBuilder->insert()
#5 /Applications/MAMP/htdocs/web-blog/system/BaseModel.php(758): CodeIgniter\Model->doInsert(Array)
#6 /Applications/MAMP/htdocs/web-blog/system/Model.php(705): CodeIgniter\BaseModel->insert(Array, false)
#7 /Applications/MAMP/htdocs/web-blog/system/BaseModel.php(667): CodeIgniter\Model->insert(Array, false)
#8 /Applications/MAMP/htdocs/web-blog/app/Controllers/Blog.php(234): CodeIgniter\BaseModel->save(Array)
#9 /Applications/MAMP/htdocs/web-blog/system/CodeIgniter.php(936): App\Controllers\Blog->update('1')
#10 /Applications/MAMP/htdocs/web-blog/system/CodeIgniter.php(432): CodeIgniter\CodeIgniter->runController(Object(App\Controllers\Blog))
#11 /Applications/MAMP/htdocs/web-blog/system/CodeIgniter.php(333): CodeIgniter\CodeIgniter->handleRequest(NULL, Object(Config\Cache), false)
#12 /Applications/MAMP/htdocs/web-blog/public/index.php(44): CodeIgniter\CodeIgniter->run()
#13 /Applications/MAMP/htdocs/web-blog/system/Commands/Server/rewrite.php(45): require_once('/Applications/M...')
#14 {main}
CRITICAL - 2021-05-20 07:01:52 --> unlink(admin/img/blog/): Operation not permitted
#0 [internal function]: CodeIgniter\Debug\Exceptions->errorHandler(2, 'unlink(admin/im...', '/Applications/M...', 134, Array)
#1 /Applications/MAMP/htdocs/web-blog/app/Controllers/Blog.php(134): unlink('admin/img/blog/')
#2 /Applications/MAMP/htdocs/web-blog/system/CodeIgniter.php(936): App\Controllers\Blog->delete('2')
#3 /Applications/MAMP/htdocs/web-blog/system/CodeIgniter.php(432): CodeIgniter\CodeIgniter->runController(Object(App\Controllers\Blog))
#4 /Applications/MAMP/htdocs/web-blog/system/CodeIgniter.php(333): CodeIgniter\CodeIgniter->handleRequest(NULL, Object(Config\Cache), false)
#5 /Applications/MAMP/htdocs/web-blog/public/index.php(44): CodeIgniter\CodeIgniter->run()
#6 /Applications/MAMP/htdocs/web-blog/system/Commands/Server/rewrite.php(45): require_once('/Applications/M...')
#7 {main}
CRITICAL - 2021-05-20 07:01:58 --> unlink(admin/img/blog/): Operation not permitted
#0 [internal function]: CodeIgniter\Debug\Exceptions->errorHandler(2, 'unlink(admin/im...', '/Applications/M...', 134, Array)
#1 /Applications/MAMP/htdocs/web-blog/app/Controllers/Blog.php(134): unlink('admin/img/blog/')
#2 /Applications/MAMP/htdocs/web-blog/system/CodeIgniter.php(936): App\Controllers\Blog->delete('2')
#3 /Applications/MAMP/htdocs/web-blog/system/CodeIgniter.php(432): CodeIgniter\CodeIgniter->runController(Object(App\Controllers\Blog))
#4 /Applications/MAMP/htdocs/web-blog/system/CodeIgniter.php(333): CodeIgniter\CodeIgniter->handleRequest(NULL, Object(Config\Cache), false)
#5 /Applications/MAMP/htdocs/web-blog/public/index.php(44): CodeIgniter\CodeIgniter->run()
#6 /Applications/MAMP/htdocs/web-blog/system/Commands/Server/rewrite.php(45): require_once('/Applications/M...')
#7 {main}
ERROR - 2021-05-20 07:11:05 --> mysqli_sql_exception: Duplicate entry '3' for key 'PRIMARY' in /Applications/MAMP/htdocs/web-blog/system/Database/MySQLi/Connection.php:314
Stack trace:
#0 /Applications/MAMP/htdocs/web-blog/system/Database/MySQLi/Connection.php(314): mysqli->query('INSERT INTO `bl...')
#1 /Applications/MAMP/htdocs/web-blog/system/Database/BaseConnection.php(713): CodeIgniter\Database\MySQLi\Connection->execute('INSERT INTO `bl...')
#2 /Applications/MAMP/htdocs/web-blog/system/Database/BaseConnection.php(641): CodeIgniter\Database\BaseConnection->simpleQuery('INSERT INTO `bl...')
#3 /Applications/MAMP/htdocs/web-blog/system/Database/BaseBuilder.php(2263): CodeIgniter\Database\BaseConnection->query('INSERT INTO `bl...', Array, false)
#4 /Applications/MAMP/htdocs/web-blog/system/Model.php(278): CodeIgniter\Database\BaseBuilder->insert()
#5 /Applications/MAMP/htdocs/web-blog/system/BaseModel.php(758): CodeIgniter\Model->doInsert(Array)
#6 /Applications/MAMP/htdocs/web-blog/system/Model.php(705): CodeIgniter\BaseModel->insert(Array, false)
#7 /Applications/MAMP/htdocs/web-blog/system/BaseModel.php(667): CodeIgniter\Model->insert(Array, false)
#8 /Applications/MAMP/htdocs/web-blog/app/Controllers/Blog.php(225): CodeIgniter\BaseModel->save(Array)
#9 /Applications/MAMP/htdocs/web-blog/system/CodeIgniter.php(936): App\Controllers\Blog->update('3')
#10 /Applications/MAMP/htdocs/web-blog/system/CodeIgniter.php(432): CodeIgniter\CodeIgniter->runController(Object(App\Controllers\Blog))
#11 /Applications/MAMP/htdocs/web-blog/system/CodeIgniter.php(333): CodeIgniter\CodeIgniter->handleRequest(NULL, Object(Config\Cache), false)
#12 /Applications/MAMP/htdocs/web-blog/public/index.php(44): CodeIgniter\CodeIgniter->run()
#13 /Applications/MAMP/htdocs/web-blog/system/Commands/Server/rewrite.php(45): require_once('/Applications/M...')
#14 {main}
CRITICAL - 2021-05-20 07:11:05 --> Duplicate entry '3' for key 'PRIMARY'
#0 /Applications/MAMP/htdocs/web-blog/system/Database/MySQLi/Connection.php(314): mysqli->query('INSERT INTO `bl...')
#1 /Applications/MAMP/htdocs/web-blog/system/Database/BaseConnection.php(713): CodeIgniter\Database\MySQLi\Connection->execute('INSERT INTO `bl...')
#2 /Applications/MAMP/htdocs/web-blog/system/Database/BaseConnection.php(641): CodeIgniter\Database\BaseConnection->simpleQuery('INSERT INTO `bl...')
#3 /Applications/MAMP/htdocs/web-blog/system/Database/BaseBuilder.php(2263): CodeIgniter\Database\BaseConnection->query('INSERT INTO `bl...', Array, false)
#4 /Applications/MAMP/htdocs/web-blog/system/Model.php(278): CodeIgniter\Database\BaseBuilder->insert()
#5 /Applications/MAMP/htdocs/web-blog/system/BaseModel.php(758): CodeIgniter\Model->doInsert(Array)
#6 /Applications/MAMP/htdocs/web-blog/system/Model.php(705): CodeIgniter\BaseModel->insert(Array, false)
#7 /Applications/MAMP/htdocs/web-blog/system/BaseModel.php(667): CodeIgniter\Model->insert(Array, false)
#8 /Applications/MAMP/htdocs/web-blog/app/Controllers/Blog.php(225): CodeIgniter\BaseModel->save(Array)
#9 /Applications/MAMP/htdocs/web-blog/system/CodeIgniter.php(936): App\Controllers\Blog->update('3')
#10 /Applications/MAMP/htdocs/web-blog/system/CodeIgniter.php(432): CodeIgniter\CodeIgniter->runController(Object(App\Controllers\Blog))
#11 /Applications/MAMP/htdocs/web-blog/system/CodeIgniter.php(333): CodeIgniter\CodeIgniter->handleRequest(NULL, Object(Config\Cache), false)
#12 /Applications/MAMP/htdocs/web-blog/public/index.php(44): CodeIgniter\CodeIgniter->run()
#13 /Applications/MAMP/htdocs/web-blog/system/Commands/Server/rewrite.php(45): require_once('/Applications/M...')
#14 {main}
CRITICAL - 2021-05-20 07:12:52 --> Trying to access array offset on value of type null
#0 /Applications/MAMP/htdocs/web-blog/app/Views/admin/blog/edit.php(13): CodeIgniter\Debug\Exceptions->errorHandler(8, 'Trying to acces...', '/Applications/M...', 13, Array)
#1 /Applications/MAMP/htdocs/web-blog/system/View/View.php(220): include('/Applications/M...')
#2 /Applications/MAMP/htdocs/web-blog/system/View/View.php(222): CodeIgniter\View\View->CodeIgniter\View\{closure}()
#3 /Applications/MAMP/htdocs/web-blog/system/Common.php(1217): CodeIgniter\View\View->render('admin/blog/edit', Array, true)
#4 /Applications/MAMP/htdocs/web-blog/app/Controllers/Blog.php(152): view('admin/blog/edit', Array)
#5 /Applications/MAMP/htdocs/web-blog/system/CodeIgniter.php(936): App\Controllers\Blog->edit('tulisan-hari-in...')
#6 /Applications/MAMP/htdocs/web-blog/system/CodeIgniter.php(432): CodeIgniter\CodeIgniter->runController(Object(App\Controllers\Blog))
#7 /Applications/MAMP/htdocs/web-blog/system/CodeIgniter.php(333): CodeIgniter\CodeIgniter->handleRequest(NULL, Object(Config\Cache), false)
#8 /Applications/MAMP/htdocs/web-blog/public/index.php(44): CodeIgniter\CodeIgniter->run()
#9 /Applications/MAMP/htdocs/web-blog/system/Commands/Server/rewrite.php(45): require_once('/Applications/M...')
#10 {main}
CRITICAL - 2021-05-20 07:12:54 --> Trying to access array offset on value of type null
#0 /Applications/MAMP/htdocs/web-blog/app/Views/admin/blog/edit.php(13): CodeIgniter\Debug\Exceptions->errorHandler(8, 'Trying to acces...', '/Applications/M...', 13, Array)
#1 /Applications/MAMP/htdocs/web-blog/system/View/View.php(220): include('/Applications/M...')
#2 /Applications/MAMP/htdocs/web-blog/system/View/View.php(222): CodeIgniter\View\View->CodeIgniter\View\{closure}()
#3 /Applications/MAMP/htdocs/web-blog/system/Common.php(1217): CodeIgniter\View\View->render('admin/blog/edit', Array, true)
#4 /Applications/MAMP/htdocs/web-blog/app/Controllers/Blog.php(152): view('admin/blog/edit', Array)
#5 /Applications/MAMP/htdocs/web-blog/system/CodeIgniter.php(936): App\Controllers\Blog->edit('tulisan-hari-in...')
#6 /Applications/MAMP/htdocs/web-blog/system/CodeIgniter.php(432): CodeIgniter\CodeIgniter->runController(Object(App\Controllers\Blog))
#7 /Applications/MAMP/htdocs/web-blog/system/CodeIgniter.php(333): CodeIgniter\CodeIgniter->handleRequest(NULL, Object(Config\Cache), false)
#8 /Applications/MAMP/htdocs/web-blog/public/index.php(44): CodeIgniter\CodeIgniter->run()
#9 /Applications/MAMP/htdocs/web-blog/system/Commands/Server/rewrite.php(45): require_once('/Applications/M...')
#10 {main}
CRITICAL - 2021-05-20 07:13:10 --> Trying to access array offset on value of type null
#0 /Applications/MAMP/htdocs/web-blog/app/Views/admin/blog/edit.php(13): CodeIgniter\Debug\Exceptions->errorHandler(8, 'Trying to acces...', '/Applications/M...', 13, Array)
#1 /Applications/MAMP/htdocs/web-blog/system/View/View.php(220): include('/Applications/M...')
#2 /Applications/MAMP/htdocs/web-blog/system/View/View.php(222): CodeIgniter\View\View->CodeIgniter\View\{closure}()
#3 /Applications/MAMP/htdocs/web-blog/system/Common.php(1217): CodeIgniter\View\View->render('admin/blog/edit', Array, true)
#4 /Applications/MAMP/htdocs/web-blog/app/Controllers/Blog.php(152): view('admin/blog/edit', Array)
#5 /Applications/MAMP/htdocs/web-blog/system/CodeIgniter.php(936): App\Controllers\Blog->edit('tulisan-hari-in...')
#6 /Applications/MAMP/htdocs/web-blog/system/CodeIgniter.php(432): CodeIgniter\CodeIgniter->runController(Object(App\Controllers\Blog))
#7 /Applications/MAMP/htdocs/web-blog/system/CodeIgniter.php(333): CodeIgniter\CodeIgniter->handleRequest(NULL, Object(Config\Cache), false)
#8 /Applications/MAMP/htdocs/web-blog/public/index.php(44): CodeIgniter\CodeIgniter->run()
#9 /Applications/MAMP/htdocs/web-blog/system/Commands/Server/rewrite.php(45): require_once('/Applications/M...')
#10 {main}
CRITICAL - 2021-05-20 07:13:28 --> Trying to access array offset on value of type null
#0 /Applications/MAMP/htdocs/web-blog/app/Views/admin/blog/edit.php(13): CodeIgniter\Debug\Exceptions->errorHandler(8, 'Trying to acces...', '/Applications/M...', 13, Array)
#1 /Applications/MAMP/htdocs/web-blog/system/View/View.php(220): include('/Applications/M...')
#2 /Applications/MAMP/htdocs/web-blog/system/View/View.php(222): CodeIgniter\View\View->CodeIgniter\View\{closure}()
#3 /Applications/MAMP/htdocs/web-blog/system/Common.php(1217): CodeIgniter\View\View->render('admin/blog/edit', Array, true)
#4 /Applications/MAMP/htdocs/web-blog/app/Controllers/Blog.php(152): view('admin/blog/edit', Array)
#5 /Applications/MAMP/htdocs/web-blog/system/CodeIgniter.php(936): App\Controllers\Blog->edit('tulisan-hari-in...')
#6 /Applications/MAMP/htdocs/web-blog/system/CodeIgniter.php(432): CodeIgniter\CodeIgniter->runController(Object(App\Controllers\Blog))
#7 /Applications/MAMP/htdocs/web-blog/system/CodeIgniter.php(333): CodeIgniter\CodeIgniter->handleRequest(NULL, Object(Config\Cache), false)
#8 /Applications/MAMP/htdocs/web-blog/public/index.php(44): CodeIgniter\CodeIgniter->run()
#9 /Applications/MAMP/htdocs/web-blog/system/Commands/Server/rewrite.php(45): require_once('/Applications/M...')
#10 {main}
CRITICAL - 2021-05-20 07:13:29 --> Trying to access array offset on value of type null
#0 /Applications/MAMP/htdocs/web-blog/app/Views/admin/blog/edit.php(13): CodeIgniter\Debug\Exceptions->errorHandler(8, 'Trying to acces...', '/Applications/M...', 13, Array)
#1 /Applications/MAMP/htdocs/web-blog/system/View/View.php(220): include('/Applications/M...')
#2 /Applications/MAMP/htdocs/web-blog/system/View/View.php(222): CodeIgniter\View\View->CodeIgniter\View\{closure}()
#3 /Applications/MAMP/htdocs/web-blog/system/Common.php(1217): CodeIgniter\View\View->render('admin/blog/edit', Array, true)
#4 /Applications/MAMP/htdocs/web-blog/app/Controllers/Blog.php(152): view('admin/blog/edit', Array)
#5 /Applications/MAMP/htdocs/web-blog/system/CodeIgniter.php(936): App\Controllers\Blog->edit('tulisan-hari-in...')
#6 /Applications/MAMP/htdocs/web-blog/system/CodeIgniter.php(432): CodeIgniter\CodeIgniter->runController(Object(App\Controllers\Blog))
#7 /Applications/MAMP/htdocs/web-blog/system/CodeIgniter.php(333): CodeIgniter\CodeIgniter->handleRequest(NULL, Object(Config\Cache), false)
#8 /Applications/MAMP/htdocs/web-blog/public/index.php(44): CodeIgniter\CodeIgniter->run()
#9 /Applications/MAMP/htdocs/web-blog/system/Commands/Server/rewrite.php(45): require_once('/Applications/M...')
#10 {main}
CRITICAL - 2021-05-20 07:13:31 --> Trying to access array offset on value of type null
#0 /Applications/MAMP/htdocs/web-blog/app/Views/admin/blog/edit.php(13): CodeIgniter\Debug\Exceptions->errorHandler(8, 'Trying to acces...', '/Applications/M...', 13, Array)
#1 /Applications/MAMP/htdocs/web-blog/system/View/View.php(220): include('/Applications/M...')
#2 /Applications/MAMP/htdocs/web-blog/system/View/View.php(222): CodeIgniter\View\View->CodeIgniter\View\{closure}()
#3 /Applications/MAMP/htdocs/web-blog/system/Common.php(1217): CodeIgniter\View\View->render('admin/blog/edit', Array, true)
#4 /Applications/MAMP/htdocs/web-blog/app/Controllers/Blog.php(152): view('admin/blog/edit', Array)
#5 /Applications/MAMP/htdocs/web-blog/system/CodeIgniter.php(936): App\Controllers\Blog->edit('tulisan-hari-in...')
#6 /Applications/MAMP/htdocs/web-blog/system/CodeIgniter.php(432): CodeIgniter\CodeIgniter->runController(Object(App\Controllers\Blog))
#7 /Applications/MAMP/htdocs/web-blog/system/CodeIgniter.php(333): CodeIgniter\CodeIgniter->handleRequest(NULL, Object(Config\Cache), false)
#8 /Applications/MAMP/htdocs/web-blog/public/index.php(44): CodeIgniter\CodeIgniter->run()
#9 /Applications/MAMP/htdocs/web-blog/system/Commands/Server/rewrite.php(45): require_once('/Applications/M...')
#10 {main}
CRITICAL - 2021-05-20 07:13:32 --> Trying to access array offset on value of type null
#0 /Applications/MAMP/htdocs/web-blog/app/Views/admin/blog/edit.php(13): CodeIgniter\Debug\Exceptions->errorHandler(8, 'Trying to acces...', '/Applications/M...', 13, Array)
#1 /Applications/MAMP/htdocs/web-blog/system/View/View.php(220): include('/Applications/M...')
#2 /Applications/MAMP/htdocs/web-blog/system/View/View.php(222): CodeIgniter\View\View->CodeIgniter\View\{closure}()
#3 /Applications/MAMP/htdocs/web-blog/system/Common.php(1217): CodeIgniter\View\View->render('admin/blog/edit', Array, true)
#4 /Applications/MAMP/htdocs/web-blog/app/Controllers/Blog.php(152): view('admin/blog/edit', Array)
#5 /Applications/MAMP/htdocs/web-blog/system/CodeIgniter.php(936): App\Controllers\Blog->edit('tulisan-hari-in...')
#6 /Applications/MAMP/htdocs/web-blog/system/CodeIgniter.php(432): CodeIgniter\CodeIgniter->runController(Object(App\Controllers\Blog))
#7 /Applications/MAMP/htdocs/web-blog/system/CodeIgniter.php(333): CodeIgniter\CodeIgniter->handleRequest(NULL, Object(Config\Cache), false)
#8 /Applications/MAMP/htdocs/web-blog/public/index.php(44): CodeIgniter\CodeIgniter->run()
#9 /Applications/MAMP/htdocs/web-blog/system/Commands/Server/rewrite.php(45): require_once('/Applications/M...')
#10 {main}
ERROR - 2021-05-20 07:14:29 --> mysqli_sql_exception: Duplicate entry '3' for key 'PRIMARY' in /Applications/MAMP/htdocs/web-blog/system/Database/MySQLi/Connection.php:314
Stack trace:
#0 /Applications/MAMP/htdocs/web-blog/system/Database/MySQLi/Connection.php(314): mysqli->query('INSERT INTO `bl...')
#1 /Applications/MAMP/htdocs/web-blog/system/Database/BaseConnection.php(713): CodeIgniter\Database\MySQLi\Connection->execute('INSERT INTO `bl...')
#2 /Applications/MAMP/htdocs/web-blog/system/Database/BaseConnection.php(641): CodeIgniter\Database\BaseConnection->simpleQuery('INSERT INTO `bl...')
#3 /Applications/MAMP/htdocs/web-blog/system/Database/BaseBuilder.php(2263): CodeIgniter\Database\BaseConnection->query('INSERT INTO `bl...', Array, false)
#4 /Applications/MAMP/htdocs/web-blog/system/Model.php(278): CodeIgniter\Database\BaseBuilder->insert()
#5 /Applications/MAMP/htdocs/web-blog/system/BaseModel.php(758): CodeIgniter\Model->doInsert(Array)
#6 /Applications/MAMP/htdocs/web-blog/system/Model.php(705): CodeIgniter\BaseModel->insert(Array, false)
#7 /Applications/MAMP/htdocs/web-blog/system/BaseModel.php(667): CodeIgniter\Model->insert(Array, false)
#8 /Applications/MAMP/htdocs/web-blog/app/Controllers/Blog.php(225): CodeIgniter\BaseModel->save(Array)
#9 /Applications/MAMP/htdocs/web-blog/system/CodeIgniter.php(936): App\Controllers\Blog->update('3')
#10 /Applications/MAMP/htdocs/web-blog/system/CodeIgniter.php(432): CodeIgniter\CodeIgniter->runController(Object(App\Controllers\Blog))
#11 /Applications/MAMP/htdocs/web-blog/system/CodeIgniter.php(333): CodeIgniter\CodeIgniter->handleRequest(NULL, Object(Config\Cache), false)
#12 /Applications/MAMP/htdocs/web-blog/public/index.php(44): CodeIgniter\CodeIgniter->run()
#13 /Applications/MAMP/htdocs/web-blog/system/Commands/Server/rewrite.php(45): require_once('/Applications/M...')
#14 {main}
CRITICAL - 2021-05-20 07:14:29 --> Duplicate entry '3' for key 'PRIMARY'
#0 /Applications/MAMP/htdocs/web-blog/system/Database/MySQLi/Connection.php(314): mysqli->query('INSERT INTO `bl...')
#1 /Applications/MAMP/htdocs/web-blog/system/Database/BaseConnection.php(713): CodeIgniter\Database\MySQLi\Connection->execute('INSERT INTO `bl...')
#2 /Applications/MAMP/htdocs/web-blog/system/Database/BaseConnection.php(641): CodeIgniter\Database\BaseConnection->simpleQuery('INSERT INTO `bl...')
#3 /Applications/MAMP/htdocs/web-blog/system/Database/BaseBuilder.php(2263): CodeIgniter\Database\BaseConnection->query('INSERT INTO `bl...', Array, false)
#4 /Applications/MAMP/htdocs/web-blog/system/Model.php(278): CodeIgniter\Database\BaseBuilder->insert()
#5 /Applications/MAMP/htdocs/web-blog/system/BaseModel.php(758): CodeIgniter\Model->doInsert(Array)
#6 /Applications/MAMP/htdocs/web-blog/system/Model.php(705): CodeIgniter\BaseModel->insert(Array, false)
#7 /Applications/MAMP/htdocs/web-blog/system/BaseModel.php(667): CodeIgniter\Model->insert(Array, false)
#8 /Applications/MAMP/htdocs/web-blog/app/Controllers/Blog.php(225): CodeIgniter\BaseModel->save(Array)
#9 /Applications/MAMP/htdocs/web-blog/system/CodeIgniter.php(936): App\Controllers\Blog->update('3')
#10 /Applications/MAMP/htdocs/web-blog/system/CodeIgniter.php(432): CodeIgniter\CodeIgniter->runController(Object(App\Controllers\Blog))
#11 /Applications/MAMP/htdocs/web-blog/system/CodeIgniter.php(333): CodeIgniter\CodeIgniter->handleRequest(NULL, Object(Config\Cache), false)
#12 /Applications/MAMP/htdocs/web-blog/public/index.php(44): CodeIgniter\CodeIgniter->run()
#13 /Applications/MAMP/htdocs/web-blog/system/Commands/Server/rewrite.php(45): require_once('/Applications/M...')
#14 {main}
CRITICAL - 2021-05-20 07:16:33 --> Undefined index: title
#0 /Applications/MAMP/htdocs/web-blog/app/Controllers/Blog.php(159): CodeIgniter\Debug\Exceptions->errorHandler(8, 'Undefined index...', '/Applications/M...', 159, Array)
#1 /Applications/MAMP/htdocs/web-blog/system/CodeIgniter.php(936): App\Controllers\Blog->update('3')
#2 /Applications/MAMP/htdocs/web-blog/system/CodeIgniter.php(432): CodeIgniter\CodeIgniter->runController(Object(App\Controllers\Blog))
#3 /Applications/MAMP/htdocs/web-blog/system/CodeIgniter.php(333): CodeIgniter\CodeIgniter->handleRequest(NULL, Object(Config\Cache), false)
#4 /Applications/MAMP/htdocs/web-blog/public/index.php(44): CodeIgniter\CodeIgniter->run()
#5 /Applications/MAMP/htdocs/web-blog/system/Commands/Server/rewrite.php(45): require_once('/Applications/M...')
#6 {main}
CRITICAL - 2021-05-20 07:16:37 --> Undefined index: title
#0 /Applications/MAMP/htdocs/web-blog/app/Controllers/Blog.php(159): CodeIgniter\Debug\Exceptions->errorHandler(8, 'Undefined index...', '/Applications/M...', 159, Array)
#1 /Applications/MAMP/htdocs/web-blog/system/CodeIgniter.php(936): App\Controllers\Blog->update('3')
#2 /Applications/MAMP/htdocs/web-blog/system/CodeIgniter.php(432): CodeIgniter\CodeIgniter->runController(Object(App\Controllers\Blog))
#3 /Applications/MAMP/htdocs/web-blog/system/CodeIgniter.php(333): CodeIgniter\CodeIgniter->handleRequest(NULL, Object(Config\Cache), false)
#4 /Applications/MAMP/htdocs/web-blog/public/index.php(44): CodeIgniter\CodeIgniter->run()
#5 /Applications/MAMP/htdocs/web-blog/system/Commands/Server/rewrite.php(45): require_once('/Applications/M...')
#6 {main}
ERROR - 2021-05-20 07:16:52 --> mysqli_sql_exception: Duplicate entry '3' for key 'PRIMARY' in /Applications/MAMP/htdocs/web-blog/system/Database/MySQLi/Connection.php:314
Stack trace:
#0 /Applications/MAMP/htdocs/web-blog/system/Database/MySQLi/Connection.php(314): mysqli->query('INSERT INTO `bl...')
#1 /Applications/MAMP/htdocs/web-blog/system/Database/BaseConnection.php(713): CodeIgniter\Database\MySQLi\Connection->execute('INSERT INTO `bl...')
#2 /Applications/MAMP/htdocs/web-blog/system/Database/BaseConnection.php(641): CodeIgniter\Database\BaseConnection->simpleQuery('INSERT INTO `bl...')
#3 /Applications/MAMP/htdocs/web-blog/system/Database/BaseBuilder.php(2263): CodeIgniter\Database\BaseConnection->query('INSERT INTO `bl...', Array, false)
#4 /Applications/MAMP/htdocs/web-blog/system/Model.php(278): CodeIgniter\Database\BaseBuilder->insert()
#5 /Applications/MAMP/htdocs/web-blog/system/BaseModel.php(758): CodeIgniter\Model->doInsert(Array)
#6 /Applications/MAMP/htdocs/web-blog/system/Model.php(705): CodeIgniter\BaseModel->insert(Array, false)
#7 /Applications/MAMP/htdocs/web-blog/system/BaseModel.php(667): CodeIgniter\Model->insert(Array, false)
#8 /Applications/MAMP/htdocs/web-blog/app/Controllers/Blog.php(225): CodeIgniter\BaseModel->save(Array)
#9 /Applications/MAMP/htdocs/web-blog/system/CodeIgniter.php(936): App\Controllers\Blog->update('3')
#10 /Applications/MAMP/htdocs/web-blog/system/CodeIgniter.php(432): CodeIgniter\CodeIgniter->runController(Object(App\Controllers\Blog))
#11 /Applications/MAMP/htdocs/web-blog/system/CodeIgniter.php(333): CodeIgniter\CodeIgniter->handleRequest(NULL, Object(Config\Cache), false)
#12 /Applications/MAMP/htdocs/web-blog/public/index.php(44): CodeIgniter\CodeIgniter->run()
#13 /Applications/MAMP/htdocs/web-blog/system/Commands/Server/rewrite.php(45): require_once('/Applications/M...')
#14 {main}
CRITICAL - 2021-05-20 07:16:52 --> Duplicate entry '3' for key 'PRIMARY'
#0 /Applications/MAMP/htdocs/web-blog/system/Database/MySQLi/Connection.php(314): mysqli->query('INSERT INTO `bl...')
#1 /Applications/MAMP/htdocs/web-blog/system/Database/BaseConnection.php(713): CodeIgniter\Database\MySQLi\Connection->execute('INSERT INTO `bl...')
#2 /Applications/MAMP/htdocs/web-blog/system/Database/BaseConnection.php(641): CodeIgniter\Database\BaseConnection->simpleQuery('INSERT INTO `bl...')
#3 /Applications/MAMP/htdocs/web-blog/system/Database/BaseBuilder.php(2263): CodeIgniter\Database\BaseConnection->query('INSERT INTO `bl...', Array, false)
#4 /Applications/MAMP/htdocs/web-blog/system/Model.php(278): CodeIgniter\Database\BaseBuilder->insert()
#5 /Applications/MAMP/htdocs/web-blog/system/BaseModel.php(758): CodeIgniter\Model->doInsert(Array)
#6 /Applications/MAMP/htdocs/web-blog/system/Model.php(705): CodeIgniter\BaseModel->insert(Array, false)
#7 /Applications/MAMP/htdocs/web-blog/system/BaseModel.php(667): CodeIgniter\Model->insert(Array, false)
#8 /Applications/MAMP/htdocs/web-blog/app/Controllers/Blog.php(225): CodeIgniter\BaseModel->save(Array)
#9 /Applications/MAMP/htdocs/web-blog/system/CodeIgniter.php(936): App\Controllers\Blog->update('3')
#10 /Applications/MAMP/htdocs/web-blog/system/CodeIgniter.php(432): CodeIgniter\CodeIgniter->runController(Object(App\Controllers\Blog))
#11 /Applications/MAMP/htdocs/web-blog/system/CodeIgniter.php(333): CodeIgniter\CodeIgniter->handleRequest(NULL, Object(Config\Cache), false)
#12 /Applications/MAMP/htdocs/web-blog/public/index.php(44): CodeIgniter\CodeIgniter->run()
#13 /Applications/MAMP/htdocs/web-blog/system/Commands/Server/rewrite.php(45): require_once('/Applications/M...')
#14 {main}
ERROR - 2021-05-20 07:18:39 --> mysqli_sql_exception: Duplicate entry '3' for key 'PRIMARY' in /Applications/MAMP/htdocs/web-blog/system/Database/MySQLi/Connection.php:314
Stack trace:
#0 /Applications/MAMP/htdocs/web-blog/system/Database/MySQLi/Connection.php(314): mysqli->query('INSERT INTO `bl...')
#1 /Applications/MAMP/htdocs/web-blog/system/Database/BaseConnection.php(713): CodeIgniter\Database\MySQLi\Connection->execute('INSERT INTO `bl...')
#2 /Applications/MAMP/htdocs/web-blog/system/Database/BaseConnection.php(641): CodeIgniter\Database\BaseConnection->simpleQuery('INSERT INTO `bl...')
#3 /Applications/MAMP/htdocs/web-blog/system/Database/BaseBuilder.php(2263): CodeIgniter\Database\BaseConnection->query('INSERT INTO `bl...', Array, false)
#4 /Applications/MAMP/htdocs/web-blog/system/Model.php(278): CodeIgniter\Database\BaseBuilder->insert()
#5 /Applications/MAMP/htdocs/web-blog/system/BaseModel.php(758): CodeIgniter\Model->doInsert(Array)
#6 /Applications/MAMP/htdocs/web-blog/system/Model.php(705): CodeIgniter\BaseModel->insert(Array, false)
#7 /Applications/MAMP/htdocs/web-blog/system/BaseModel.php(667): CodeIgniter\Model->insert(Array, false)
#8 /Applications/MAMP/htdocs/web-blog/app/Controllers/Blog.php(225): CodeIgniter\BaseModel->save(Array)
#9 /Applications/MAMP/htdocs/web-blog/system/CodeIgniter.php(936): App\Controllers\Blog->update('3')
#10 /Applications/MAMP/htdocs/web-blog/system/CodeIgniter.php(432): CodeIgniter\CodeIgniter->runController(Object(App\Controllers\Blog))
#11 /Applications/MAMP/htdocs/web-blog/system/CodeIgniter.php(333): CodeIgniter\CodeIgniter->handleRequest(NULL, Object(Config\Cache), false)
#12 /Applications/MAMP/htdocs/web-blog/public/index.php(44): CodeIgniter\CodeIgniter->run()
#13 /Applications/MAMP/htdocs/web-blog/system/Commands/Server/rewrite.php(45): require_once('/Applications/M...')
#14 {main}
CRITICAL - 2021-05-20 07:18:39 --> Duplicate entry '3' for key 'PRIMARY'
#0 /Applications/MAMP/htdocs/web-blog/system/Database/MySQLi/Connection.php(314): mysqli->query('INSERT INTO `bl...')
#1 /Applications/MAMP/htdocs/web-blog/system/Database/BaseConnection.php(713): CodeIgniter\Database\MySQLi\Connection->execute('INSERT INTO `bl...')
#2 /Applications/MAMP/htdocs/web-blog/system/Database/BaseConnection.php(641): CodeIgniter\Database\BaseConnection->simpleQuery('INSERT INTO `bl...')
#3 /Applications/MAMP/htdocs/web-blog/system/Database/BaseBuilder.php(2263): CodeIgniter\Database\BaseConnection->query('INSERT INTO `bl...', Array, false)
#4 /Applications/MAMP/htdocs/web-blog/system/Model.php(278): CodeIgniter\Database\BaseBuilder->insert()
#5 /Applications/MAMP/htdocs/web-blog/system/BaseModel.php(758): CodeIgniter\Model->doInsert(Array)
#6 /Applications/MAMP/htdocs/web-blog/system/Model.php(705): CodeIgniter\BaseModel->insert(Array, false)
#7 /Applications/MAMP/htdocs/web-blog/system/BaseModel.php(667): CodeIgniter\Model->insert(Array, false)
#8 /Applications/MAMP/htdocs/web-blog/app/Controllers/Blog.php(225): CodeIgniter\BaseModel->save(Array)
#9 /Applications/MAMP/htdocs/web-blog/system/CodeIgniter.php(936): App\Controllers\Blog->update('3')
#10 /Applications/MAMP/htdocs/web-blog/system/CodeIgniter.php(432): CodeIgniter\CodeIgniter->runController(Object(App\Controllers\Blog))
#11 /Applications/MAMP/htdocs/web-blog/system/CodeIgniter.php(333): CodeIgniter\CodeIgniter->handleRequest(NULL, Object(Config\Cache), false)
#12 /Applications/MAMP/htdocs/web-blog/public/index.php(44): CodeIgniter\CodeIgniter->run()
#13 /Applications/MAMP/htdocs/web-blog/system/Commands/Server/rewrite.php(45): require_once('/Applications/M...')
#14 {main}
CRITICAL - 2021-05-20 20:18:40 --> Invalid file: admin/portofolio/create.php
#0 /Applications/MAMP/htdocs/web-blog/system/View/View.php(203): CodeIgniter\Exceptions\FrameworkException::forInvalidFile('admin/portofoli...')
#1 /Applications/MAMP/htdocs/web-blog/system/Common.php(1217): CodeIgniter\View\View->render('admin/portofoli...', Array, true)
#2 /Applications/MAMP/htdocs/web-blog/app/Controllers/Portofolio.php(67): view('admin/portofoli...', Array)
#3 /Applications/MAMP/htdocs/web-blog/system/CodeIgniter.php(936): App\Controllers\Portofolio->create()
#4 /Applications/MAMP/htdocs/web-blog/system/CodeIgniter.php(432): CodeIgniter\CodeIgniter->runController(Object(App\Controllers\Portofolio))
#5 /Applications/MAMP/htdocs/web-blog/system/CodeIgniter.php(333): CodeIgniter\CodeIgniter->handleRequest(NULL, Object(Config\Cache), false)
#6 /Applications/MAMP/htdocs/web-blog/public/index.php(44): CodeIgniter\CodeIgniter->run()
#7 /Applications/MAMP/htdocs/web-blog/system/Commands/Server/rewrite.php(45): require_once('/Applications/M...')
#8 {main}
CRITICAL - 2021-05-20 20:19:11 --> Invalid file: admin/portofolio/create.php
#0 /Applications/MAMP/htdocs/web-blog/system/View/View.php(203): CodeIgniter\Exceptions\FrameworkException::forInvalidFile('admin/portofoli...')
#1 /Applications/MAMP/htdocs/web-blog/system/Common.php(1217): CodeIgniter\View\View->render('admin/portofoli...', Array, true)
#2 /Applications/MAMP/htdocs/web-blog/app/Controllers/Portofolio.php(67): view('admin/portofoli...', Array)
#3 /Applications/MAMP/htdocs/web-blog/system/CodeIgniter.php(936): App\Controllers\Portofolio->create()
#4 /Applications/MAMP/htdocs/web-blog/system/CodeIgniter.php(432): CodeIgniter\CodeIgniter->runController(Object(App\Controllers\Portofolio))
#5 /Applications/MAMP/htdocs/web-blog/system/CodeIgniter.php(333): CodeIgniter\CodeIgniter->handleRequest(NULL, Object(Config\Cache), false)
#6 /Applications/MAMP/htdocs/web-blog/public/index.php(44): CodeIgniter\CodeIgniter->run()
#7 /Applications/MAMP/htdocs/web-blog/system/Commands/Server/rewrite.php(45): require_once('/Applications/M...')
#8 {main}
CRITICAL - 2021-05-20 20:36:52 --> Undefined variable: blog
#0 /Applications/MAMP/htdocs/web-blog/app/Views/admin/portofolio/edit.php(13): CodeIgniter\Debug\Exceptions->errorHandler(8, 'Undefined varia...', '/Applications/M...', 13, Array)
#1 /Applications/MAMP/htdocs/web-blog/system/View/View.php(220): include('/Applications/M...')
#2 /Applications/MAMP/htdocs/web-blog/system/View/View.php(222): CodeIgniter\View\View->CodeIgniter\View\{closure}()
#3 /Applications/MAMP/htdocs/web-blog/system/Common.php(1217): CodeIgniter\View\View->render('admin/portofoli...', Array, true)
#4 /Applications/MAMP/htdocs/web-blog/app/Controllers/Portofolio.php(150): view('admin/portofoli...', Array)
#5 /Applications/MAMP/htdocs/web-blog/system/CodeIgniter.php(936): App\Controllers\Portofolio->edit('website-officia...')
#6 /Applications/MAMP/htdocs/web-blog/system/CodeIgniter.php(432): CodeIgniter\CodeIgniter->runController(Object(App\Controllers\Portofolio))
#7 /Applications/MAMP/htdocs/web-blog/system/CodeIgniter.php(333): CodeIgniter\CodeIgniter->handleRequest(NULL, Object(Config\Cache), false)
#8 /Applications/MAMP/htdocs/web-blog/public/index.php(44): CodeIgniter\CodeIgniter->run()
#9 /Applications/MAMP/htdocs/web-blog/system/Commands/Server/rewrite.php(45): require_once('/Applications/M...')
#10 {main}
ERROR - 2021-05-20 20:41:45 --> mysqli_sql_exception: Column 'description' cannot be null in /Applications/MAMP/htdocs/web-blog/system/Database/MySQLi/Connection.php:314
Stack trace:
#0 /Applications/MAMP/htdocs/web-blog/system/Database/MySQLi/Connection.php(314): mysqli->query('INSERT INTO `po...')
#1 /Applications/MAMP/htdocs/web-blog/system/Database/BaseConnection.php(713): CodeIgniter\Database\MySQLi\Connection->execute('INSERT INTO `po...')
#2 /Applications/MAMP/htdocs/web-blog/system/Database/BaseConnection.php(641): CodeIgniter\Database\BaseConnection->simpleQuery('INSERT INTO `po...')
#3 /Applications/MAMP/htdocs/web-blog/system/Database/BaseBuilder.php(2263): CodeIgniter\Database\BaseConnection->query('INSERT INTO `po...', Array, false)
#4 /Applications/MAMP/htdocs/web-blog/system/Model.php(278): CodeIgniter\Database\BaseBuilder->insert()
#5 /Applications/MAMP/htdocs/web-blog/system/BaseModel.php(758): CodeIgniter\Model->doInsert(Array)
#6 /Applications/MAMP/htdocs/web-blog/system/Model.php(705): CodeIgniter\BaseModel->insert(Array, false)
#7 /Applications/MAMP/htdocs/web-blog/system/BaseModel.php(667): CodeIgniter\Model->insert(Array, false)
#8 /Applications/MAMP/htdocs/web-blog/app/Controllers/Portofolio.php(215): CodeIgniter\BaseModel->save(Array)
#9 /Applications/MAMP/htdocs/web-blog/system/CodeIgniter.php(936): App\Controllers\Portofolio->update('2')
#10 /Applications/MAMP/htdocs/web-blog/system/CodeIgniter.php(432): CodeIgniter\CodeIgniter->runController(Object(App\Controllers\Portofolio))
#11 /Applications/MAMP/htdocs/web-blog/system/CodeIgniter.php(333): CodeIgniter\CodeIgniter->handleRequest(NULL, Object(Config\Cache), false)
#12 /Applications/MAMP/htdocs/web-blog/public/index.php(44): CodeIgniter\CodeIgniter->run()
#13 /Applications/MAMP/htdocs/web-blog/system/Commands/Server/rewrite.php(45): require_once('/Applications/M...')
#14 {main}
CRITICAL - 2021-05-20 20:41:45 --> Column 'description' cannot be null
#0 /Applications/MAMP/htdocs/web-blog/system/Database/MySQLi/Connection.php(314): mysqli->query('INSERT INTO `po...')
#1 /Applications/MAMP/htdocs/web-blog/system/Database/BaseConnection.php(713): CodeIgniter\Database\MySQLi\Connection->execute('INSERT INTO `po...')
#2 /Applications/MAMP/htdocs/web-blog/system/Database/BaseConnection.php(641): CodeIgniter\Database\BaseConnection->simpleQuery('INSERT INTO `po...')
#3 /Applications/MAMP/htdocs/web-blog/system/Database/BaseBuilder.php(2263): CodeIgniter\Database\BaseConnection->query('INSERT INTO `po...', Array, false)
#4 /Applications/MAMP/htdocs/web-blog/system/Model.php(278): CodeIgniter\Database\BaseBuilder->insert()
#5 /Applications/MAMP/htdocs/web-blog/system/BaseModel.php(758): CodeIgniter\Model->doInsert(Array)
#6 /Applications/MAMP/htdocs/web-blog/system/Model.php(705): CodeIgniter\BaseModel->insert(Array, false)
#7 /Applications/MAMP/htdocs/web-blog/system/BaseModel.php(667): CodeIgniter\Model->insert(Array, false)
#8 /Applications/MAMP/htdocs/web-blog/app/Controllers/Portofolio.php(215): CodeIgniter\BaseModel->save(Array)
#9 /Applications/MAMP/htdocs/web-blog/system/CodeIgniter.php(936): App\Controllers\Portofolio->update('2')
#10 /Applications/MAMP/htdocs/web-blog/system/CodeIgniter.php(432): CodeIgniter\CodeIgniter->runController(Object(App\Controllers\Portofolio))
#11 /Applications/MAMP/htdocs/web-blog/system/CodeIgniter.php(333): CodeIgniter\CodeIgniter->handleRequest(NULL, Object(Config\Cache), false)
#12 /Applications/MAMP/htdocs/web-blog/public/index.php(44): CodeIgniter\CodeIgniter->run()
#13 /Applications/MAMP/htdocs/web-blog/system/Commands/Server/rewrite.php(45): require_once('/Applications/M...')
#14 {main}
ERROR - 2021-05-20 20:44:49 --> mysqli_sql_exception: Unknown column 'userid' in 'field list' in /Applications/MAMP/htdocs/web-blog/system/Database/MySQLi/Connection.php:314
Stack trace:
#0 /Applications/MAMP/htdocs/web-blog/system/Database/MySQLi/Connection.php(314): mysqli->query('UPDATE portofol...')
#1 /Applications/MAMP/htdocs/web-blog/system/Database/BaseConnection.php(713): CodeIgniter\Database\MySQLi\Connection->execute('UPDATE portofol...')
#2 /Applications/MAMP/htdocs/web-blog/system/Database/BaseConnection.php(641): CodeIgniter\Database\BaseConnection->simpleQuery('UPDATE portofol...')
#3 /Applications/MAMP/htdocs/web-blog/app/Controllers/Portofolio.php(217): CodeIgniter\Database\BaseConnection->query('UPDATE portofol...')
#4 /Applications/MAMP/htdocs/web-blog/system/CodeIgniter.php(936): App\Controllers\Portofolio->update('2')
#5 /Applications/MAMP/htdocs/web-blog/system/CodeIgniter.php(432): CodeIgniter\CodeIgniter->runController(Object(App\Controllers\Portofolio))
#6 /Applications/MAMP/htdocs/web-blog/system/CodeIgniter.php(333): CodeIgniter\CodeIgniter->handleRequest(NULL, Object(Config\Cache), false)
#7 /Applications/MAMP/htdocs/web-blog/public/index.php(44): CodeIgniter\CodeIgniter->run()
#8 /Applications/MAMP/htdocs/web-blog/system/Commands/Server/rewrite.php(45): require_once('/Applications/M...')
#9 {main}
CRITICAL - 2021-05-20 20:44:49 --> Unknown column 'userid' in 'field list'
#0 /Applications/MAMP/htdocs/web-blog/system/Database/MySQLi/Connection.php(314): mysqli->query('UPDATE portofol...')
#1 /Applications/MAMP/htdocs/web-blog/system/Database/BaseConnection.php(713): CodeIgniter\Database\MySQLi\Connection->execute('UPDATE portofol...')
#2 /Applications/MAMP/htdocs/web-blog/system/Database/BaseConnection.php(641): CodeIgniter\Database\BaseConnection->simpleQuery('UPDATE portofol...')
#3 /Applications/MAMP/htdocs/web-blog/app/Controllers/Portofolio.php(217): CodeIgniter\Database\BaseConnection->query('UPDATE portofol...')
#4 /Applications/MAMP/htdocs/web-blog/system/CodeIgniter.php(936): App\Controllers\Portofolio->update('2')
#5 /Applications/MAMP/htdocs/web-blog/system/CodeIgniter.php(432): CodeIgniter\CodeIgniter->runController(Object(App\Controllers\Portofolio))
#6 /Applications/MAMP/htdocs/web-blog/system/CodeIgniter.php(333): CodeIgniter\CodeIgniter->handleRequest(NULL, Object(Config\Cache), false)
#7 /Applications/MAMP/htdocs/web-blog/public/index.php(44): CodeIgniter\CodeIgniter->run()
#8 /Applications/MAMP/htdocs/web-blog/system/Commands/Server/rewrite.php(45): require_once('/Applications/M...')
#9 {main}
CRITICAL - 2021-05-20 20:47:25 --> unlink(admin/img/portofolio/1621560451_da931323e6535373b671.jpg): No such file or directory
#0 [internal function]: CodeIgniter\Debug\Exceptions->errorHandler(2, 'unlink(admin/im...', '/Applications/M...', 49, Array)
#1 /Applications/MAMP/htdocs/web-blog/app/Controllers/Portofolio.php(49): unlink('admin/img/porto...')
#2 /Applications/MAMP/htdocs/web-blog/system/CodeIgniter.php(936): App\Controllers\Portofolio->delete('2')
#3 /Applications/MAMP/htdocs/web-blog/system/CodeIgniter.php(432): CodeIgniter\CodeIgniter->runController(Object(App\Controllers\Portofolio))
#4 /Applications/MAMP/htdocs/web-blog/system/CodeIgniter.php(333): CodeIgniter\CodeIgniter->handleRequest(NULL, Object(Config\Cache), false)
#5 /Applications/MAMP/htdocs/web-blog/public/index.php(44): CodeIgniter\CodeIgniter->run()
#6 /Applications/MAMP/htdocs/web-blog/system/Commands/Server/rewrite.php(45): require_once('/Applications/M...')
#7 {main}
