CRITICAL - 2021-05-15 04:41:48 --> Trying to get property 'fullname' of non-object
#0 /Applications/MAMP/htdocs/web-blog/app/Views/templates/topbar.php(42): CodeIgniter\Debug\Exceptions->errorHandler(8, 'Trying to get p...', '/Applications/M...', 42, Array)
#1 /Applications/MAMP/htdocs/web-blog/system/View/View.php(220): include('/Applications/M...')
#2 /Applications/MAMP/htdocs/web-blog/system/View/View.php(222): CodeIgniter\View\View->CodeIgniter\View\{closure}()
#3 /Applications/MAMP/htdocs/web-blog/system/View/View.php(468): CodeIgniter\View\View->render('templates/topba...', NULL, true)
#4 /Applications/MAMP/htdocs/web-blog/app/Views/templates/index.php(39): CodeIgniter\View\View->include('templates/topba...')
#5 /Applications/MAMP/htdocs/web-blog/system/View/View.php(220): include('/Applications/M...')
#6 /Applications/MAMP/htdocs/web-blog/system/View/View.php(222): CodeIgniter\View\View->CodeIgniter\View\{closure}()
#7 /Applications/MAMP/htdocs/web-blog/system/View/View.php(236): CodeIgniter\View\View->render('templates/index', Array, true)
#8 /Applications/MAMP/htdocs/web-blog/system/Common.php(1217): CodeIgniter\View\View->render('admin/dashboard...', Array, true)
#9 /Applications/MAMP/htdocs/web-blog/app/Controllers/Admin.php(12): view('admin/dashboard...', Array)
#10 /Applications/MAMP/htdocs/web-blog/system/CodeIgniter.php(936): App\Controllers\Admin->index()
#11 /Applications/MAMP/htdocs/web-blog/system/CodeIgniter.php(432): CodeIgniter\CodeIgniter->runController(Object(App\Controllers\Admin))
#12 /Applications/MAMP/htdocs/web-blog/system/CodeIgniter.php(333): CodeIgniter\CodeIgniter->handleRequest(NULL, Object(Config\Cache), false)
#13 /Applications/MAMP/htdocs/web-blog/public/index.php(44): CodeIgniter\CodeIgniter->run()
#14 /Applications/MAMP/htdocs/web-blog/system/Commands/Server/rewrite.php(45): require_once('/Applications/M...')
#15 {main}
CRITICAL - 2021-05-15 15:54:27 --> Cannot use object of type Myth\Auth\Models\UserModel as array
#0 /Applications/MAMP/htdocs/web-blog/system/CodeIgniter.php(936): App\Controllers\Admin->index()
#1 /Applications/MAMP/htdocs/web-blog/system/CodeIgniter.php(432): CodeIgniter\CodeIgniter->runController(Object(App\Controllers\Admin))
#2 /Applications/MAMP/htdocs/web-blog/system/CodeIgniter.php(333): CodeIgniter\CodeIgniter->handleRequest(NULL, Object(Config\Cache), false)
#3 /Applications/MAMP/htdocs/web-blog/public/index.php(44): CodeIgniter\CodeIgniter->run()
#4 /Applications/MAMP/htdocs/web-blog/system/Commands/Server/rewrite.php(45): require_once('/Applications/M...')
#5 {main}
CRITICAL - 2021-05-15 15:54:36 --> Undefined property: App\Controllers\Admin::$db
#0 /Applications/MAMP/htdocs/web-blog/app/Controllers/Admin.php(19): CodeIgniter\Debug\Exceptions->errorHandler(8, 'Undefined prope...', '/Applications/M...', 19, Array)
#1 /Applications/MAMP/htdocs/web-blog/system/CodeIgniter.php(936): App\Controllers\Admin->index()
#2 /Applications/MAMP/htdocs/web-blog/system/CodeIgniter.php(432): CodeIgniter\CodeIgniter->runController(Object(App\Controllers\Admin))
#3 /Applications/MAMP/htdocs/web-blog/system/CodeIgniter.php(333): CodeIgniter\CodeIgniter->handleRequest(NULL, Object(Config\Cache), false)
#4 /Applications/MAMP/htdocs/web-blog/public/index.php(44): CodeIgniter\CodeIgniter->run()
#5 /Applications/MAMP/htdocs/web-blog/system/Commands/Server/rewrite.php(45): require_once('/Applications/M...')
#6 {main}
CRITICAL - 2021-05-15 15:54:59 --> Object of class CodeIgniter\Database\MySQLi\Connection could not be converted to string
#0 /Applications/MAMP/htdocs/web-blog/system/CodeIgniter.php(936): App\Controllers\Admin->index()
#1 /Applications/MAMP/htdocs/web-blog/system/CodeIgniter.php(432): CodeIgniter\CodeIgniter->runController(Object(App\Controllers\Admin))
#2 /Applications/MAMP/htdocs/web-blog/system/CodeIgniter.php(333): CodeIgniter\CodeIgniter->handleRequest(NULL, Object(Config\Cache), false)
#3 /Applications/MAMP/htdocs/web-blog/public/index.php(44): CodeIgniter\CodeIgniter->run()
#4 /Applications/MAMP/htdocs/web-blog/system/Commands/Server/rewrite.php(45): require_once('/Applications/M...')
#5 {main}
CRITICAL - 2021-05-15 15:57:17 --> Cannot use object of type Myth\Auth\Models\UserModel as array
#0 /Applications/MAMP/htdocs/web-blog/system/CodeIgniter.php(936): App\Controllers\Admin->index()
#1 /Applications/MAMP/htdocs/web-blog/system/CodeIgniter.php(432): CodeIgniter\CodeIgniter->runController(Object(App\Controllers\Admin))
#2 /Applications/MAMP/htdocs/web-blog/system/CodeIgniter.php(333): CodeIgniter\CodeIgniter->handleRequest(NULL, Object(Config\Cache), false)
#3 /Applications/MAMP/htdocs/web-blog/public/index.php(44): CodeIgniter\CodeIgniter->run()
#4 /Applications/MAMP/htdocs/web-blog/system/Commands/Server/rewrite.php(45): require_once('/Applications/M...')
#5 {main}
CRITICAL - 2021-05-15 16:04:54 --> Cannot use object of type Myth\Auth\Models\UserModel as array
#0 /Applications/MAMP/htdocs/web-blog/system/CodeIgniter.php(936): App\Controllers\Admin->index()
#1 /Applications/MAMP/htdocs/web-blog/system/CodeIgniter.php(432): CodeIgniter\CodeIgniter->runController(Object(App\Controllers\Admin))
#2 /Applications/MAMP/htdocs/web-blog/system/CodeIgniter.php(333): CodeIgniter\CodeIgniter->handleRequest(NULL, Object(Config\Cache), false)
#3 /Applications/MAMP/htdocs/web-blog/public/index.php(44): CodeIgniter\CodeIgniter->run()
#4 /Applications/MAMP/htdocs/web-blog/system/Commands/Server/rewrite.php(45): require_once('/Applications/M...')
#5 {main}
CRITICAL - 2021-05-15 16:07:06 --> Cannot use object of type Myth\Auth\Models\UserModel as array
#0 /Applications/MAMP/htdocs/web-blog/system/CodeIgniter.php(936): App\Controllers\Admin->index()
#1 /Applications/MAMP/htdocs/web-blog/system/CodeIgniter.php(432): CodeIgniter\CodeIgniter->runController(Object(App\Controllers\Admin))
#2 /Applications/MAMP/htdocs/web-blog/system/CodeIgniter.php(333): CodeIgniter\CodeIgniter->handleRequest(NULL, Object(Config\Cache), false)
#3 /Applications/MAMP/htdocs/web-blog/public/index.php(44): CodeIgniter\CodeIgniter->run()
#4 /Applications/MAMP/htdocs/web-blog/system/Commands/Server/rewrite.php(45): require_once('/Applications/M...')
#5 {main}
CRITICAL - 2021-05-15 16:12:36 --> Object of class Myth\Auth\Models\UserModel could not be converted to string
#0 /Applications/MAMP/htdocs/web-blog/system/CodeIgniter.php(936): App\Controllers\Admin->index()
#1 /Applications/MAMP/htdocs/web-blog/system/CodeIgniter.php(432): CodeIgniter\CodeIgniter->runController(Object(App\Controllers\Admin))
#2 /Applications/MAMP/htdocs/web-blog/system/CodeIgniter.php(333): CodeIgniter\CodeIgniter->handleRequest(NULL, Object(Config\Cache), false)
#3 /Applications/MAMP/htdocs/web-blog/public/index.php(44): CodeIgniter\CodeIgniter->run()
#4 /Applications/MAMP/htdocs/web-blog/system/Commands/Server/rewrite.php(45): require_once('/Applications/M...')
#5 {main}
CRITICAL - 2021-05-15 16:12:50 --> Object of class Myth\Auth\Models\UserModel could not be converted to string
#0 /Applications/MAMP/htdocs/web-blog/system/CodeIgniter.php(936): App\Controllers\Admin->index()
#1 /Applications/MAMP/htdocs/web-blog/system/CodeIgniter.php(432): CodeIgniter\CodeIgniter->runController(Object(App\Controllers\Admin))
#2 /Applications/MAMP/htdocs/web-blog/system/CodeIgniter.php(333): CodeIgniter\CodeIgniter->handleRequest(NULL, Object(Config\Cache), false)
#3 /Applications/MAMP/htdocs/web-blog/public/index.php(44): CodeIgniter\CodeIgniter->run()
#4 /Applications/MAMP/htdocs/web-blog/system/Commands/Server/rewrite.php(45): require_once('/Applications/M...')
#5 {main}
CRITICAL - 2021-05-15 16:13:26 --> Object of class Myth\Auth\Models\UserModel could not be converted to string
#0 /Applications/MAMP/htdocs/web-blog/system/CodeIgniter.php(936): App\Controllers\Admin->index()
#1 /Applications/MAMP/htdocs/web-blog/system/CodeIgniter.php(432): CodeIgniter\CodeIgniter->runController(Object(App\Controllers\Admin))
#2 /Applications/MAMP/htdocs/web-blog/system/CodeIgniter.php(333): CodeIgniter\CodeIgniter->handleRequest(NULL, Object(Config\Cache), false)
#3 /Applications/MAMP/htdocs/web-blog/public/index.php(44): CodeIgniter\CodeIgniter->run()
#4 /Applications/MAMP/htdocs/web-blog/system/Commands/Server/rewrite.php(45): require_once('/Applications/M...')
#5 {main}
CRITICAL - 2021-05-15 16:16:30 --> Cannot use object of type Myth\Auth\Models\UserModel as array
#0 /Applications/MAMP/htdocs/web-blog/system/CodeIgniter.php(936): App\Controllers\Admin->index()
#1 /Applications/MAMP/htdocs/web-blog/system/CodeIgniter.php(432): CodeIgniter\CodeIgniter->runController(Object(App\Controllers\Admin))
#2 /Applications/MAMP/htdocs/web-blog/system/CodeIgniter.php(333): CodeIgniter\CodeIgniter->handleRequest(NULL, Object(Config\Cache), false)
#3 /Applications/MAMP/htdocs/web-blog/public/index.php(44): CodeIgniter\CodeIgniter->run()
#4 /Applications/MAMP/htdocs/web-blog/system/Commands/Server/rewrite.php(45): require_once('/Applications/M...')
#5 {main}
CRITICAL - 2021-05-15 16:26:34 --> Undefined property: App\Controllers\Admin::$query
#0 /Applications/MAMP/htdocs/web-blog/app/Controllers/Admin.php(19): CodeIgniter\Debug\Exceptions->errorHandler(8, 'Undefined prope...', '/Applications/M...', 19, Array)
#1 /Applications/MAMP/htdocs/web-blog/system/CodeIgniter.php(936): App\Controllers\Admin->index()
#2 /Applications/MAMP/htdocs/web-blog/system/CodeIgniter.php(432): CodeIgniter\CodeIgniter->runController(Object(App\Controllers\Admin))
#3 /Applications/MAMP/htdocs/web-blog/system/CodeIgniter.php(333): CodeIgniter\CodeIgniter->handleRequest(NULL, Object(Config\Cache), false)
#4 /Applications/MAMP/htdocs/web-blog/public/index.php(44): CodeIgniter\CodeIgniter->run()
#5 /Applications/MAMP/htdocs/web-blog/system/Commands/Server/rewrite.php(45): require_once('/Applications/M...')
#6 {main}
CRITICAL - 2021-05-15 16:26:49 --> Object of class CodeIgniter\Database\MySQLi\Builder could not be converted to string
#0 /Applications/MAMP/htdocs/web-blog/system/CodeIgniter.php(936): App\Controllers\Admin->index()
#1 /Applications/MAMP/htdocs/web-blog/system/CodeIgniter.php(432): CodeIgniter\CodeIgniter->runController(Object(App\Controllers\Admin))
#2 /Applications/MAMP/htdocs/web-blog/system/CodeIgniter.php(333): CodeIgniter\CodeIgniter->handleRequest(NULL, Object(Config\Cache), false)
#3 /Applications/MAMP/htdocs/web-blog/public/index.php(44): CodeIgniter\CodeIgniter->run()
#4 /Applications/MAMP/htdocs/web-blog/system/Commands/Server/rewrite.php(45): require_once('/Applications/M...')
#5 {main}
CRITICAL - 2021-05-15 16:41:23 --> Undefined variable: pengaturan
#0 /Applications/MAMP/htdocs/web-blog/app/Views/admin/profil/index.php(26): CodeIgniter\Debug\Exceptions->errorHandler(8, 'Undefined varia...', '/Applications/M...', 26, Array)
#1 /Applications/MAMP/htdocs/web-blog/system/View/View.php(220): include('/Applications/M...')
#2 /Applications/MAMP/htdocs/web-blog/system/View/View.php(222): CodeIgniter\View\View->CodeIgniter\View\{closure}()
#3 /Applications/MAMP/htdocs/web-blog/system/Common.php(1217): CodeIgniter\View\View->render('admin/profil/in...', Array, true)
#4 /Applications/MAMP/htdocs/web-blog/app/Controllers/Admin.php(26): view('admin/profil/in...', Array)
#5 /Applications/MAMP/htdocs/web-blog/system/CodeIgniter.php(936): App\Controllers\Admin->profil()
#6 /Applications/MAMP/htdocs/web-blog/system/CodeIgniter.php(432): CodeIgniter\CodeIgniter->runController(Object(App\Controllers\Admin))
#7 /Applications/MAMP/htdocs/web-blog/system/CodeIgniter.php(333): CodeIgniter\CodeIgniter->handleRequest(NULL, Object(Config\Cache), false)
#8 /Applications/MAMP/htdocs/web-blog/public/index.php(44): CodeIgniter\CodeIgniter->run()
#9 /Applications/MAMP/htdocs/web-blog/system/Commands/Server/rewrite.php(45): require_once('/Applications/M...')
#10 {main}
CRITICAL - 2021-05-15 16:43:04 --> Undefined variable: pengaturan
#0 /Applications/MAMP/htdocs/web-blog/app/Views/admin/profil/index.php(26): CodeIgniter\Debug\Exceptions->errorHandler(8, 'Undefined varia...', '/Applications/M...', 26, Array)
#1 /Applications/MAMP/htdocs/web-blog/system/View/View.php(220): include('/Applications/M...')
#2 /Applications/MAMP/htdocs/web-blog/system/View/View.php(222): CodeIgniter\View\View->CodeIgniter\View\{closure}()
#3 /Applications/MAMP/htdocs/web-blog/system/Common.php(1217): CodeIgniter\View\View->render('admin/profil/in...', Array, true)
#4 /Applications/MAMP/htdocs/web-blog/app/Controllers/Admin.php(26): view('admin/profil/in...', Array)
#5 /Applications/MAMP/htdocs/web-blog/system/CodeIgniter.php(936): App\Controllers\Admin->profil()
#6 /Applications/MAMP/htdocs/web-blog/system/CodeIgniter.php(432): CodeIgniter\CodeIgniter->runController(Object(App\Controllers\Admin))
#7 /Applications/MAMP/htdocs/web-blog/system/CodeIgniter.php(333): CodeIgniter\CodeIgniter->handleRequest(NULL, Object(Config\Cache), false)
#8 /Applications/MAMP/htdocs/web-blog/public/index.php(44): CodeIgniter\CodeIgniter->run()
#9 /Applications/MAMP/htdocs/web-blog/system/Commands/Server/rewrite.php(45): require_once('/Applications/M...')
#10 {main}
CRITICAL - 2021-05-15 16:53:00 --> Undefined variable: k
#0 /Applications/MAMP/htdocs/web-blog/app/Views/admin/profil/index.php(27): CodeIgniter\Debug\Exceptions->errorHandler(8, 'Undefined varia...', '/Applications/M...', 27, Array)
#1 /Applications/MAMP/htdocs/web-blog/system/View/View.php(220): include('/Applications/M...')
#2 /Applications/MAMP/htdocs/web-blog/system/View/View.php(222): CodeIgniter\View\View->CodeIgniter\View\{closure}()
#3 /Applications/MAMP/htdocs/web-blog/system/Common.php(1217): CodeIgniter\View\View->render('admin/profil/in...', Array, true)
#4 /Applications/MAMP/htdocs/web-blog/app/Controllers/Admin.php(31): view('admin/profil/in...', Array)
#5 /Applications/MAMP/htdocs/web-blog/system/CodeIgniter.php(936): App\Controllers\Admin->profil()
#6 /Applications/MAMP/htdocs/web-blog/system/CodeIgniter.php(432): CodeIgniter\CodeIgniter->runController(Object(App\Controllers\Admin))
#7 /Applications/MAMP/htdocs/web-blog/system/CodeIgniter.php(333): CodeIgniter\CodeIgniter->handleRequest(NULL, Object(Config\Cache), false)
#8 /Applications/MAMP/htdocs/web-blog/public/index.php(44): CodeIgniter\CodeIgniter->run()
#9 /Applications/MAMP/htdocs/web-blog/system/Commands/Server/rewrite.php(45): require_once('/Applications/M...')
#10 {main}
CRITICAL - 2021-05-15 16:53:10 --> Undefined variable: validation
#0 /Applications/MAMP/htdocs/web-blog/app/Views/admin/profil/index.php(35): CodeIgniter\Debug\Exceptions->errorHandler(8, 'Undefined varia...', '/Applications/M...', 35, Array)
#1 /Applications/MAMP/htdocs/web-blog/system/View/View.php(220): include('/Applications/M...')
#2 /Applications/MAMP/htdocs/web-blog/system/View/View.php(222): CodeIgniter\View\View->CodeIgniter\View\{closure}()
#3 /Applications/MAMP/htdocs/web-blog/system/Common.php(1217): CodeIgniter\View\View->render('admin/profil/in...', Array, true)
#4 /Applications/MAMP/htdocs/web-blog/app/Controllers/Admin.php(31): view('admin/profil/in...', Array)
#5 /Applications/MAMP/htdocs/web-blog/system/CodeIgniter.php(936): App\Controllers\Admin->profil()
#6 /Applications/MAMP/htdocs/web-blog/system/CodeIgniter.php(432): CodeIgniter\CodeIgniter->runController(Object(App\Controllers\Admin))
#7 /Applications/MAMP/htdocs/web-blog/system/CodeIgniter.php(333): CodeIgniter\CodeIgniter->handleRequest(NULL, Object(Config\Cache), false)
#8 /Applications/MAMP/htdocs/web-blog/public/index.php(44): CodeIgniter\CodeIgniter->run()
#9 /Applications/MAMP/htdocs/web-blog/system/Commands/Server/rewrite.php(45): require_once('/Applications/M...')
#10 {main}
CRITICAL - 2021-05-15 16:55:53 --> Undefined variable: k
#0 /Applications/MAMP/htdocs/web-blog/app/Views/admin/profil/index.php(35): CodeIgniter\Debug\Exceptions->errorHandler(8, 'Undefined varia...', '/Applications/M...', 35, Array)
#1 /Applications/MAMP/htdocs/web-blog/system/View/View.php(220): include('/Applications/M...')
#2 /Applications/MAMP/htdocs/web-blog/system/View/View.php(222): CodeIgniter\View\View->CodeIgniter\View\{closure}()
#3 /Applications/MAMP/htdocs/web-blog/system/Common.php(1217): CodeIgniter\View\View->render('admin/profil/in...', Array, true)
#4 /Applications/MAMP/htdocs/web-blog/app/Controllers/Admin.php(32): view('admin/profil/in...', Array)
#5 /Applications/MAMP/htdocs/web-blog/system/CodeIgniter.php(936): App\Controllers\Admin->profil()
#6 /Applications/MAMP/htdocs/web-blog/system/CodeIgniter.php(432): CodeIgniter\CodeIgniter->runController(Object(App\Controllers\Admin))
#7 /Applications/MAMP/htdocs/web-blog/system/CodeIgniter.php(333): CodeIgniter\CodeIgniter->handleRequest(NULL, Object(Config\Cache), false)
#8 /Applications/MAMP/htdocs/web-blog/public/index.php(44): CodeIgniter\CodeIgniter->run()
#9 /Applications/MAMP/htdocs/web-blog/system/Commands/Server/rewrite.php(45): require_once('/Applications/M...')
#10 {main}
CRITICAL - 2021-05-15 16:55:55 --> Undefined variable: k
#0 /Applications/MAMP/htdocs/web-blog/app/Views/admin/profil/index.php(35): CodeIgniter\Debug\Exceptions->errorHandler(8, 'Undefined varia...', '/Applications/M...', 35, Array)
#1 /Applications/MAMP/htdocs/web-blog/system/View/View.php(220): include('/Applications/M...')
#2 /Applications/MAMP/htdocs/web-blog/system/View/View.php(222): CodeIgniter\View\View->CodeIgniter\View\{closure}()
#3 /Applications/MAMP/htdocs/web-blog/system/Common.php(1217): CodeIgniter\View\View->render('admin/profil/in...', Array, true)
#4 /Applications/MAMP/htdocs/web-blog/app/Controllers/Admin.php(32): view('admin/profil/in...', Array)
#5 /Applications/MAMP/htdocs/web-blog/system/CodeIgniter.php(936): App\Controllers\Admin->profil()
#6 /Applications/MAMP/htdocs/web-blog/system/CodeIgniter.php(432): CodeIgniter\CodeIgniter->runController(Object(App\Controllers\Admin))
#7 /Applications/MAMP/htdocs/web-blog/system/CodeIgniter.php(333): CodeIgniter\CodeIgniter->handleRequest(NULL, Object(Config\Cache), false)
#8 /Applications/MAMP/htdocs/web-blog/public/index.php(44): CodeIgniter\CodeIgniter->run()
#9 /Applications/MAMP/htdocs/web-blog/system/Commands/Server/rewrite.php(45): require_once('/Applications/M...')
#10 {main}
CRITICAL - 2021-05-15 16:57:18 --> syntax error, unexpected 'endforeach' (T_ENDFOREACH), expecting end of file
#0 /Applications/MAMP/htdocs/web-blog/system/View/View.php(222): CodeIgniter\View\View->CodeIgniter\View\{closure}()
#1 /Applications/MAMP/htdocs/web-blog/system/Common.php(1217): CodeIgniter\View\View->render('admin/profil/in...', Array, true)
#2 /Applications/MAMP/htdocs/web-blog/app/Controllers/Admin.php(32): view('admin/profil/in...', Array)
#3 /Applications/MAMP/htdocs/web-blog/system/CodeIgniter.php(936): App\Controllers\Admin->profil()
#4 /Applications/MAMP/htdocs/web-blog/system/CodeIgniter.php(432): CodeIgniter\CodeIgniter->runController(Object(App\Controllers\Admin))
#5 /Applications/MAMP/htdocs/web-blog/system/CodeIgniter.php(333): CodeIgniter\CodeIgniter->handleRequest(NULL, Object(Config\Cache), false)
#6 /Applications/MAMP/htdocs/web-blog/public/index.php(44): CodeIgniter\CodeIgniter->run()
#7 /Applications/MAMP/htdocs/web-blog/system/Commands/Server/rewrite.php(45): require_once('/Applications/M...')
#8 {main}
CRITICAL - 2021-05-15 16:59:01 --> Undefined index: nama_aplikasi
#0 /Applications/MAMP/htdocs/web-blog/app/Views/admin/profil/index.php(35): CodeIgniter\Debug\Exceptions->errorHandler(8, 'Undefined index...', '/Applications/M...', 35, Array)
#1 /Applications/MAMP/htdocs/web-blog/system/View/View.php(220): include('/Applications/M...')
#2 /Applications/MAMP/htdocs/web-blog/system/View/View.php(222): CodeIgniter\View\View->CodeIgniter\View\{closure}()
#3 /Applications/MAMP/htdocs/web-blog/system/Common.php(1217): CodeIgniter\View\View->render('admin/profil/in...', Array, true)
#4 /Applications/MAMP/htdocs/web-blog/app/Controllers/Admin.php(32): view('admin/profil/in...', Array)
#5 /Applications/MAMP/htdocs/web-blog/system/CodeIgniter.php(936): App\Controllers\Admin->profil()
#6 /Applications/MAMP/htdocs/web-blog/system/CodeIgniter.php(432): CodeIgniter\CodeIgniter->runController(Object(App\Controllers\Admin))
#7 /Applications/MAMP/htdocs/web-blog/system/CodeIgniter.php(333): CodeIgniter\CodeIgniter->handleRequest(NULL, Object(Config\Cache), false)
#8 /Applications/MAMP/htdocs/web-blog/public/index.php(44): CodeIgniter\CodeIgniter->run()
#9 /Applications/MAMP/htdocs/web-blog/system/Commands/Server/rewrite.php(45): require_once('/Applications/M...')
#10 {main}
CRITICAL - 2021-05-15 17:14:22 --> Undefined index: blog_name
#0 /Applications/MAMP/htdocs/web-blog/app/Views/templates/sidebar.php(9): CodeIgniter\Debug\Exceptions->errorHandler(8, 'Undefined index...', '/Applications/M...', 9, Array)
#1 /Applications/MAMP/htdocs/web-blog/system/View/View.php(220): include('/Applications/M...')
#2 /Applications/MAMP/htdocs/web-blog/system/View/View.php(222): CodeIgniter\View\View->CodeIgniter\View\{closure}()
#3 /Applications/MAMP/htdocs/web-blog/system/View/View.php(468): CodeIgniter\View\View->render('templates/sideb...', NULL, true)
#4 /Applications/MAMP/htdocs/web-blog/app/Views/templates/index.php(29): CodeIgniter\View\View->include('templates/sideb...')
#5 /Applications/MAMP/htdocs/web-blog/system/View/View.php(220): include('/Applications/M...')
#6 /Applications/MAMP/htdocs/web-blog/system/View/View.php(222): CodeIgniter\View\View->CodeIgniter\View\{closure}()
#7 /Applications/MAMP/htdocs/web-blog/system/View/View.php(236): CodeIgniter\View\View->render('templates/index', Array, true)
#8 /Applications/MAMP/htdocs/web-blog/system/Common.php(1217): CodeIgniter\View\View->render('admin/profil/in...', Array, true)
#9 /Applications/MAMP/htdocs/web-blog/app/Controllers/Admin.php(34): view('admin/profil/in...', Array)
#10 /Applications/MAMP/htdocs/web-blog/system/CodeIgniter.php(936): App\Controllers\Admin->profil()
#11 /Applications/MAMP/htdocs/web-blog/system/CodeIgniter.php(432): CodeIgniter\CodeIgniter->runController(Object(App\Controllers\Admin))
#12 /Applications/MAMP/htdocs/web-blog/system/CodeIgniter.php(333): CodeIgniter\CodeIgniter->handleRequest(NULL, Object(Config\Cache), false)
#13 /Applications/MAMP/htdocs/web-blog/public/index.php(44): CodeIgniter\CodeIgniter->run()
#14 /Applications/MAMP/htdocs/web-blog/system/Commands/Server/rewrite.php(45): require_once('/Applications/M...')
#15 {main}
CRITICAL - 2021-05-15 17:14:56 --> Undefined index: blog_name
#0 /Applications/MAMP/htdocs/web-blog/app/Views/templates/sidebar.php(9): CodeIgniter\Debug\Exceptions->errorHandler(8, 'Undefined index...', '/Applications/M...', 9, Array)
#1 /Applications/MAMP/htdocs/web-blog/system/View/View.php(220): include('/Applications/M...')
#2 /Applications/MAMP/htdocs/web-blog/system/View/View.php(222): CodeIgniter\View\View->CodeIgniter\View\{closure}()
#3 /Applications/MAMP/htdocs/web-blog/system/View/View.php(468): CodeIgniter\View\View->render('templates/sideb...', NULL, true)
#4 /Applications/MAMP/htdocs/web-blog/app/Views/templates/index.php(29): CodeIgniter\View\View->include('templates/sideb...')
#5 /Applications/MAMP/htdocs/web-blog/system/View/View.php(220): include('/Applications/M...')
#6 /Applications/MAMP/htdocs/web-blog/system/View/View.php(222): CodeIgniter\View\View->CodeIgniter\View\{closure}()
#7 /Applications/MAMP/htdocs/web-blog/system/View/View.php(236): CodeIgniter\View\View->render('templates/index', Array, true)
#8 /Applications/MAMP/htdocs/web-blog/system/Common.php(1217): CodeIgniter\View\View->render('admin/profil/in...', Array, true)
#9 /Applications/MAMP/htdocs/web-blog/app/Controllers/Admin.php(35): view('admin/profil/in...', Array)
#10 /Applications/MAMP/htdocs/web-blog/system/CodeIgniter.php(936): App\Controllers\Admin->profil()
#11 /Applications/MAMP/htdocs/web-blog/system/CodeIgniter.php(432): CodeIgniter\CodeIgniter->runController(Object(App\Controllers\Admin))
#12 /Applications/MAMP/htdocs/web-blog/system/CodeIgniter.php(333): CodeIgniter\CodeIgniter->handleRequest(NULL, Object(Config\Cache), false)
#13 /Applications/MAMP/htdocs/web-blog/public/index.php(44): CodeIgniter\CodeIgniter->run()
#14 /Applications/MAMP/htdocs/web-blog/system/Commands/Server/rewrite.php(45): require_once('/Applications/M...')
#15 {main}
CRITICAL - 2021-05-15 17:18:20 --> Undefined index: nama_pt
#0 /Applications/MAMP/htdocs/web-blog/app/Views/templates/topbar.php(12): CodeIgniter\Debug\Exceptions->errorHandler(8, 'Undefined index...', '/Applications/M...', 12, Array)
#1 /Applications/MAMP/htdocs/web-blog/system/View/View.php(220): include('/Applications/M...')
#2 /Applications/MAMP/htdocs/web-blog/system/View/View.php(222): CodeIgniter\View\View->CodeIgniter\View\{closure}()
#3 /Applications/MAMP/htdocs/web-blog/system/View/View.php(468): CodeIgniter\View\View->render('templates/topba...', NULL, true)
#4 /Applications/MAMP/htdocs/web-blog/app/Views/templates/index.php(39): CodeIgniter\View\View->include('templates/topba...')
#5 /Applications/MAMP/htdocs/web-blog/system/View/View.php(220): include('/Applications/M...')
#6 /Applications/MAMP/htdocs/web-blog/system/View/View.php(222): CodeIgniter\View\View->CodeIgniter\View\{closure}()
#7 /Applications/MAMP/htdocs/web-blog/system/View/View.php(236): CodeIgniter\View\View->render('templates/index', Array, true)
#8 /Applications/MAMP/htdocs/web-blog/system/Common.php(1217): CodeIgniter\View\View->render('admin/profil/in...', Array, true)
#9 /Applications/MAMP/htdocs/web-blog/app/Controllers/Admin.php(35): view('admin/profil/in...', Array)
#10 /Applications/MAMP/htdocs/web-blog/system/CodeIgniter.php(936): App\Controllers\Admin->profil()
#11 /Applications/MAMP/htdocs/web-blog/system/CodeIgniter.php(432): CodeIgniter\CodeIgniter->runController(Object(App\Controllers\Admin))
#12 /Applications/MAMP/htdocs/web-blog/system/CodeIgniter.php(333): CodeIgniter\CodeIgniter->handleRequest(NULL, Object(Config\Cache), false)
#13 /Applications/MAMP/htdocs/web-blog/public/index.php(44): CodeIgniter\CodeIgniter->run()
#14 /Applications/MAMP/htdocs/web-blog/system/Commands/Server/rewrite.php(45): require_once('/Applications/M...')
#15 {main}
CRITICAL - 2021-05-15 17:23:10 --> Undefined variable: user
#0 /Applications/MAMP/htdocs/web-blog/app/Views/templates/topbar.php(30): CodeIgniter\Debug\Exceptions->errorHandler(8, 'Undefined varia...', '/Applications/M...', 30, Array)
#1 /Applications/MAMP/htdocs/web-blog/system/View/View.php(220): include('/Applications/M...')
#2 /Applications/MAMP/htdocs/web-blog/system/View/View.php(222): CodeIgniter\View\View->CodeIgniter\View\{closure}()
#3 /Applications/MAMP/htdocs/web-blog/system/View/View.php(468): CodeIgniter\View\View->render('templates/topba...', NULL, true)
#4 /Applications/MAMP/htdocs/web-blog/app/Views/templates/index.php(39): CodeIgniter\View\View->include('templates/topba...')
#5 /Applications/MAMP/htdocs/web-blog/system/View/View.php(220): include('/Applications/M...')
#6 /Applications/MAMP/htdocs/web-blog/system/View/View.php(222): CodeIgniter\View\View->CodeIgniter\View\{closure}()
#7 /Applications/MAMP/htdocs/web-blog/system/View/View.php(236): CodeIgniter\View\View->render('templates/index', Array, true)
#8 /Applications/MAMP/htdocs/web-blog/system/Common.php(1217): CodeIgniter\View\View->render('admin/profil/in...', Array, true)
#9 /Applications/MAMP/htdocs/web-blog/app/Controllers/Admin.php(35): view('admin/profil/in...', Array)
#10 /Applications/MAMP/htdocs/web-blog/system/CodeIgniter.php(936): App\Controllers\Admin->profil()
#11 /Applications/MAMP/htdocs/web-blog/system/CodeIgniter.php(432): CodeIgniter\CodeIgniter->runController(Object(App\Controllers\Admin))
#12 /Applications/MAMP/htdocs/web-blog/system/CodeIgniter.php(333): CodeIgniter\CodeIgniter->handleRequest(NULL, Object(Config\Cache), false)
#13 /Applications/MAMP/htdocs/web-blog/public/index.php(44): CodeIgniter\CodeIgniter->run()
#14 /Applications/MAMP/htdocs/web-blog/system/Commands/Server/rewrite.php(45): require_once('/Applications/M...')
#15 {main}
CRITICAL - 2021-05-15 17:24:42 --> Undefined variable: profil
#0 /Applications/MAMP/htdocs/web-blog/app/Views/templates/sidebar.php(9): CodeIgniter\Debug\Exceptions->errorHandler(8, 'Undefined varia...', '/Applications/M...', 9, Array)
#1 /Applications/MAMP/htdocs/web-blog/system/View/View.php(220): include('/Applications/M...')
#2 /Applications/MAMP/htdocs/web-blog/system/View/View.php(222): CodeIgniter\View\View->CodeIgniter\View\{closure}()
#3 /Applications/MAMP/htdocs/web-blog/system/View/View.php(468): CodeIgniter\View\View->render('templates/sideb...', NULL, true)
#4 /Applications/MAMP/htdocs/web-blog/app/Views/templates/index.php(29): CodeIgniter\View\View->include('templates/sideb...')
#5 /Applications/MAMP/htdocs/web-blog/system/View/View.php(220): include('/Applications/M...')
#6 /Applications/MAMP/htdocs/web-blog/system/View/View.php(222): CodeIgniter\View\View->CodeIgniter\View\{closure}()
#7 /Applications/MAMP/htdocs/web-blog/system/View/View.php(236): CodeIgniter\View\View->render('templates/index', Array, true)
#8 /Applications/MAMP/htdocs/web-blog/system/Common.php(1217): CodeIgniter\View\View->render('admin/dashboard...', Array, true)
#9 /Applications/MAMP/htdocs/web-blog/app/Controllers/Admin.php(23): view('admin/dashboard...', Array)
#10 /Applications/MAMP/htdocs/web-blog/system/CodeIgniter.php(936): App\Controllers\Admin->index()
#11 /Applications/MAMP/htdocs/web-blog/system/CodeIgniter.php(432): CodeIgniter\CodeIgniter->runController(Object(App\Controllers\Admin))
#12 /Applications/MAMP/htdocs/web-blog/system/CodeIgniter.php(333): CodeIgniter\CodeIgniter->handleRequest(NULL, Object(Config\Cache), false)
#13 /Applications/MAMP/htdocs/web-blog/public/index.php(44): CodeIgniter\CodeIgniter->run()
#14 /Applications/MAMP/htdocs/web-blog/system/Commands/Server/rewrite.php(45): require_once('/Applications/M...')
#15 {main}
ERROR - 2021-05-15 17:34:36 --> mysqli_sql_exception: Unknown column 'admin' in 'where clause' in /Applications/MAMP/htdocs/web-blog/system/Database/MySQLi/Connection.php:314
Stack trace:
#0 /Applications/MAMP/htdocs/web-blog/system/Database/MySQLi/Connection.php(314): mysqli->query('SELECT users.us...')
#1 /Applications/MAMP/htdocs/web-blog/system/Database/BaseConnection.php(713): CodeIgniter\Database\MySQLi\Connection->execute('SELECT users.us...')
#2 /Applications/MAMP/htdocs/web-blog/system/Database/BaseConnection.php(641): CodeIgniter\Database\BaseConnection->simpleQuery('SELECT users.us...')
#3 /Applications/MAMP/htdocs/web-blog/app/Views/templates/topbar.php(10): CodeIgniter\Database\BaseConnection->query('SELECT users.us...')
#4 /Applications/MAMP/htdocs/web-blog/system/View/View.php(220): include('/Applications/M...')
#5 /Applications/MAMP/htdocs/web-blog/system/View/View.php(222): CodeIgniter\View\View->CodeIgniter\View\{closure}()
#6 /Applications/MAMP/htdocs/web-blog/system/View/View.php(468): CodeIgniter\View\View->render('templates/topba...', NULL, true)
#7 /Applications/MAMP/htdocs/web-blog/app/Views/templates/index.php(39): CodeIgniter\View\View->include('templates/topba...')
#8 /Applications/MAMP/htdocs/web-blog/system/View/View.php(220): include('/Applications/M...')
#9 /Applications/MAMP/htdocs/web-blog/system/View/View.php(222): CodeIgniter\View\View->CodeIgniter\View\{closure}()
#10 /Applications/MAMP/htdocs/web-blog/system/View/View.php(236): CodeIgniter\View\View->render('templates/index', Array, true)
#11 /Applications/MAMP/htdocs/web-blog/system/Common.php(1217): CodeIgniter\View\View->render('admin/profil/in...', Array, true)
#12 /Applications/MAMP/htdocs/web-blog/app/Controllers/Admin.php(36): view('admin/profil/in...', Array)
#13 /Applications/MAMP/htdocs/web-blog/system/CodeIgniter.php(936): App\Controllers\Admin->profil()
#14 /Applications/MAMP/htdocs/web-blog/system/CodeIgniter.php(432): CodeIgniter\CodeIgniter->runController(Object(App\Controllers\Admin))
#15 /Applications/MAMP/htdocs/web-blog/system/CodeIgniter.php(333): CodeIgniter\CodeIgniter->handleRequest(NULL, Object(Config\Cache), false)
#16 /Applications/MAMP/htdocs/web-blog/public/index.php(44): CodeIgniter\CodeIgniter->run()
#17 /Applications/MAMP/htdocs/web-blog/system/Commands/Server/rewrite.php(45): require_once('/Applications/M...')
#18 {main}
CRITICAL - 2021-05-15 17:34:36 --> Unknown column 'admin' in 'where clause'
#0 /Applications/MAMP/htdocs/web-blog/system/Database/MySQLi/Connection.php(314): mysqli->query('SELECT users.us...')
#1 /Applications/MAMP/htdocs/web-blog/system/Database/BaseConnection.php(713): CodeIgniter\Database\MySQLi\Connection->execute('SELECT users.us...')
#2 /Applications/MAMP/htdocs/web-blog/system/Database/BaseConnection.php(641): CodeIgniter\Database\BaseConnection->simpleQuery('SELECT users.us...')
#3 /Applications/MAMP/htdocs/web-blog/app/Views/templates/topbar.php(10): CodeIgniter\Database\BaseConnection->query('SELECT users.us...')
#4 /Applications/MAMP/htdocs/web-blog/system/View/View.php(220): include('/Applications/M...')
#5 /Applications/MAMP/htdocs/web-blog/system/View/View.php(222): CodeIgniter\View\View->CodeIgniter\View\{closure}()
#6 /Applications/MAMP/htdocs/web-blog/system/View/View.php(468): CodeIgniter\View\View->render('templates/topba...', NULL, true)
#7 /Applications/MAMP/htdocs/web-blog/app/Views/templates/index.php(39): CodeIgniter\View\View->include('templates/topba...')
#8 /Applications/MAMP/htdocs/web-blog/system/View/View.php(220): include('/Applications/M...')
#9 /Applications/MAMP/htdocs/web-blog/system/View/View.php(222): CodeIgniter\View\View->CodeIgniter\View\{closure}()
#10 /Applications/MAMP/htdocs/web-blog/system/View/View.php(236): CodeIgniter\View\View->render('templates/index', Array, true)
#11 /Applications/MAMP/htdocs/web-blog/system/Common.php(1217): CodeIgniter\View\View->render('admin/profil/in...', Array, true)
#12 /Applications/MAMP/htdocs/web-blog/app/Controllers/Admin.php(36): view('admin/profil/in...', Array)
#13 /Applications/MAMP/htdocs/web-blog/system/CodeIgniter.php(936): App\Controllers\Admin->profil()
#14 /Applications/MAMP/htdocs/web-blog/system/CodeIgniter.php(432): CodeIgniter\CodeIgniter->runController(Object(App\Controllers\Admin))
#15 /Applications/MAMP/htdocs/web-blog/system/CodeIgniter.php(333): CodeIgniter\CodeIgniter->handleRequest(NULL, Object(Config\Cache), false)
#16 /Applications/MAMP/htdocs/web-blog/public/index.php(44): CodeIgniter\CodeIgniter->run()
#17 /Applications/MAMP/htdocs/web-blog/system/Commands/Server/rewrite.php(45): require_once('/Applications/M...')
#18 {main}
CRITICAL - 2021-05-15 18:31:18 --> Undefined property: App\Controllers\Admin::$db
#0 /Applications/MAMP/htdocs/web-blog/app/Controllers/Admin.php(41): CodeIgniter\Debug\Exceptions->errorHandler(8, 'Undefined prope...', '/Applications/M...', 41, Array)
#1 /Applications/MAMP/htdocs/web-blog/system/CodeIgniter.php(936): App\Controllers\Admin->update('profil')
#2 /Applications/MAMP/htdocs/web-blog/system/CodeIgniter.php(432): CodeIgniter\CodeIgniter->runController(Object(App\Controllers\Admin))
#3 /Applications/MAMP/htdocs/web-blog/system/CodeIgniter.php(333): CodeIgniter\CodeIgniter->handleRequest(NULL, Object(Config\Cache), false)
#4 /Applications/MAMP/htdocs/web-blog/public/index.php(44): CodeIgniter\CodeIgniter->run()
#5 /Applications/MAMP/htdocs/web-blog/system/Commands/Server/rewrite.php(45): require_once('/Applications/M...')
#6 {main}
ERROR - 2021-05-15 18:31:51 --> mysqli_sql_exception: Unknown column 'profil' in 'where clause' in /Applications/MAMP/htdocs/web-blog/system/Database/MySQLi/Connection.php:314
Stack trace:
#0 /Applications/MAMP/htdocs/web-blog/system/Database/MySQLi/Connection.php(314): mysqli->query('SELECT * FROM p...')
#1 /Applications/MAMP/htdocs/web-blog/system/Database/BaseConnection.php(713): CodeIgniter\Database\MySQLi\Connection->execute('SELECT * FROM p...')
#2 /Applications/MAMP/htdocs/web-blog/system/Database/BaseConnection.php(641): CodeIgniter\Database\BaseConnection->simpleQuery('SELECT * FROM p...')
#3 /Applications/MAMP/htdocs/web-blog/app/Controllers/Admin.php(42): CodeIgniter\Database\BaseConnection->query('SELECT * FROM p...')
#4 /Applications/MAMP/htdocs/web-blog/system/CodeIgniter.php(936): App\Controllers\Admin->update('profil')
#5 /Applications/MAMP/htdocs/web-blog/system/CodeIgniter.php(432): CodeIgniter\CodeIgniter->runController(Object(App\Controllers\Admin))
#6 /Applications/MAMP/htdocs/web-blog/system/CodeIgniter.php(333): CodeIgniter\CodeIgniter->handleRequest(NULL, Object(Config\Cache), false)
#7 /Applications/MAMP/htdocs/web-blog/public/index.php(44): CodeIgniter\CodeIgniter->run()
#8 /Applications/MAMP/htdocs/web-blog/system/Commands/Server/rewrite.php(45): require_once('/Applications/M...')
#9 {main}
CRITICAL - 2021-05-15 18:31:51 --> Unknown column 'profil' in 'where clause'
#0 /Applications/MAMP/htdocs/web-blog/system/Database/MySQLi/Connection.php(314): mysqli->query('SELECT * FROM p...')
#1 /Applications/MAMP/htdocs/web-blog/system/Database/BaseConnection.php(713): CodeIgniter\Database\MySQLi\Connection->execute('SELECT * FROM p...')
#2 /Applications/MAMP/htdocs/web-blog/system/Database/BaseConnection.php(641): CodeIgniter\Database\BaseConnection->simpleQuery('SELECT * FROM p...')
#3 /Applications/MAMP/htdocs/web-blog/app/Controllers/Admin.php(42): CodeIgniter\Database\BaseConnection->query('SELECT * FROM p...')
#4 /Applications/MAMP/htdocs/web-blog/system/CodeIgniter.php(936): App\Controllers\Admin->update('profil')
#5 /Applications/MAMP/htdocs/web-blog/system/CodeIgniter.php(432): CodeIgniter\CodeIgniter->runController(Object(App\Controllers\Admin))
#6 /Applications/MAMP/htdocs/web-blog/system/CodeIgniter.php(333): CodeIgniter\CodeIgniter->handleRequest(NULL, Object(Config\Cache), false)
#7 /Applications/MAMP/htdocs/web-blog/public/index.php(44): CodeIgniter\CodeIgniter->run()
#8 /Applications/MAMP/htdocs/web-blog/system/Commands/Server/rewrite.php(45): require_once('/Applications/M...')
#9 {main}
ERROR - 2021-05-15 18:33:36 --> mysqli_sql_exception: Unknown column 'profil' in 'where clause' in /Applications/MAMP/htdocs/web-blog/system/Database/MySQLi/Connection.php:314
Stack trace:
#0 /Applications/MAMP/htdocs/web-blog/system/Database/MySQLi/Connection.php(314): mysqli->query('SELECT * FROM p...')
#1 /Applications/MAMP/htdocs/web-blog/system/Database/BaseConnection.php(713): CodeIgniter\Database\MySQLi\Connection->execute('SELECT * FROM p...')
#2 /Applications/MAMP/htdocs/web-blog/system/Database/BaseConnection.php(641): CodeIgniter\Database\BaseConnection->simpleQuery('SELECT * FROM p...')
#3 /Applications/MAMP/htdocs/web-blog/app/Controllers/Admin.php(42): CodeIgniter\Database\BaseConnection->query('SELECT * FROM p...')
#4 /Applications/MAMP/htdocs/web-blog/system/CodeIgniter.php(936): App\Controllers\Admin->update('profil')
#5 /Applications/MAMP/htdocs/web-blog/system/CodeIgniter.php(432): CodeIgniter\CodeIgniter->runController(Object(App\Controllers\Admin))
#6 /Applications/MAMP/htdocs/web-blog/system/CodeIgniter.php(333): CodeIgniter\CodeIgniter->handleRequest(NULL, Object(Config\Cache), false)
#7 /Applications/MAMP/htdocs/web-blog/public/index.php(44): CodeIgniter\CodeIgniter->run()
#8 /Applications/MAMP/htdocs/web-blog/system/Commands/Server/rewrite.php(45): require_once('/Applications/M...')
#9 {main}
CRITICAL - 2021-05-15 18:33:36 --> Unknown column 'profil' in 'where clause'
#0 /Applications/MAMP/htdocs/web-blog/system/Database/MySQLi/Connection.php(314): mysqli->query('SELECT * FROM p...')
#1 /Applications/MAMP/htdocs/web-blog/system/Database/BaseConnection.php(713): CodeIgniter\Database\MySQLi\Connection->execute('SELECT * FROM p...')
#2 /Applications/MAMP/htdocs/web-blog/system/Database/BaseConnection.php(641): CodeIgniter\Database\BaseConnection->simpleQuery('SELECT * FROM p...')
#3 /Applications/MAMP/htdocs/web-blog/app/Controllers/Admin.php(42): CodeIgniter\Database\BaseConnection->query('SELECT * FROM p...')
#4 /Applications/MAMP/htdocs/web-blog/system/CodeIgniter.php(936): App\Controllers\Admin->update('profil')
#5 /Applications/MAMP/htdocs/web-blog/system/CodeIgniter.php(432): CodeIgniter\CodeIgniter->runController(Object(App\Controllers\Admin))
#6 /Applications/MAMP/htdocs/web-blog/system/CodeIgniter.php(333): CodeIgniter\CodeIgniter->handleRequest(NULL, Object(Config\Cache), false)
#7 /Applications/MAMP/htdocs/web-blog/public/index.php(44): CodeIgniter\CodeIgniter->run()
#8 /Applications/MAMP/htdocs/web-blog/system/Commands/Server/rewrite.php(45): require_once('/Applications/M...')
#9 {main}
ERROR - 2021-05-15 18:33:38 --> mysqli_sql_exception: Unknown column 'profil' in 'where clause' in /Applications/MAMP/htdocs/web-blog/system/Database/MySQLi/Connection.php:314
Stack trace:
#0 /Applications/MAMP/htdocs/web-blog/system/Database/MySQLi/Connection.php(314): mysqli->query('SELECT * FROM p...')
#1 /Applications/MAMP/htdocs/web-blog/system/Database/BaseConnection.php(713): CodeIgniter\Database\MySQLi\Connection->execute('SELECT * FROM p...')
#2 /Applications/MAMP/htdocs/web-blog/system/Database/BaseConnection.php(641): CodeIgniter\Database\BaseConnection->simpleQuery('SELECT * FROM p...')
#3 /Applications/MAMP/htdocs/web-blog/app/Controllers/Admin.php(42): CodeIgniter\Database\BaseConnection->query('SELECT * FROM p...')
#4 /Applications/MAMP/htdocs/web-blog/system/CodeIgniter.php(936): App\Controllers\Admin->update('profil')
#5 /Applications/MAMP/htdocs/web-blog/system/CodeIgniter.php(432): CodeIgniter\CodeIgniter->runController(Object(App\Controllers\Admin))
#6 /Applications/MAMP/htdocs/web-blog/system/CodeIgniter.php(333): CodeIgniter\CodeIgniter->handleRequest(NULL, Object(Config\Cache), false)
#7 /Applications/MAMP/htdocs/web-blog/public/index.php(44): CodeIgniter\CodeIgniter->run()
#8 /Applications/MAMP/htdocs/web-blog/system/Commands/Server/rewrite.php(45): require_once('/Applications/M...')
#9 {main}
CRITICAL - 2021-05-15 18:33:38 --> Unknown column 'profil' in 'where clause'
#0 /Applications/MAMP/htdocs/web-blog/system/Database/MySQLi/Connection.php(314): mysqli->query('SELECT * FROM p...')
#1 /Applications/MAMP/htdocs/web-blog/system/Database/BaseConnection.php(713): CodeIgniter\Database\MySQLi\Connection->execute('SELECT * FROM p...')
#2 /Applications/MAMP/htdocs/web-blog/system/Database/BaseConnection.php(641): CodeIgniter\Database\BaseConnection->simpleQuery('SELECT * FROM p...')
#3 /Applications/MAMP/htdocs/web-blog/app/Controllers/Admin.php(42): CodeIgniter\Database\BaseConnection->query('SELECT * FROM p...')
#4 /Applications/MAMP/htdocs/web-blog/system/CodeIgniter.php(936): App\Controllers\Admin->update('profil')
#5 /Applications/MAMP/htdocs/web-blog/system/CodeIgniter.php(432): CodeIgniter\CodeIgniter->runController(Object(App\Controllers\Admin))
#6 /Applications/MAMP/htdocs/web-blog/system/CodeIgniter.php(333): CodeIgniter\CodeIgniter->handleRequest(NULL, Object(Config\Cache), false)
#7 /Applications/MAMP/htdocs/web-blog/public/index.php(44): CodeIgniter\CodeIgniter->run()
#8 /Applications/MAMP/htdocs/web-blog/system/Commands/Server/rewrite.php(45): require_once('/Applications/M...')
#9 {main}
CRITICAL - 2021-05-15 18:35:09 --> Argument 1 passed to CodeIgniter\Database\BaseResult::getRowArray() must be of the type int, null given, called in /Applications/MAMP/htdocs/web-blog/app/Controllers/Admin.php on line 42
#0 /Applications/MAMP/htdocs/web-blog/app/Controllers/Admin.php(42): CodeIgniter\Database\BaseResult->getRowArray(NULL)
#1 /Applications/MAMP/htdocs/web-blog/system/CodeIgniter.php(936): App\Controllers\Admin->update('1')
#2 /Applications/MAMP/htdocs/web-blog/system/CodeIgniter.php(432): CodeIgniter\CodeIgniter->runController(Object(App\Controllers\Admin))
#3 /Applications/MAMP/htdocs/web-blog/system/CodeIgniter.php(333): CodeIgniter\CodeIgniter->handleRequest(NULL, Object(Config\Cache), false)
#4 /Applications/MAMP/htdocs/web-blog/public/index.php(44): CodeIgniter\CodeIgniter->run()
#5 /Applications/MAMP/htdocs/web-blog/system/Commands/Server/rewrite.php(45): require_once('/Applications/M...')
#6 {main}
CRITICAL - 2021-05-15 18:36:40 --> Argument 1 passed to CodeIgniter\Database\BaseResult::getRowArray() must be of the type int, null given, called in /Applications/MAMP/htdocs/web-blog/app/Controllers/Admin.php on line 42
#0 /Applications/MAMP/htdocs/web-blog/app/Controllers/Admin.php(42): CodeIgniter\Database\BaseResult->getRowArray(NULL)
#1 /Applications/MAMP/htdocs/web-blog/system/CodeIgniter.php(936): App\Controllers\Admin->update('1')
#2 /Applications/MAMP/htdocs/web-blog/system/CodeIgniter.php(432): CodeIgniter\CodeIgniter->runController(Object(App\Controllers\Admin))
#3 /Applications/MAMP/htdocs/web-blog/system/CodeIgniter.php(333): CodeIgniter\CodeIgniter->handleRequest(NULL, Object(Config\Cache), false)
#4 /Applications/MAMP/htdocs/web-blog/public/index.php(44): CodeIgniter\CodeIgniter->run()
#5 /Applications/MAMP/htdocs/web-blog/system/Commands/Server/rewrite.php(45): require_once('/Applications/M...')
#6 {main}
CRITICAL - 2021-05-15 18:36:42 --> Argument 1 passed to CodeIgniter\Database\BaseResult::getRowArray() must be of the type int, null given, called in /Applications/MAMP/htdocs/web-blog/app/Controllers/Admin.php on line 42
#0 /Applications/MAMP/htdocs/web-blog/app/Controllers/Admin.php(42): CodeIgniter\Database\BaseResult->getRowArray(NULL)
#1 /Applications/MAMP/htdocs/web-blog/system/CodeIgniter.php(936): App\Controllers\Admin->update('1')
#2 /Applications/MAMP/htdocs/web-blog/system/CodeIgniter.php(432): CodeIgniter\CodeIgniter->runController(Object(App\Controllers\Admin))
#3 /Applications/MAMP/htdocs/web-blog/system/CodeIgniter.php(333): CodeIgniter\CodeIgniter->handleRequest(NULL, Object(Config\Cache), false)
#4 /Applications/MAMP/htdocs/web-blog/public/index.php(44): CodeIgniter\CodeIgniter->run()
#5 /Applications/MAMP/htdocs/web-blog/system/Commands/Server/rewrite.php(45): require_once('/Applications/M...')
#6 {main}
CRITICAL - 2021-05-15 18:44:13 --> Undefined index: blog_name
#0 /Applications/MAMP/htdocs/web-blog/app/Controllers/Admin.php(43): CodeIgniter\Debug\Exceptions->errorHandler(8, 'Undefined index...', '/Applications/M...', 43, Array)
#1 /Applications/MAMP/htdocs/web-blog/system/CodeIgniter.php(936): App\Controllers\Admin->update('profil')
#2 /Applications/MAMP/htdocs/web-blog/system/CodeIgniter.php(432): CodeIgniter\CodeIgniter->runController(Object(App\Controllers\Admin))
#3 /Applications/MAMP/htdocs/web-blog/system/CodeIgniter.php(333): CodeIgniter\CodeIgniter->handleRequest(NULL, Object(Config\Cache), false)
#4 /Applications/MAMP/htdocs/web-blog/public/index.php(44): CodeIgniter\CodeIgniter->run()
#5 /Applications/MAMP/htdocs/web-blog/system/Commands/Server/rewrite.php(45): require_once('/Applications/M...')
#6 {main}
CRITICAL - 2021-05-15 18:58:44 --> Trying to get property 'id' of non-object
#0 /Applications/MAMP/htdocs/web-blog/app/Views/admin/profil/index.php(37): CodeIgniter\Debug\Exceptions->errorHandler(8, 'Trying to get p...', '/Applications/M...', 37, Array)
#1 /Applications/MAMP/htdocs/web-blog/system/View/View.php(220): include('/Applications/M...')
#2 /Applications/MAMP/htdocs/web-blog/system/View/View.php(222): CodeIgniter\View\View->CodeIgniter\View\{closure}()
#3 /Applications/MAMP/htdocs/web-blog/system/Common.php(1217): CodeIgniter\View\View->render('admin/profil/in...', Array, true)
#4 /Applications/MAMP/htdocs/web-blog/app/Controllers/Admin.php(37): view('admin/profil/in...', Array)
#5 /Applications/MAMP/htdocs/web-blog/system/CodeIgniter.php(936): App\Controllers\Admin->profil()
#6 /Applications/MAMP/htdocs/web-blog/system/CodeIgniter.php(432): CodeIgniter\CodeIgniter->runController(Object(App\Controllers\Admin))
#7 /Applications/MAMP/htdocs/web-blog/system/CodeIgniter.php(333): CodeIgniter\CodeIgniter->handleRequest(NULL, Object(Config\Cache), false)
#8 /Applications/MAMP/htdocs/web-blog/public/index.php(44): CodeIgniter\CodeIgniter->run()
#9 /Applications/MAMP/htdocs/web-blog/system/Commands/Server/rewrite.php(45): require_once('/Applications/M...')
#10 {main}
CRITICAL - 2021-05-15 18:59:12 --> Trying to get property 'id' of non-object
#0 /Applications/MAMP/htdocs/web-blog/app/Views/admin/profil/index.php(37): CodeIgniter\Debug\Exceptions->errorHandler(8, 'Trying to get p...', '/Applications/M...', 37, Array)
#1 /Applications/MAMP/htdocs/web-blog/system/View/View.php(220): include('/Applications/M...')
#2 /Applications/MAMP/htdocs/web-blog/system/View/View.php(222): CodeIgniter\View\View->CodeIgniter\View\{closure}()
#3 /Applications/MAMP/htdocs/web-blog/system/Common.php(1217): CodeIgniter\View\View->render('admin/profil/in...', Array, true)
#4 /Applications/MAMP/htdocs/web-blog/app/Controllers/Admin.php(37): view('admin/profil/in...', Array)
#5 /Applications/MAMP/htdocs/web-blog/system/CodeIgniter.php(936): App\Controllers\Admin->profil()
#6 /Applications/MAMP/htdocs/web-blog/system/CodeIgniter.php(432): CodeIgniter\CodeIgniter->runController(Object(App\Controllers\Admin))
#7 /Applications/MAMP/htdocs/web-blog/system/CodeIgniter.php(333): CodeIgniter\CodeIgniter->handleRequest(NULL, Object(Config\Cache), false)
#8 /Applications/MAMP/htdocs/web-blog/public/index.php(44): CodeIgniter\CodeIgniter->run()
#9 /Applications/MAMP/htdocs/web-blog/system/Commands/Server/rewrite.php(45): require_once('/Applications/M...')
#10 {main}
CRITICAL - 2021-05-15 19:11:05 --> syntax error, unexpected '}', expecting end of file
#0 /Applications/MAMP/htdocs/web-blog/system/Autoloader/Autoloader.php(265): CodeIgniter\Autoloader\Autoloader->includeFile('/Applications/M...')
#1 /Applications/MAMP/htdocs/web-blog/system/Autoloader/Autoloader.php(228): CodeIgniter\Autoloader\Autoloader->loadInNamespace('App\\Controllers...')
#2 [internal function]: CodeIgniter\Autoloader\Autoloader->loadClass('App\\Controllers...')
#3 [internal function]: spl_autoload_call('App\\Controllers...')
#4 /Applications/MAMP/htdocs/web-blog/system/CodeIgniter.php(893): class_exists('\\App\\Controller...', true)
#5 /Applications/MAMP/htdocs/web-blog/system/CodeIgniter.php(417): CodeIgniter\CodeIgniter->startController()
#6 /Applications/MAMP/htdocs/web-blog/system/CodeIgniter.php(333): CodeIgniter\CodeIgniter->handleRequest(NULL, Object(Config\Cache), false)
#7 /Applications/MAMP/htdocs/web-blog/public/index.php(44): CodeIgniter\CodeIgniter->run()
#8 /Applications/MAMP/htdocs/web-blog/system/Commands/Server/rewrite.php(45): require_once('/Applications/M...')
#9 {main}
CRITICAL - 2021-05-15 19:11:07 --> syntax error, unexpected '}', expecting end of file
#0 /Applications/MAMP/htdocs/web-blog/system/Autoloader/Autoloader.php(265): CodeIgniter\Autoloader\Autoloader->includeFile('/Applications/M...')
#1 /Applications/MAMP/htdocs/web-blog/system/Autoloader/Autoloader.php(228): CodeIgniter\Autoloader\Autoloader->loadInNamespace('App\\Controllers...')
#2 [internal function]: CodeIgniter\Autoloader\Autoloader->loadClass('App\\Controllers...')
#3 [internal function]: spl_autoload_call('App\\Controllers...')
#4 /Applications/MAMP/htdocs/web-blog/system/CodeIgniter.php(893): class_exists('\\App\\Controller...', true)
#5 /Applications/MAMP/htdocs/web-blog/system/CodeIgniter.php(417): CodeIgniter\CodeIgniter->startController()
#6 /Applications/MAMP/htdocs/web-blog/system/CodeIgniter.php(333): CodeIgniter\CodeIgniter->handleRequest(NULL, Object(Config\Cache), false)
#7 /Applications/MAMP/htdocs/web-blog/public/index.php(44): CodeIgniter\CodeIgniter->run()
#8 /Applications/MAMP/htdocs/web-blog/system/Commands/Server/rewrite.php(45): require_once('/Applications/M...')
#9 {main}
CRITICAL - 2021-05-15 19:18:11 --> Undefined variable: validation
#0 /Applications/MAMP/htdocs/web-blog/app/Views/admin/profil/index.php(39): CodeIgniter\Debug\Exceptions->errorHandler(8, 'Undefined varia...', '/Applications/M...', 39, Array)
#1 /Applications/MAMP/htdocs/web-blog/system/View/View.php(220): include('/Applications/M...')
#2 /Applications/MAMP/htdocs/web-blog/system/View/View.php(222): CodeIgniter\View\View->CodeIgniter\View\{closure}()
#3 /Applications/MAMP/htdocs/web-blog/system/Common.php(1217): CodeIgniter\View\View->render('admin/profil/in...', Array, true)
#4 /Applications/MAMP/htdocs/web-blog/app/Controllers/Profil.php(25): view('admin/profil/in...', Array)
#5 /Applications/MAMP/htdocs/web-blog/system/CodeIgniter.php(936): App\Controllers\Profil->index()
#6 /Applications/MAMP/htdocs/web-blog/system/CodeIgniter.php(432): CodeIgniter\CodeIgniter->runController(Object(App\Controllers\Profil))
#7 /Applications/MAMP/htdocs/web-blog/system/CodeIgniter.php(333): CodeIgniter\CodeIgniter->handleRequest(NULL, Object(Config\Cache), false)
#8 /Applications/MAMP/htdocs/web-blog/public/index.php(44): CodeIgniter\CodeIgniter->run()
#9 /Applications/MAMP/htdocs/web-blog/system/Commands/Server/rewrite.php(45): require_once('/Applications/M...')
#10 {main}
CRITICAL - 2021-05-15 19:20:07 --> Undefined index: blog_name
#0 /Applications/MAMP/htdocs/web-blog/app/Controllers/Profil.php(34): CodeIgniter\Debug\Exceptions->errorHandler(8, 'Undefined index...', '/Applications/M...', 34, Array)
#1 /Applications/MAMP/htdocs/web-blog/system/CodeIgniter.php(936): App\Controllers\Profil->updateprofil('admin', 'profil', 'index1')
#2 /Applications/MAMP/htdocs/web-blog/system/CodeIgniter.php(432): CodeIgniter\CodeIgniter->runController(Object(App\Controllers\Profil))
#3 /Applications/MAMP/htdocs/web-blog/system/CodeIgniter.php(333): CodeIgniter\CodeIgniter->handleRequest(NULL, Object(Config\Cache), false)
#4 /Applications/MAMP/htdocs/web-blog/public/index.php(44): CodeIgniter\CodeIgniter->run()
#5 /Applications/MAMP/htdocs/web-blog/system/Commands/Server/rewrite.php(45): require_once('/Applications/M...')
#6 {main}
CRITICAL - 2021-05-15 19:20:22 --> Undefined index: blog_name
#0 /Applications/MAMP/htdocs/web-blog/app/Controllers/Profil.php(34): CodeIgniter\Debug\Exceptions->errorHandler(8, 'Undefined index...', '/Applications/M...', 34, Array)
#1 /Applications/MAMP/htdocs/web-blog/system/CodeIgniter.php(936): App\Controllers\Profil->updateprofil('admin', 'profil', 'index1')
#2 /Applications/MAMP/htdocs/web-blog/system/CodeIgniter.php(432): CodeIgniter\CodeIgniter->runController(Object(App\Controllers\Profil))
#3 /Applications/MAMP/htdocs/web-blog/system/CodeIgniter.php(333): CodeIgniter\CodeIgniter->handleRequest(NULL, Object(Config\Cache), false)
#4 /Applications/MAMP/htdocs/web-blog/public/index.php(44): CodeIgniter\CodeIgniter->run()
#5 /Applications/MAMP/htdocs/web-blog/system/Commands/Server/rewrite.php(45): require_once('/Applications/M...')
#6 {main}
CRITICAL - 2021-05-15 19:20:39 --> Undefined index: blog_name
#0 /Applications/MAMP/htdocs/web-blog/app/Controllers/Profil.php(34): CodeIgniter\Debug\Exceptions->errorHandler(8, 'Undefined index...', '/Applications/M...', 34, Array)
#1 /Applications/MAMP/htdocs/web-blog/system/CodeIgniter.php(936): App\Controllers\Profil->updateprofil('admin', 'profil', 'index1')
#2 /Applications/MAMP/htdocs/web-blog/system/CodeIgniter.php(432): CodeIgniter\CodeIgniter->runController(Object(App\Controllers\Profil))
#3 /Applications/MAMP/htdocs/web-blog/system/CodeIgniter.php(333): CodeIgniter\CodeIgniter->handleRequest(NULL, Object(Config\Cache), false)
#4 /Applications/MAMP/htdocs/web-blog/public/index.php(44): CodeIgniter\CodeIgniter->run()
#5 /Applications/MAMP/htdocs/web-blog/system/Commands/Server/rewrite.php(45): require_once('/Applications/M...')
#6 {main}
CRITICAL - 2021-05-15 19:21:56 --> Undefined index: blog_name
#0 /Applications/MAMP/htdocs/web-blog/app/Controllers/Profil.php(34): CodeIgniter\Debug\Exceptions->errorHandler(8, 'Undefined index...', '/Applications/M...', 34, Array)
#1 /Applications/MAMP/htdocs/web-blog/system/CodeIgniter.php(936): App\Controllers\Profil->updateprofil('admin', 'profil', 'index1')
#2 /Applications/MAMP/htdocs/web-blog/system/CodeIgniter.php(432): CodeIgniter\CodeIgniter->runController(Object(App\Controllers\Profil))
#3 /Applications/MAMP/htdocs/web-blog/system/CodeIgniter.php(333): CodeIgniter\CodeIgniter->handleRequest(NULL, Object(Config\Cache), false)
#4 /Applications/MAMP/htdocs/web-blog/public/index.php(44): CodeIgniter\CodeIgniter->run()
#5 /Applications/MAMP/htdocs/web-blog/system/Commands/Server/rewrite.php(45): require_once('/Applications/M...')
#6 {main}
CRITICAL - 2021-05-15 23:41:55 --> Undefined index: blog_name
#0 /Applications/MAMP/htdocs/web-blog/app/Controllers/Profil.php(34): CodeIgniter\Debug\Exceptions->errorHandler(8, 'Undefined index...', '/Applications/M...', 34, Array)
#1 /Applications/MAMP/htdocs/web-blog/system/CodeIgniter.php(936): App\Controllers\Profil->update('1')
#2 /Applications/MAMP/htdocs/web-blog/system/CodeIgniter.php(432): CodeIgniter\CodeIgniter->runController(Object(App\Controllers\Profil))
#3 /Applications/MAMP/htdocs/web-blog/system/CodeIgniter.php(333): CodeIgniter\CodeIgniter->handleRequest(NULL, Object(Config\Cache), false)
#4 /Applications/MAMP/htdocs/web-blog/public/index.php(44): CodeIgniter\CodeIgniter->run()
#5 /Applications/MAMP/htdocs/web-blog/system/Commands/Server/rewrite.php(45): require_once('/Applications/M...')
#6 {main}
CRITICAL - 2021-05-15 23:42:46 --> Undefined index: blog_name
#0 /Applications/MAMP/htdocs/web-blog/app/Controllers/Profil.php(34): CodeIgniter\Debug\Exceptions->errorHandler(8, 'Undefined index...', '/Applications/M...', 34, Array)
#1 /Applications/MAMP/htdocs/web-blog/system/CodeIgniter.php(936): App\Controllers\Profil->update('1')
#2 /Applications/MAMP/htdocs/web-blog/system/CodeIgniter.php(432): CodeIgniter\CodeIgniter->runController(Object(App\Controllers\Profil))
#3 /Applications/MAMP/htdocs/web-blog/system/CodeIgniter.php(333): CodeIgniter\CodeIgniter->handleRequest(NULL, Object(Config\Cache), false)
#4 /Applications/MAMP/htdocs/web-blog/public/index.php(44): CodeIgniter\CodeIgniter->run()
#5 /Applications/MAMP/htdocs/web-blog/system/Commands/Server/rewrite.php(45): require_once('/Applications/M...')
#6 {main}
CRITICAL - 2021-05-15 23:42:52 --> Undefined index: blog_name
#0 /Applications/MAMP/htdocs/web-blog/app/Controllers/Profil.php(34): CodeIgniter\Debug\Exceptions->errorHandler(8, 'Undefined index...', '/Applications/M...', 34, Array)
#1 /Applications/MAMP/htdocs/web-blog/system/CodeIgniter.php(936): App\Controllers\Profil->update('1')
#2 /Applications/MAMP/htdocs/web-blog/system/CodeIgniter.php(432): CodeIgniter\CodeIgniter->runController(Object(App\Controllers\Profil))
#3 /Applications/MAMP/htdocs/web-blog/system/CodeIgniter.php(333): CodeIgniter\CodeIgniter->handleRequest(NULL, Object(Config\Cache), false)
#4 /Applications/MAMP/htdocs/web-blog/public/index.php(44): CodeIgniter\CodeIgniter->run()
#5 /Applications/MAMP/htdocs/web-blog/system/Commands/Server/rewrite.php(45): require_once('/Applications/M...')
#6 {main}
CRITICAL - 2021-05-15 23:51:19 --> Undefined variable: profil
#0 /Applications/MAMP/htdocs/web-blog/app/Views/templates/sidebar.php(9): CodeIgniter\Debug\Exceptions->errorHandler(8, 'Undefined varia...', '/Applications/M...', 9, Array)
#1 /Applications/MAMP/htdocs/web-blog/system/View/View.php(220): include('/Applications/M...')
#2 /Applications/MAMP/htdocs/web-blog/system/View/View.php(222): CodeIgniter\View\View->CodeIgniter\View\{closure}()
#3 /Applications/MAMP/htdocs/web-blog/system/View/View.php(468): CodeIgniter\View\View->render('templates/sideb...', NULL, true)
#4 /Applications/MAMP/htdocs/web-blog/app/Views/templates/index.php(29): CodeIgniter\View\View->include('templates/sideb...')
#5 /Applications/MAMP/htdocs/web-blog/system/View/View.php(220): include('/Applications/M...')
#6 /Applications/MAMP/htdocs/web-blog/system/View/View.php(222): CodeIgniter\View\View->CodeIgniter\View\{closure}()
#7 /Applications/MAMP/htdocs/web-blog/system/View/View.php(236): CodeIgniter\View\View->render('templates/index', Array, true)
#8 /Applications/MAMP/htdocs/web-blog/system/Common.php(1217): CodeIgniter\View\View->render('admin/dashboard...', Array, true)
#9 /Applications/MAMP/htdocs/web-blog/app/Controllers/Admin.php(24): view('admin/dashboard...', Array)
#10 /Applications/MAMP/htdocs/web-blog/system/CodeIgniter.php(936): App\Controllers\Admin->index()
#11 /Applications/MAMP/htdocs/web-blog/system/CodeIgniter.php(432): CodeIgniter\CodeIgniter->runController(Object(App\Controllers\Admin))
#12 /Applications/MAMP/htdocs/web-blog/system/CodeIgniter.php(333): CodeIgniter\CodeIgniter->handleRequest(NULL, Object(Config\Cache), false)
#13 /Applications/MAMP/htdocs/web-blog/public/index.php(44): CodeIgniter\CodeIgniter->run()
#14 /Applications/MAMP/htdocs/web-blog/system/Commands/Server/rewrite.php(45): require_once('/Applications/M...')
#15 {main}
